
<!DOCTYPE html>
<html>
<head>
<!--
ExtentReports Library 2.41.0 | http://relevantcodes.com/extentreports-for-selenium/ | https://github.com/anshooarora/
Copyright (c) 2015, Anshoo Arora (Relevant Codes) | Copyrights licensed under the New BSD License | http://opensource.org/licenses/BSD-3-Clause
Documentation: http://extentreports.relevantcodes.com 
-->

<meta charset='UTF-8' /> 
<meta name='description' content='ExtentReports (by Anshoo Arora) is a reporting library for automation testing for .NET and Java. It creates detailed and beautiful HTML reports for modern browsers. ExtentReports shows test and step summary along with dashboards, system and environment details for quick analysis of your tests.' />
<meta name='robots' content='noodp, noydir' />
<meta name='viewport' content='width=device-width, initial-scale=1' />
<meta name='extentx' id='extentx' content='' />

<title>
TestReports
</title>


<link href='https://fonts.googleapis.com/css?family=Source+Sans+Pro:400,600' rel='stylesheet' type='text/css'>
<link href='https://cdn.rawgit.com/anshooarora/extentreports/97fc3fe7f55cba86a4f5b6ff9a2bb80de3e4867c/cdn/extent.css' type='text/css' rel='stylesheet' />

<style>

      
    

      
    
</style>
</head>


<body class='extent standard hide-overflow'>
<!-- nav -->
<nav>
<div class='logo-container'>
<a class='logo-content' href='http://extentreports.relevantcodes.com'>
<span>ExtentReports</span>
</a>
<a href='#' data-activates='slide-out' class='button-collapse hide-on-large-only'><i class='mdi-navigation-apps'></i></a>
</div>
<ul id='slide-out' class='side-nav fixed hide-on-med-and-down'>
<li class='analysis waves-effect active'><a href='#!' class='test-view' onclick="_updateCurrentStage(0)"><i class='mdi-action-dashboard'></i>Test Details</a></li>
<li class='analysis waves-effect'><a href='#!' class='dashboard-view'><i class='mdi-action-track-changes'></i></i>Analysis</a></li>
</ul>
<span class='report-name'>SRDM</span> <span class='report-headline'></span>
<ul class='right hide-on-med-and-down nav-right'>
<li class='theme-selector' alt='Click to toggle dark theme. To enable by default, use js configuration $("body").addClass("dark");' title='Click to toggle dark theme. To enable by default, use js configuration $("body").addClass("dark");'>
<i class='mdi-hardware-desktop-windows'></i>
</li>
<li>
<span class='suite-started-time'>2021-05-29 20:19:12</span>
</li>
<li>
<span>v2.41.0</span>
</li>
</ul>
</nav>
<!-- /nav -->

<!-- container -->
<div class='container'>

<!-- dashboard -->
<div id='dashboard-view' class='row'>
<div class='time-totals'>
<div class='col l2 m4 s6'>
<div class='card suite-total-tests'> 
<span class='panel-name'>Total Tests</span> 
<span class='total-tests'> <span class='panel-lead'></span> </span> 
</div> 
</div>
<div class='col l2 m4 s6'>
<div class='card suite-total-steps'> 
<span class='panel-name'>Total Steps</span> 
<span class='total-steps'> <span class='panel-lead'></span> </span> 
</div> 
</div>
<div class='col l2 m4 s12'>
<div class='card suite-total-time-current'> 
<span class='panel-name'>Total Time Taken (Current Run)</span> 
<span class='suite-total-time-current-value panel-lead'>0h 4m 5s+193ms</span> 
</div> 
</div>
<div class='col l2 m4 s12'>
<div class='card suite-total-time-overall'> 
<span class='panel-name'>Total Time Taken (Overall)</span> 
<span class='suite-total-time-overall-value panel-lead'>0h 4m 5s+193ms</span> 
</div> 
</div>
<div class='col l2 m4 s6 suite-start-time'>
<div class='card accent green-accent'> 
<span class='panel-name'>Start</span> 
<span class='panel-lead suite-started-time'>2021-05-29 20:15:07</span> 
</div> 
</div>
<div class='col l2 m4 s6 suite-end-time'>
<div class='card accent pink-accent'> 
<span class='panel-name'>End</span> 
<span class='panel-lead suite-ended-time'>2021-05-29 20:19:12</span> 
</div> 
</div>
</div>
<div class='charts'>
<div class='col s12 m6 l4 fh'> 
<div class='card-panel'> 
<div>
<span class='panel-name'>Tests View</span>
</div> 
<div class='panel-setting modal-trigger test-count-setting right'>
<a href='#test-count-setting'><i class='mdi-navigation-more-vert text-md'></i></a>
</div> 
<div class='chart-box'>
<canvas class='text-centered' id='test-analysis'></canvas>
</div> 
<div>
<span class='weight-light'><span class='t-pass-count weight-normal'></span> test(s) passed</span>
</div> 
<div>
<span class='weight-light'><span class='t-fail-count weight-normal'></span> test(s) failed, <span class='t-others-count weight-normal'></span> others</span>
</div> 
</div> 
</div> 
<div class='col s12 m6 l4 fh'> 
<div class='card-panel'> 
<div>
<span class='panel-name'>Steps View</span>
</div> 
<div class='panel-setting modal-trigger step-status-filter right'>
<a href='#step-status-filter'><i class='mdi-navigation-more-vert text-md'></i></a>
</div> 
<div class='chart-box'>
<canvas class='text-centered' id='step-analysis'></canvas>
</div> 
<div>
<span class='weight-light'><span class='s-pass-count weight-normal'></span> step(s) passed </span>
</div> 
<div>
<span class='weight-light'><span class='s-fail-count weight-normal'></span> step(s) failed, <span class='s-others-count weight-normal'></span> others</span>
</div> 
</div> 
</div>
<div class='col s12 m12 l4 fh'> 
<div class='card-panel'> 
<span class='panel-name'>Pass Percentage</span> 
<span class='pass-percentage panel-lead'></span> 
<div class='progress light-blue lighten-3'> 
<div class='determinate light-blue'></div> 
</div> 
</div> 
</div>
</div>
<div class='system-view'>
<div class='col l4 m12 s12'>
<div class='card-panel'>
<span class='label info outline right'>Environment</span>
<table>
<thead>
<tr>
<th>Param</th>
<th>Value</th>
</tr>
</thead>
<tbody>
<tr>
<td>User Name</td>
<td>cpraveenkumar</td>
</tr>
<tr>
<td>OS</td>
<td>Windows 10</td>
</tr>
<tr>
<td>Java Version</td>
<td>1.8.0_281</td>
</tr>
<tr>
<td>Host Name</td>
<td>praveenc-pc</td>
</tr>
<tr>
<td>Environment</td>
<td>TestEnvironment_Windows10_Chrome</td>
</tr>
<tr>
<td>Execution Engineer</td>
<td>Praveen</td>
</tr>
<tr>
<td>Build Number</td>
<td>1.0.0.0</td>
</tr>
</tbody>
</table>
</div>
</div>
</div>
</div>
<!-- /dashboard -->

<!-- tests -->
<div id='test-view' class='row _addedTable'>
<div class='col _addedCell1'>
<div class='contents'>
<div class='card-panel heading'>
<h5>Tests</h5>
</div>
<div class='card-panel filters'>
<div>
<a data-activates='tests-toggle' data-constrainwidth='true' data-beloworigin='true' data-hover='true' href='#' class='dropdown-button button tests-toggle'><i class='mdi-action-subject icon'></i></a>
<ul id='tests-toggle' class='dropdown-content'>
<li class='pass'><a href='#!'>Pass</a></li>
<li class='fail'><a href='#!'>Fail</a></li>
<li class='skip'><a href='#!'>Skip</a></li>
<li class='divider'></li>
<li class='clear'><a href='#!'>Clear Filters</a></li>
</ul>
</div>
<div>
<a id='clear-filters' alt='Clear Filters' title='Clear Filters'><i class='mdi-navigation-close icon'></i></a>
</div>
<div>&nbsp;&middot;&nbsp;</div>
<div>
<a id='enableDashboard' alt='Enable Dashboard' title='Enable Dashboard'><i class='mdi-action-track-changes icon'></i></a>
</div>
<div>
<a id='refreshCharts' alt='Refresh Charts on Filters' title='Refresh Charts on Filters' class='enabled'><i class='mdi-navigation-refresh icon'></i></i></a>
</div>
<div>&nbsp;&middot;</div>
<div class='search' alt='Search Tests' title='Search Tests'>
<div class='input-field left'>
<input id='searchTests' type='text' class='validate' placeholder='Search Tests...'>
</div>
<i class='mdi-action-search icon'></i>
</div>
</div>
<div class='card-panel no-padding-h no-padding-v no-margin-v'>
<div class='wrapper'>
<ul id='test-collection' class='test-collection'>
<li class='collection-item test displayed active pass ' extentid='69de0fa4-5922-481a-81f7-282ed3fc5f06'>
<div class='test-head'>
<span class='test-name'>homePageDisplayed </span>
<span class='test-status label right outline capitalize pass'>pass</span>
<span class='category-assigned hide '></span>
</div>
<div class='test-body'>
<div class='test-info'>
<span title='Test started time' alt='Test started time' class='test-started-time label green lighten-1 text-white'>2021-05-29 20:15:11</span>
<span title='Test ended time' alt='Test ended time' class='test-ended-time label red lighten-1 text-white'>2021-05-29 20:15:14</span>
<span title='Time taken to finish' alt='Time taken to finish' class='test-time-taken label blue-grey lighten-3 text-white'>0h 0m 3s+247ms</span>
</div>
<div class='test-desc'></div>
<div class='test-attributes'>
</div>
<div class='test-steps'>
<table class='bordered table-results'>
<thead>
<tr>
<th>Status</th>
<th>Timestamp</th>
<th>Details</th>
</tr>
</thead>
<tbody>
<tr>
<td class='status pass' title='pass' alt='pass'><i class='mdi-action-check-circle'></i></td>
<td class='timestamp'>20:15:14</td>
<td class='step-details'>TestCase Description : Launching Browser</td>
</tr>
<tr>
<td class='status pass' title='pass' alt='pass'><i class='mdi-action-check-circle'></i></td>
<td class='timestamp'>20:15:14</td>
<td class='step-details'>Test Passed</td>
</tr>
</tbody>
</table>
<ul class='collapsible node-list' data-collapsible='accordion'>
</ul>
</div>
</div>
</li>
<li class='collection-item test displayed active fail ' extentid='04fab46f-3fd1-4694-a573-fad1f85e9a94'>
<div class='test-head'>
<span class='test-name'>verifyAggregationPeriodCalenderISClosed </span>
<span class='test-status label right outline capitalize fail'>fail</span>
<span class='category-assigned hide '></span>
</div>
<div class='test-body'>
<div class='test-info'>
<span title='Test started time' alt='Test started time' class='test-started-time label green lighten-1 text-white'>2021-05-29 20:15:14</span>
<span title='Test ended time' alt='Test ended time' class='test-ended-time label red lighten-1 text-white'>2021-05-29 20:15:47</span>
<span title='Time taken to finish' alt='Time taken to finish' class='test-time-taken label blue-grey lighten-3 text-white'>0h 0m 32s+339ms</span>
</div>
<div class='test-desc'></div>
<div class='test-attributes'>
</div>
<div class='test-steps'>
<table class='bordered table-results'>
<thead>
<tr>
<th>Status</th>
<th>Timestamp</th>
<th>Details</th>
</tr>
</thead>
<tbody>
<tr>
<td class='status fail' title='fail' alt='fail'><i class='mdi-navigation-cancel'></i></td>
<td class='timestamp'>20:15:47</td>
<td class='step-details'>TestCase Description : Verify that calender is closed after selecting the month.</td>
</tr>
<tr>
<td class='status fail' title='fail' alt='fail'><i class='mdi-navigation-cancel'></i></td>
<td class='timestamp'>20:15:47</td>
<td class='step-details'>Test Failed</td>
</tr>
<tr>
<td class='status fail' title='fail' alt='fail'><i class='mdi-navigation-cancel'></i></td>
<td class='timestamp'>20:15:47</td>
<td class='step-details'>Test failed with Exception : org.openqa.selenium.TimeoutException: Expected condition failed: waiting for presence of any elements located by By.xpath: //div[contains(@class,'react-datepicker__month-container')] (tried for 30 second(s) with 500 MILLISECONDS interval)
Build info: version: 'unknown', revision: 'unknown', time: 'unknown'
System info: host: 'PRAVEENC-PC', ip: '172.29.241.99', os.name: 'Windows 10', os.arch: 'amd64', os.version: '10.0', java.version: '1.8.0_281'
Driver info: com.isomorphic.webdriver.SmartClientChromeDriver</td>
</tr>
</tbody>
</table>
<ul class='collapsible node-list' data-collapsible='accordion'>
</ul>
</div>
</div>
</li>
<li class='collection-item test displayed active pass ' extentid='3c388afe-00e9-49dd-86f5-21c416fc8148'>
<div class='test-head'>
<span class='test-name'>verifyAggregationPeriodDatPickerIsDisplayed </span>
<span class='test-status label right outline capitalize pass'>pass</span>
<span class='category-assigned hide '></span>
</div>
<div class='test-body'>
<div class='test-info'>
<span title='Test started time' alt='Test started time' class='test-started-time label green lighten-1 text-white'>2021-05-29 20:15:47</span>
<span title='Test ended time' alt='Test ended time' class='test-ended-time label red lighten-1 text-white'>2021-05-29 20:15:48</span>
<span title='Time taken to finish' alt='Time taken to finish' class='test-time-taken label blue-grey lighten-3 text-white'>0h 0m 0s+908ms</span>
</div>
<div class='test-desc'></div>
<div class='test-attributes'>
</div>
<div class='test-steps'>
<table class='bordered table-results'>
<thead>
<tr>
<th>Status</th>
<th>Timestamp</th>
<th>Details</th>
</tr>
</thead>
<tbody>
<tr>
<td class='status pass' title='pass' alt='pass'><i class='mdi-action-check-circle'></i></td>
<td class='timestamp'>20:15:48</td>
<td class='step-details'>TestCase Description : Verify that date picker is displayed when we click on the date text box</td>
</tr>
<tr>
<td class='status pass' title='pass' alt='pass'><i class='mdi-action-check-circle'></i></td>
<td class='timestamp'>20:15:48</td>
<td class='step-details'>Test Passed</td>
</tr>
</tbody>
</table>
<ul class='collapsible node-list' data-collapsible='accordion'>
</ul>
</div>
</div>
</li>
<li class='collection-item test displayed active fail ' extentid='20015230-bb10-4e9f-af72-93bfe894ce35'>
<div class='test-head'>
<span class='test-name'>verifyAggregationPeriodDateFiledIsNotEditible </span>
<span class='test-status label right outline capitalize fail'>fail</span>
<span class='category-assigned hide '></span>
</div>
<div class='test-body'>
<div class='test-info'>
<span title='Test started time' alt='Test started time' class='test-started-time label green lighten-1 text-white'>2021-05-29 20:15:48</span>
<span title='Test ended time' alt='Test ended time' class='test-ended-time label red lighten-1 text-white'>2021-05-29 20:15:50</span>
<span title='Time taken to finish' alt='Time taken to finish' class='test-time-taken label blue-grey lighten-3 text-white'>0h 0m 2s+624ms</span>
</div>
<div class='test-desc'></div>
<div class='test-attributes'>
</div>
<div class='test-steps'>
<table class='bordered table-results'>
<thead>
<tr>
<th>Status</th>
<th>Timestamp</th>
<th>Details</th>
</tr>
</thead>
<tbody>
<tr>
<td class='status fail' title='fail' alt='fail'><i class='mdi-navigation-cancel'></i></td>
<td class='timestamp'>20:15:50</td>
<td class='step-details'>TestCase Description : Verify that Aggregation Period date field is not editable ( should not be allowed to enter any text).</td>
</tr>
<tr>
<td class='status fail' title='fail' alt='fail'><i class='mdi-navigation-cancel'></i></td>
<td class='timestamp'>20:15:50</td>
<td class='step-details'>Test Failed</td>
</tr>
<tr>
<td class='status fail' title='fail' alt='fail'><i class='mdi-navigation-cancel'></i></td>
<td class='timestamp'>20:15:50</td>
<td class='step-details'>Test failed with Exception : java.lang.AssertionError: expected [] but found [2020-12]</td>
</tr>
</tbody>
</table>
<ul class='collapsible node-list' data-collapsible='accordion'>
</ul>
</div>
</div>
</li>
<li class='collection-item test displayed active pass ' extentid='85a0fcb3-c893-4f62-a018-65469218b1f9'>
<div class='test-head'>
<span class='test-name'>verifyAggregationPeriodDatePickerAprilIsSelected </span>
<span class='test-status label right outline capitalize pass'>pass</span>
<span class='category-assigned hide '></span>
</div>
<div class='test-body'>
<div class='test-info'>
<span title='Test started time' alt='Test started time' class='test-started-time label green lighten-1 text-white'>2021-05-29 20:15:50</span>
<span title='Test ended time' alt='Test ended time' class='test-ended-time label red lighten-1 text-white'>2021-05-29 20:15:51</span>
<span title='Time taken to finish' alt='Time taken to finish' class='test-time-taken label blue-grey lighten-3 text-white'>0h 0m 0s+646ms</span>
</div>
<div class='test-desc'></div>
<div class='test-attributes'>
</div>
<div class='test-steps'>
<table class='bordered table-results'>
<thead>
<tr>
<th>Status</th>
<th>Timestamp</th>
<th>Details</th>
</tr>
</thead>
<tbody>
<tr>
<td class='status pass' title='pass' alt='pass'><i class='mdi-action-check-circle'></i></td>
<td class='timestamp'>20:15:51</td>
<td class='step-details'>TestCase Description : Verify that selected April month is Selected.</td>
</tr>
<tr>
<td class='status pass' title='pass' alt='pass'><i class='mdi-action-check-circle'></i></td>
<td class='timestamp'>20:15:51</td>
<td class='step-details'>Test Passed</td>
</tr>
</tbody>
</table>
<ul class='collapsible node-list' data-collapsible='accordion'>
</ul>
</div>
</div>
</li>
<li class='collection-item test displayed active pass ' extentid='b4f57b03-bd3e-4e19-99ca-dc6b4726e871'>
<div class='test-head'>
<span class='test-name'>verifyAggregationPeriodDatePickerAprilMonth </span>
<span class='test-status label right outline capitalize pass'>pass</span>
<span class='category-assigned hide '></span>
</div>
<div class='test-body'>
<div class='test-info'>
<span title='Test started time' alt='Test started time' class='test-started-time label green lighten-1 text-white'>2021-05-29 20:15:51</span>
<span title='Test ended time' alt='Test ended time' class='test-ended-time label red lighten-1 text-white'>2021-05-29 20:15:52</span>
<span title='Time taken to finish' alt='Time taken to finish' class='test-time-taken label blue-grey lighten-3 text-white'>0h 0m 0s+525ms</span>
</div>
<div class='test-desc'></div>
<div class='test-attributes'>
</div>
<div class='test-steps'>
<table class='bordered table-results'>
<thead>
<tr>
<th>Status</th>
<th>Timestamp</th>
<th>Details</th>
</tr>
</thead>
<tbody>
<tr>
<td class='status pass' title='pass' alt='pass'><i class='mdi-action-check-circle'></i></td>
<td class='timestamp'>20:15:52</td>
<td class='step-details'>TestCase Description : Verify that April month is displayed on the Aggression period date picker window.</td>
</tr>
<tr>
<td class='status pass' title='pass' alt='pass'><i class='mdi-action-check-circle'></i></td>
<td class='timestamp'>20:15:52</td>
<td class='step-details'>Test Passed</td>
</tr>
</tbody>
</table>
<ul class='collapsible node-list' data-collapsible='accordion'>
</ul>
</div>
</div>
</li>
<li class='collection-item test displayed active pass ' extentid='897e0f29-02bf-4c94-8401-c89e2ef7fe94'>
<div class='test-head'>
<span class='test-name'>verifyAggregationPeriodDatePickerAugustIsSelected </span>
<span class='test-status label right outline capitalize pass'>pass</span>
<span class='category-assigned hide '></span>
</div>
<div class='test-body'>
<div class='test-info'>
<span title='Test started time' alt='Test started time' class='test-started-time label green lighten-1 text-white'>2021-05-29 20:15:52</span>
<span title='Test ended time' alt='Test ended time' class='test-ended-time label red lighten-1 text-white'>2021-05-29 20:15:52</span>
<span title='Time taken to finish' alt='Time taken to finish' class='test-time-taken label blue-grey lighten-3 text-white'>0h 0m 0s+676ms</span>
</div>
<div class='test-desc'></div>
<div class='test-attributes'>
</div>
<div class='test-steps'>
<table class='bordered table-results'>
<thead>
<tr>
<th>Status</th>
<th>Timestamp</th>
<th>Details</th>
</tr>
</thead>
<tbody>
<tr>
<td class='status pass' title='pass' alt='pass'><i class='mdi-action-check-circle'></i></td>
<td class='timestamp'>20:15:52</td>
<td class='step-details'>TestCase Description : Verify that selected August month is Selected.</td>
</tr>
<tr>
<td class='status pass' title='pass' alt='pass'><i class='mdi-action-check-circle'></i></td>
<td class='timestamp'>20:15:52</td>
<td class='step-details'>Test Passed</td>
</tr>
</tbody>
</table>
<ul class='collapsible node-list' data-collapsible='accordion'>
</ul>
</div>
</div>
</li>
<li class='collection-item test displayed active pass ' extentid='7c9308c0-7a20-475d-980d-6c13eb9c6021'>
<div class='test-head'>
<span class='test-name'>verifyAggregationPeriodDatePickerAugustMonth </span>
<span class='test-status label right outline capitalize pass'>pass</span>
<span class='category-assigned hide '></span>
</div>
<div class='test-body'>
<div class='test-info'>
<span title='Test started time' alt='Test started time' class='test-started-time label green lighten-1 text-white'>2021-05-29 20:15:52</span>
<span title='Test ended time' alt='Test ended time' class='test-ended-time label red lighten-1 text-white'>2021-05-29 20:15:53</span>
<span title='Time taken to finish' alt='Time taken to finish' class='test-time-taken label blue-grey lighten-3 text-white'>0h 0m 0s+809ms</span>
</div>
<div class='test-desc'></div>
<div class='test-attributes'>
</div>
<div class='test-steps'>
<table class='bordered table-results'>
<thead>
<tr>
<th>Status</th>
<th>Timestamp</th>
<th>Details</th>
</tr>
</thead>
<tbody>
<tr>
<td class='status pass' title='pass' alt='pass'><i class='mdi-action-check-circle'></i></td>
<td class='timestamp'>20:15:53</td>
<td class='step-details'>TestCase Description : Verify that August month is displayed on the Aggression period date picker window.</td>
</tr>
<tr>
<td class='status pass' title='pass' alt='pass'><i class='mdi-action-check-circle'></i></td>
<td class='timestamp'>20:15:53</td>
<td class='step-details'>Test Passed</td>
</tr>
</tbody>
</table>
<ul class='collapsible node-list' data-collapsible='accordion'>
</ul>
</div>
</div>
</li>
<li class='collection-item test displayed active pass ' extentid='43257198-9149-42a0-898a-be2fba8b120d'>
<div class='test-head'>
<span class='test-name'>verifyAggregationPeriodDatePickerCalenderYear </span>
<span class='test-status label right outline capitalize pass'>pass</span>
<span class='category-assigned hide '></span>
</div>
<div class='test-body'>
<div class='test-info'>
<span title='Test started time' alt='Test started time' class='test-started-time label green lighten-1 text-white'>2021-05-29 20:15:53</span>
<span title='Test ended time' alt='Test ended time' class='test-ended-time label red lighten-1 text-white'>2021-05-29 20:15:54</span>
<span title='Time taken to finish' alt='Time taken to finish' class='test-time-taken label blue-grey lighten-3 text-white'>0h 0m 0s+547ms</span>
</div>
<div class='test-desc'></div>
<div class='test-attributes'>
</div>
<div class='test-steps'>
<table class='bordered table-results'>
<thead>
<tr>
<th>Status</th>
<th>Timestamp</th>
<th>Details</th>
</tr>
</thead>
<tbody>
<tr>
<td class='status pass' title='pass' alt='pass'><i class='mdi-action-check-circle'></i></td>
<td class='timestamp'>20:15:54</td>
<td class='step-details'>TestCase Description : Verify that current year calender is displayed.</td>
</tr>
<tr>
<td class='status pass' title='pass' alt='pass'><i class='mdi-action-check-circle'></i></td>
<td class='timestamp'>20:15:54</td>
<td class='step-details'>Test Passed</td>
</tr>
</tbody>
</table>
<ul class='collapsible node-list' data-collapsible='accordion'>
</ul>
</div>
</div>
</li>
<li class='collection-item test displayed active pass ' extentid='e0945d17-e675-466a-9784-3206956cec7a'>
<div class='test-head'>
<span class='test-name'>verifyAggregationPeriodDatePickerDecemberIsSelected </span>
<span class='test-status label right outline capitalize pass'>pass</span>
<span class='category-assigned hide '></span>
</div>
<div class='test-body'>
<div class='test-info'>
<span title='Test started time' alt='Test started time' class='test-started-time label green lighten-1 text-white'>2021-05-29 20:15:54</span>
<span title='Test ended time' alt='Test ended time' class='test-ended-time label red lighten-1 text-white'>2021-05-29 20:15:54</span>
<span title='Time taken to finish' alt='Time taken to finish' class='test-time-taken label blue-grey lighten-3 text-white'>0h 0m 0s+617ms</span>
</div>
<div class='test-desc'></div>
<div class='test-attributes'>
</div>
<div class='test-steps'>
<table class='bordered table-results'>
<thead>
<tr>
<th>Status</th>
<th>Timestamp</th>
<th>Details</th>
</tr>
</thead>
<tbody>
<tr>
<td class='status pass' title='pass' alt='pass'><i class='mdi-action-check-circle'></i></td>
<td class='timestamp'>20:15:54</td>
<td class='step-details'>TestCase Description : Verify that selected December month is Selected.</td>
</tr>
<tr>
<td class='status pass' title='pass' alt='pass'><i class='mdi-action-check-circle'></i></td>
<td class='timestamp'>20:15:54</td>
<td class='step-details'>Test Passed</td>
</tr>
</tbody>
</table>
<ul class='collapsible node-list' data-collapsible='accordion'>
</ul>
</div>
</div>
</li>
<li class='collection-item test displayed active pass ' extentid='36f75642-f7ca-413e-919f-67ce8225ccb8'>
<div class='test-head'>
<span class='test-name'>verifyAggregationPeriodDatePickerDecemberMonth </span>
<span class='test-status label right outline capitalize pass'>pass</span>
<span class='category-assigned hide '></span>
</div>
<div class='test-body'>
<div class='test-info'>
<span title='Test started time' alt='Test started time' class='test-started-time label green lighten-1 text-white'>2021-05-29 20:15:54</span>
<span title='Test ended time' alt='Test ended time' class='test-ended-time label red lighten-1 text-white'>2021-05-29 20:15:55</span>
<span title='Time taken to finish' alt='Time taken to finish' class='test-time-taken label blue-grey lighten-3 text-white'>0h 0m 0s+500ms</span>
</div>
<div class='test-desc'></div>
<div class='test-attributes'>
</div>
<div class='test-steps'>
<table class='bordered table-results'>
<thead>
<tr>
<th>Status</th>
<th>Timestamp</th>
<th>Details</th>
</tr>
</thead>
<tbody>
<tr>
<td class='status pass' title='pass' alt='pass'><i class='mdi-action-check-circle'></i></td>
<td class='timestamp'>20:15:55</td>
<td class='step-details'>TestCase Description : Verify that December month is displayed on the Aggression period date picker window.</td>
</tr>
<tr>
<td class='status pass' title='pass' alt='pass'><i class='mdi-action-check-circle'></i></td>
<td class='timestamp'>20:15:55</td>
<td class='step-details'>Test Passed</td>
</tr>
</tbody>
</table>
<ul class='collapsible node-list' data-collapsible='accordion'>
</ul>
</div>
</div>
</li>
<li class='collection-item test displayed active pass ' extentid='49fdf43b-23bb-4cf5-9065-9d1faab875ce'>
<div class='test-head'>
<span class='test-name'>verifyAggregationPeriodDatePickerFebruaryIsSelected </span>
<span class='test-status label right outline capitalize pass'>pass</span>
<span class='category-assigned hide '></span>
</div>
<div class='test-body'>
<div class='test-info'>
<span title='Test started time' alt='Test started time' class='test-started-time label green lighten-1 text-white'>2021-05-29 20:15:55</span>
<span title='Test ended time' alt='Test ended time' class='test-ended-time label red lighten-1 text-white'>2021-05-29 20:15:56</span>
<span title='Time taken to finish' alt='Time taken to finish' class='test-time-taken label blue-grey lighten-3 text-white'>0h 0m 0s+629ms</span>
</div>
<div class='test-desc'></div>
<div class='test-attributes'>
</div>
<div class='test-steps'>
<table class='bordered table-results'>
<thead>
<tr>
<th>Status</th>
<th>Timestamp</th>
<th>Details</th>
</tr>
</thead>
<tbody>
<tr>
<td class='status pass' title='pass' alt='pass'><i class='mdi-action-check-circle'></i></td>
<td class='timestamp'>20:15:56</td>
<td class='step-details'>TestCase Description : Verify that selected February month is Selected.</td>
</tr>
<tr>
<td class='status pass' title='pass' alt='pass'><i class='mdi-action-check-circle'></i></td>
<td class='timestamp'>20:15:56</td>
<td class='step-details'>Test Passed</td>
</tr>
</tbody>
</table>
<ul class='collapsible node-list' data-collapsible='accordion'>
</ul>
</div>
</div>
</li>
<li class='collection-item test displayed active pass ' extentid='01631ee4-7c1f-4193-9919-ce3e311901f1'>
<div class='test-head'>
<span class='test-name'>verifyAggregationPeriodDatePickerFebruaryMonth </span>
<span class='test-status label right outline capitalize pass'>pass</span>
<span class='category-assigned hide '></span>
</div>
<div class='test-body'>
<div class='test-info'>
<span title='Test started time' alt='Test started time' class='test-started-time label green lighten-1 text-white'>2021-05-29 20:15:56</span>
<span title='Test ended time' alt='Test ended time' class='test-ended-time label red lighten-1 text-white'>2021-05-29 20:15:56</span>
<span title='Time taken to finish' alt='Time taken to finish' class='test-time-taken label blue-grey lighten-3 text-white'>0h 0m 0s+541ms</span>
</div>
<div class='test-desc'></div>
<div class='test-attributes'>
</div>
<div class='test-steps'>
<table class='bordered table-results'>
<thead>
<tr>
<th>Status</th>
<th>Timestamp</th>
<th>Details</th>
</tr>
</thead>
<tbody>
<tr>
<td class='status pass' title='pass' alt='pass'><i class='mdi-action-check-circle'></i></td>
<td class='timestamp'>20:15:56</td>
<td class='step-details'>TestCase Description : Verify that February month is displayed on the Aggression period date picker window.</td>
</tr>
<tr>
<td class='status pass' title='pass' alt='pass'><i class='mdi-action-check-circle'></i></td>
<td class='timestamp'>20:15:56</td>
<td class='step-details'>Test Passed</td>
</tr>
</tbody>
</table>
<ul class='collapsible node-list' data-collapsible='accordion'>
</ul>
</div>
</div>
</li>
<li class='collection-item test displayed active pass ' extentid='88402976-d135-4c87-b43d-10cef33a1a6f'>
<div class='test-head'>
<span class='test-name'>verifyAggregationPeriodDatePickerJanuaryIsSelected </span>
<span class='test-status label right outline capitalize pass'>pass</span>
<span class='category-assigned hide '></span>
</div>
<div class='test-body'>
<div class='test-info'>
<span title='Test started time' alt='Test started time' class='test-started-time label green lighten-1 text-white'>2021-05-29 20:15:56</span>
<span title='Test ended time' alt='Test ended time' class='test-ended-time label red lighten-1 text-white'>2021-05-29 20:15:57</span>
<span title='Time taken to finish' alt='Time taken to finish' class='test-time-taken label blue-grey lighten-3 text-white'>0h 0m 0s+609ms</span>
</div>
<div class='test-desc'></div>
<div class='test-attributes'>
</div>
<div class='test-steps'>
<table class='bordered table-results'>
<thead>
<tr>
<th>Status</th>
<th>Timestamp</th>
<th>Details</th>
</tr>
</thead>
<tbody>
<tr>
<td class='status pass' title='pass' alt='pass'><i class='mdi-action-check-circle'></i></td>
<td class='timestamp'>20:15:57</td>
<td class='step-details'>TestCase Description : Verify that selected january month is Selected.</td>
</tr>
<tr>
<td class='status pass' title='pass' alt='pass'><i class='mdi-action-check-circle'></i></td>
<td class='timestamp'>20:15:57</td>
<td class='step-details'>Test Passed</td>
</tr>
</tbody>
</table>
<ul class='collapsible node-list' data-collapsible='accordion'>
</ul>
</div>
</div>
</li>
<li class='collection-item test displayed active pass ' extentid='4f5194d4-2da7-40b2-a979-5ad68b436699'>
<div class='test-head'>
<span class='test-name'>verifyAggregationPeriodDatePickerJanuaryMonth </span>
<span class='test-status label right outline capitalize pass'>pass</span>
<span class='category-assigned hide '></span>
</div>
<div class='test-body'>
<div class='test-info'>
<span title='Test started time' alt='Test started time' class='test-started-time label green lighten-1 text-white'>2021-05-29 20:15:57</span>
<span title='Test ended time' alt='Test ended time' class='test-ended-time label red lighten-1 text-white'>2021-05-29 20:15:57</span>
<span title='Time taken to finish' alt='Time taken to finish' class='test-time-taken label blue-grey lighten-3 text-white'>0h 0m 0s+672ms</span>
</div>
<div class='test-desc'></div>
<div class='test-attributes'>
</div>
<div class='test-steps'>
<table class='bordered table-results'>
<thead>
<tr>
<th>Status</th>
<th>Timestamp</th>
<th>Details</th>
</tr>
</thead>
<tbody>
<tr>
<td class='status pass' title='pass' alt='pass'><i class='mdi-action-check-circle'></i></td>
<td class='timestamp'>20:15:57</td>
<td class='step-details'>TestCase Description : Verify that January month is displayed on the Aggression period date picker window.</td>
</tr>
<tr>
<td class='status pass' title='pass' alt='pass'><i class='mdi-action-check-circle'></i></td>
<td class='timestamp'>20:15:57</td>
<td class='step-details'>Test Passed</td>
</tr>
</tbody>
</table>
<ul class='collapsible node-list' data-collapsible='accordion'>
</ul>
</div>
</div>
</li>
<li class='collection-item test displayed active pass ' extentid='77c5bada-3fb0-4cad-92df-b254a5178da3'>
<div class='test-head'>
<span class='test-name'>verifyAggregationPeriodDatePickerJulyIsSelected </span>
<span class='test-status label right outline capitalize pass'>pass</span>
<span class='category-assigned hide '></span>
</div>
<div class='test-body'>
<div class='test-info'>
<span title='Test started time' alt='Test started time' class='test-started-time label green lighten-1 text-white'>2021-05-29 20:15:57</span>
<span title='Test ended time' alt='Test ended time' class='test-ended-time label red lighten-1 text-white'>2021-05-29 20:15:58</span>
<span title='Time taken to finish' alt='Time taken to finish' class='test-time-taken label blue-grey lighten-3 text-white'>0h 0m 0s+605ms</span>
</div>
<div class='test-desc'></div>
<div class='test-attributes'>
</div>
<div class='test-steps'>
<table class='bordered table-results'>
<thead>
<tr>
<th>Status</th>
<th>Timestamp</th>
<th>Details</th>
</tr>
</thead>
<tbody>
<tr>
<td class='status pass' title='pass' alt='pass'><i class='mdi-action-check-circle'></i></td>
<td class='timestamp'>20:15:58</td>
<td class='step-details'>TestCase Description : Verify that selected July month is Selected.</td>
</tr>
<tr>
<td class='status pass' title='pass' alt='pass'><i class='mdi-action-check-circle'></i></td>
<td class='timestamp'>20:15:58</td>
<td class='step-details'>Test Passed</td>
</tr>
</tbody>
</table>
<ul class='collapsible node-list' data-collapsible='accordion'>
</ul>
</div>
</div>
</li>
<li class='collection-item test displayed active pass ' extentid='73f8f264-d4ea-42cb-8bae-f5089a3bd0ec'>
<div class='test-head'>
<span class='test-name'>verifyAggregationPeriodDatePickerJulyMonth </span>
<span class='test-status label right outline capitalize pass'>pass</span>
<span class='category-assigned hide '></span>
</div>
<div class='test-body'>
<div class='test-info'>
<span title='Test started time' alt='Test started time' class='test-started-time label green lighten-1 text-white'>2021-05-29 20:15:58</span>
<span title='Test ended time' alt='Test ended time' class='test-ended-time label red lighten-1 text-white'>2021-05-29 20:15:59</span>
<span title='Time taken to finish' alt='Time taken to finish' class='test-time-taken label blue-grey lighten-3 text-white'>0h 0m 0s+807ms</span>
</div>
<div class='test-desc'></div>
<div class='test-attributes'>
</div>
<div class='test-steps'>
<table class='bordered table-results'>
<thead>
<tr>
<th>Status</th>
<th>Timestamp</th>
<th>Details</th>
</tr>
</thead>
<tbody>
<tr>
<td class='status pass' title='pass' alt='pass'><i class='mdi-action-check-circle'></i></td>
<td class='timestamp'>20:15:59</td>
<td class='step-details'>TestCase Description : Verify that July month is displayed on the Aggression period date picker window.</td>
</tr>
<tr>
<td class='status pass' title='pass' alt='pass'><i class='mdi-action-check-circle'></i></td>
<td class='timestamp'>20:15:59</td>
<td class='step-details'>Test Passed</td>
</tr>
</tbody>
</table>
<ul class='collapsible node-list' data-collapsible='accordion'>
</ul>
</div>
</div>
</li>
<li class='collection-item test displayed active pass ' extentid='6264c595-bf77-4b79-8068-ec910e4ebe79'>
<div class='test-head'>
<span class='test-name'>verifyAggregationPeriodDatePickerJuneIsSelected </span>
<span class='test-status label right outline capitalize pass'>pass</span>
<span class='category-assigned hide '></span>
</div>
<div class='test-body'>
<div class='test-info'>
<span title='Test started time' alt='Test started time' class='test-started-time label green lighten-1 text-white'>2021-05-29 20:15:59</span>
<span title='Test ended time' alt='Test ended time' class='test-ended-time label red lighten-1 text-white'>2021-05-29 20:15:59</span>
<span title='Time taken to finish' alt='Time taken to finish' class='test-time-taken label blue-grey lighten-3 text-white'>0h 0m 0s+623ms</span>
</div>
<div class='test-desc'></div>
<div class='test-attributes'>
</div>
<div class='test-steps'>
<table class='bordered table-results'>
<thead>
<tr>
<th>Status</th>
<th>Timestamp</th>
<th>Details</th>
</tr>
</thead>
<tbody>
<tr>
<td class='status pass' title='pass' alt='pass'><i class='mdi-action-check-circle'></i></td>
<td class='timestamp'>20:15:59</td>
<td class='step-details'>TestCase Description : Verify that selected June month is Selected.</td>
</tr>
<tr>
<td class='status pass' title='pass' alt='pass'><i class='mdi-action-check-circle'></i></td>
<td class='timestamp'>20:15:59</td>
<td class='step-details'>Test Passed</td>
</tr>
</tbody>
</table>
<ul class='collapsible node-list' data-collapsible='accordion'>
</ul>
</div>
</div>
</li>
<li class='collection-item test displayed active pass ' extentid='da520463-bac8-4b74-8558-da7df5ff37b2'>
<div class='test-head'>
<span class='test-name'>verifyAggregationPeriodDatePickerJuneMonth </span>
<span class='test-status label right outline capitalize pass'>pass</span>
<span class='category-assigned hide '></span>
</div>
<div class='test-body'>
<div class='test-info'>
<span title='Test started time' alt='Test started time' class='test-started-time label green lighten-1 text-white'>2021-05-29 20:15:59</span>
<span title='Test ended time' alt='Test ended time' class='test-ended-time label red lighten-1 text-white'>2021-05-29 20:16:00</span>
<span title='Time taken to finish' alt='Time taken to finish' class='test-time-taken label blue-grey lighten-3 text-white'>0h 0m 0s+580ms</span>
</div>
<div class='test-desc'></div>
<div class='test-attributes'>
</div>
<div class='test-steps'>
<table class='bordered table-results'>
<thead>
<tr>
<th>Status</th>
<th>Timestamp</th>
<th>Details</th>
</tr>
</thead>
<tbody>
<tr>
<td class='status pass' title='pass' alt='pass'><i class='mdi-action-check-circle'></i></td>
<td class='timestamp'>20:16:00</td>
<td class='step-details'>TestCase Description : Verify that June month is displayed on the Aggression period date picker window.</td>
</tr>
<tr>
<td class='status pass' title='pass' alt='pass'><i class='mdi-action-check-circle'></i></td>
<td class='timestamp'>20:16:00</td>
<td class='step-details'>Test Passed</td>
</tr>
</tbody>
</table>
<ul class='collapsible node-list' data-collapsible='accordion'>
</ul>
</div>
</div>
</li>
<li class='collection-item test displayed active pass ' extentid='e8395bc0-71b6-443c-91b5-7bb0f282c665'>
<div class='test-head'>
<span class='test-name'>verifyAggregationPeriodDatePickerMarchIsSelected </span>
<span class='test-status label right outline capitalize pass'>pass</span>
<span class='category-assigned hide '></span>
</div>
<div class='test-body'>
<div class='test-info'>
<span title='Test started time' alt='Test started time' class='test-started-time label green lighten-1 text-white'>2021-05-29 20:16:00</span>
<span title='Test ended time' alt='Test ended time' class='test-ended-time label red lighten-1 text-white'>2021-05-29 20:16:01</span>
<span title='Time taken to finish' alt='Time taken to finish' class='test-time-taken label blue-grey lighten-3 text-white'>0h 0m 0s+622ms</span>
</div>
<div class='test-desc'></div>
<div class='test-attributes'>
</div>
<div class='test-steps'>
<table class='bordered table-results'>
<thead>
<tr>
<th>Status</th>
<th>Timestamp</th>
<th>Details</th>
</tr>
</thead>
<tbody>
<tr>
<td class='status pass' title='pass' alt='pass'><i class='mdi-action-check-circle'></i></td>
<td class='timestamp'>20:16:01</td>
<td class='step-details'>TestCase Description : Verify that selected March month is Selected.</td>
</tr>
<tr>
<td class='status pass' title='pass' alt='pass'><i class='mdi-action-check-circle'></i></td>
<td class='timestamp'>20:16:01</td>
<td class='step-details'>Test Passed</td>
</tr>
</tbody>
</table>
<ul class='collapsible node-list' data-collapsible='accordion'>
</ul>
</div>
</div>
</li>
<li class='collection-item test displayed active pass ' extentid='de4549ea-5bf6-4d40-9b84-066372906217'>
<div class='test-head'>
<span class='test-name'>verifyAggregationPeriodDatePickerMarchMonth </span>
<span class='test-status label right outline capitalize pass'>pass</span>
<span class='category-assigned hide '></span>
</div>
<div class='test-body'>
<div class='test-info'>
<span title='Test started time' alt='Test started time' class='test-started-time label green lighten-1 text-white'>2021-05-29 20:16:01</span>
<span title='Test ended time' alt='Test ended time' class='test-ended-time label red lighten-1 text-white'>2021-05-29 20:16:01</span>
<span title='Time taken to finish' alt='Time taken to finish' class='test-time-taken label blue-grey lighten-3 text-white'>0h 0m 0s+527ms</span>
</div>
<div class='test-desc'></div>
<div class='test-attributes'>
</div>
<div class='test-steps'>
<table class='bordered table-results'>
<thead>
<tr>
<th>Status</th>
<th>Timestamp</th>
<th>Details</th>
</tr>
</thead>
<tbody>
<tr>
<td class='status pass' title='pass' alt='pass'><i class='mdi-action-check-circle'></i></td>
<td class='timestamp'>20:16:01</td>
<td class='step-details'>TestCase Description : Verify that March month is displayed on the Aggression period date picker window.</td>
</tr>
<tr>
<td class='status pass' title='pass' alt='pass'><i class='mdi-action-check-circle'></i></td>
<td class='timestamp'>20:16:01</td>
<td class='step-details'>Test Passed</td>
</tr>
</tbody>
</table>
<ul class='collapsible node-list' data-collapsible='accordion'>
</ul>
</div>
</div>
</li>
<li class='collection-item test displayed active pass ' extentid='bc1a9cdf-15fa-4b48-bb41-a44c8db3a441'>
<div class='test-head'>
<span class='test-name'>verifyAggregationPeriodDatePickerMayIsSelected </span>
<span class='test-status label right outline capitalize pass'>pass</span>
<span class='category-assigned hide '></span>
</div>
<div class='test-body'>
<div class='test-info'>
<span title='Test started time' alt='Test started time' class='test-started-time label green lighten-1 text-white'>2021-05-29 20:16:01</span>
<span title='Test ended time' alt='Test ended time' class='test-ended-time label red lighten-1 text-white'>2021-05-29 20:16:02</span>
<span title='Time taken to finish' alt='Time taken to finish' class='test-time-taken label blue-grey lighten-3 text-white'>0h 0m 0s+622ms</span>
</div>
<div class='test-desc'></div>
<div class='test-attributes'>
</div>
<div class='test-steps'>
<table class='bordered table-results'>
<thead>
<tr>
<th>Status</th>
<th>Timestamp</th>
<th>Details</th>
</tr>
</thead>
<tbody>
<tr>
<td class='status pass' title='pass' alt='pass'><i class='mdi-action-check-circle'></i></td>
<td class='timestamp'>20:16:02</td>
<td class='step-details'>TestCase Description : Verify that selected May month is Selected.</td>
</tr>
<tr>
<td class='status pass' title='pass' alt='pass'><i class='mdi-action-check-circle'></i></td>
<td class='timestamp'>20:16:02</td>
<td class='step-details'>Test Passed</td>
</tr>
</tbody>
</table>
<ul class='collapsible node-list' data-collapsible='accordion'>
</ul>
</div>
</div>
</li>
<li class='collection-item test displayed active fail ' extentid='5dc5a9bc-1de5-4409-b77b-fbb63055e62a'>
<div class='test-head'>
<span class='test-name'>verifyAggregationPeriodDatePickerMayMonth </span>
<span class='test-status label right outline capitalize fail'>fail</span>
<span class='category-assigned hide '></span>
</div>
<div class='test-body'>
<div class='test-info'>
<span title='Test started time' alt='Test started time' class='test-started-time label green lighten-1 text-white'>2021-05-29 20:16:02</span>
<span title='Test ended time' alt='Test ended time' class='test-ended-time label red lighten-1 text-white'>2021-05-29 20:16:02</span>
<span title='Time taken to finish' alt='Time taken to finish' class='test-time-taken label blue-grey lighten-3 text-white'>0h 0m 0s+533ms</span>
</div>
<div class='test-desc'></div>
<div class='test-attributes'>
</div>
<div class='test-steps'>
<table class='bordered table-results'>
<thead>
<tr>
<th>Status</th>
<th>Timestamp</th>
<th>Details</th>
</tr>
</thead>
<tbody>
<tr>
<td class='status fail' title='fail' alt='fail'><i class='mdi-navigation-cancel'></i></td>
<td class='timestamp'>20:16:02</td>
<td class='step-details'>TestCase Description : Verify that May month is displayed on the Aggression period date picker window.</td>
</tr>
<tr>
<td class='status fail' title='fail' alt='fail'><i class='mdi-navigation-cancel'></i></td>
<td class='timestamp'>20:16:02</td>
<td class='step-details'>Test Failed</td>
</tr>
<tr>
<td class='status fail' title='fail' alt='fail'><i class='mdi-navigation-cancel'></i></td>
<td class='timestamp'>20:16:02</td>
<td class='step-details'>Test failed with Exception : java.lang.AssertionError: expected [5æœˆ] but found [cocoro.lib.uiauto.SeleniumUIControl@4f071df8]</td>
</tr>
</tbody>
</table>
<ul class='collapsible node-list' data-collapsible='accordion'>
</ul>
</div>
</div>
</li>
<li class='collection-item test displayed active pass ' extentid='b321f866-6a65-4bec-ae87-ad9b8495df19'>
<div class='test-head'>
<span class='test-name'>verifyAggregationPeriodDatePickerNextYearIsDisplayed </span>
<span class='test-status label right outline capitalize pass'>pass</span>
<span class='category-assigned hide '></span>
</div>
<div class='test-body'>
<div class='test-info'>
<span title='Test started time' alt='Test started time' class='test-started-time label green lighten-1 text-white'>2021-05-29 20:16:02</span>
<span title='Test ended time' alt='Test ended time' class='test-ended-time label red lighten-1 text-white'>2021-05-29 20:16:03</span>
<span title='Time taken to finish' alt='Time taken to finish' class='test-time-taken label blue-grey lighten-3 text-white'>0h 0m 0s+597ms</span>
</div>
<div class='test-desc'></div>
<div class='test-attributes'>
</div>
<div class='test-steps'>
<table class='bordered table-results'>
<thead>
<tr>
<th>Status</th>
<th>Timestamp</th>
<th>Details</th>
</tr>
</thead>
<tbody>
<tr>
<td class='status pass' title='pass' alt='pass'><i class='mdi-action-check-circle'></i></td>
<td class='timestamp'>20:16:03</td>
<td class='step-details'>TestCase Description : Verify that calender is changed to next year when we click on the next year navigation button.</td>
</tr>
<tr>
<td class='status pass' title='pass' alt='pass'><i class='mdi-action-check-circle'></i></td>
<td class='timestamp'>20:16:03</td>
<td class='step-details'>Test Passed</td>
</tr>
</tbody>
</table>
<ul class='collapsible node-list' data-collapsible='accordion'>
</ul>
</div>
</div>
</li>
<li class='collection-item test displayed active pass ' extentid='fa167c53-4ad0-40c9-8cc5-7cc8c58c4d3c'>
<div class='test-head'>
<span class='test-name'>verifyAggregationPeriodDatePickerNextYearNavigationButtonIsDisplayed </span>
<span class='test-status label right outline capitalize pass'>pass</span>
<span class='category-assigned hide '></span>
</div>
<div class='test-body'>
<div class='test-info'>
<span title='Test started time' alt='Test started time' class='test-started-time label green lighten-1 text-white'>2021-05-29 20:16:03</span>
<span title='Test ended time' alt='Test ended time' class='test-ended-time label red lighten-1 text-white'>2021-05-29 20:16:04</span>
<span title='Time taken to finish' alt='Time taken to finish' class='test-time-taken label blue-grey lighten-3 text-white'>0h 0m 0s+589ms</span>
</div>
<div class='test-desc'></div>
<div class='test-attributes'>
</div>
<div class='test-steps'>
<table class='bordered table-results'>
<thead>
<tr>
<th>Status</th>
<th>Timestamp</th>
<th>Details</th>
</tr>
</thead>
<tbody>
<tr>
<td class='status pass' title='pass' alt='pass'><i class='mdi-action-check-circle'></i></td>
<td class='timestamp'>20:16:04</td>
<td class='step-details'>TestCase Description : Verify that next year navigation button is displayed and enabled.</td>
</tr>
<tr>
<td class='status pass' title='pass' alt='pass'><i class='mdi-action-check-circle'></i></td>
<td class='timestamp'>20:16:04</td>
<td class='step-details'>Test Passed</td>
</tr>
</tbody>
</table>
<ul class='collapsible node-list' data-collapsible='accordion'>
</ul>
</div>
</div>
</li>
<li class='collection-item test displayed active pass ' extentid='5d805e19-308d-4e7c-8904-c68649874621'>
<div class='test-head'>
<span class='test-name'>verifyAggregationPeriodDatePickerNovemberIsSelected </span>
<span class='test-status label right outline capitalize pass'>pass</span>
<span class='category-assigned hide '></span>
</div>
<div class='test-body'>
<div class='test-info'>
<span title='Test started time' alt='Test started time' class='test-started-time label green lighten-1 text-white'>2021-05-29 20:16:04</span>
<span title='Test ended time' alt='Test ended time' class='test-ended-time label red lighten-1 text-white'>2021-05-29 20:16:05</span>
<span title='Time taken to finish' alt='Time taken to finish' class='test-time-taken label blue-grey lighten-3 text-white'>0h 0m 0s+857ms</span>
</div>
<div class='test-desc'></div>
<div class='test-attributes'>
</div>
<div class='test-steps'>
<table class='bordered table-results'>
<thead>
<tr>
<th>Status</th>
<th>Timestamp</th>
<th>Details</th>
</tr>
</thead>
<tbody>
<tr>
<td class='status pass' title='pass' alt='pass'><i class='mdi-action-check-circle'></i></td>
<td class='timestamp'>20:16:05</td>
<td class='step-details'>TestCase Description : Verify that selected November month is Selected.</td>
</tr>
<tr>
<td class='status pass' title='pass' alt='pass'><i class='mdi-action-check-circle'></i></td>
<td class='timestamp'>20:16:05</td>
<td class='step-details'>Test Passed</td>
</tr>
</tbody>
</table>
<ul class='collapsible node-list' data-collapsible='accordion'>
</ul>
</div>
</div>
</li>
<li class='collection-item test displayed active pass ' extentid='6e8fca75-358b-4a2c-b3d2-8f6988a0846e'>
<div class='test-head'>
<span class='test-name'>verifyAggregationPeriodDatePickerNovemberMonth </span>
<span class='test-status label right outline capitalize pass'>pass</span>
<span class='category-assigned hide '></span>
</div>
<div class='test-body'>
<div class='test-info'>
<span title='Test started time' alt='Test started time' class='test-started-time label green lighten-1 text-white'>2021-05-29 20:16:05</span>
<span title='Test ended time' alt='Test ended time' class='test-ended-time label red lighten-1 text-white'>2021-05-29 20:16:05</span>
<span title='Time taken to finish' alt='Time taken to finish' class='test-time-taken label blue-grey lighten-3 text-white'>0h 0m 0s+520ms</span>
</div>
<div class='test-desc'></div>
<div class='test-attributes'>
</div>
<div class='test-steps'>
<table class='bordered table-results'>
<thead>
<tr>
<th>Status</th>
<th>Timestamp</th>
<th>Details</th>
</tr>
</thead>
<tbody>
<tr>
<td class='status pass' title='pass' alt='pass'><i class='mdi-action-check-circle'></i></td>
<td class='timestamp'>20:16:05</td>
<td class='step-details'>TestCase Description : Verify that November month is displayed on the Aggression period date picker window.</td>
</tr>
<tr>
<td class='status pass' title='pass' alt='pass'><i class='mdi-action-check-circle'></i></td>
<td class='timestamp'>20:16:05</td>
<td class='step-details'>Test Passed</td>
</tr>
</tbody>
</table>
<ul class='collapsible node-list' data-collapsible='accordion'>
</ul>
</div>
</div>
</li>
<li class='collection-item test displayed active pass ' extentid='316a8765-c475-4b7c-8d79-9b1329f4a97c'>
<div class='test-head'>
<span class='test-name'>verifyAggregationPeriodDatePickerOctoberIsSelected </span>
<span class='test-status label right outline capitalize pass'>pass</span>
<span class='category-assigned hide '></span>
</div>
<div class='test-body'>
<div class='test-info'>
<span title='Test started time' alt='Test started time' class='test-started-time label green lighten-1 text-white'>2021-05-29 20:16:05</span>
<span title='Test ended time' alt='Test ended time' class='test-ended-time label red lighten-1 text-white'>2021-05-29 20:16:06</span>
<span title='Time taken to finish' alt='Time taken to finish' class='test-time-taken label blue-grey lighten-3 text-white'>0h 0m 0s+651ms</span>
</div>
<div class='test-desc'></div>
<div class='test-attributes'>
</div>
<div class='test-steps'>
<table class='bordered table-results'>
<thead>
<tr>
<th>Status</th>
<th>Timestamp</th>
<th>Details</th>
</tr>
</thead>
<tbody>
<tr>
<td class='status pass' title='pass' alt='pass'><i class='mdi-action-check-circle'></i></td>
<td class='timestamp'>20:16:06</td>
<td class='step-details'>TestCase Description : Verify that selected October month is Selected.</td>
</tr>
<tr>
<td class='status pass' title='pass' alt='pass'><i class='mdi-action-check-circle'></i></td>
<td class='timestamp'>20:16:06</td>
<td class='step-details'>Test Passed</td>
</tr>
</tbody>
</table>
<ul class='collapsible node-list' data-collapsible='accordion'>
</ul>
</div>
</div>
</li>
<li class='collection-item test displayed active pass ' extentid='f11d5b24-74de-479e-acae-859e259a6869'>
<div class='test-head'>
<span class='test-name'>verifyAggregationPeriodDatePickerOctoberMonth </span>
<span class='test-status label right outline capitalize pass'>pass</span>
<span class='category-assigned hide '></span>
</div>
<div class='test-body'>
<div class='test-info'>
<span title='Test started time' alt='Test started time' class='test-started-time label green lighten-1 text-white'>2021-05-29 20:16:06</span>
<span title='Test ended time' alt='Test ended time' class='test-ended-time label red lighten-1 text-white'>2021-05-29 20:16:06</span>
<span title='Time taken to finish' alt='Time taken to finish' class='test-time-taken label blue-grey lighten-3 text-white'>0h 0m 0s+502ms</span>
</div>
<div class='test-desc'></div>
<div class='test-attributes'>
</div>
<div class='test-steps'>
<table class='bordered table-results'>
<thead>
<tr>
<th>Status</th>
<th>Timestamp</th>
<th>Details</th>
</tr>
</thead>
<tbody>
<tr>
<td class='status pass' title='pass' alt='pass'><i class='mdi-action-check-circle'></i></td>
<td class='timestamp'>20:16:06</td>
<td class='step-details'>TestCase Description : Verify that October month is displayed on the Aggression period date picker window.</td>
</tr>
<tr>
<td class='status pass' title='pass' alt='pass'><i class='mdi-action-check-circle'></i></td>
<td class='timestamp'>20:16:06</td>
<td class='step-details'>Test Passed</td>
</tr>
</tbody>
</table>
<ul class='collapsible node-list' data-collapsible='accordion'>
</ul>
</div>
</div>
</li>
<li class='collection-item test displayed active pass ' extentid='47fe582a-3cc5-4bb2-ad60-19c363c9c796'>
<div class='test-head'>
<span class='test-name'>verifyAggregationPeriodDatePickerPreviousYearIsDisplayed </span>
<span class='test-status label right outline capitalize pass'>pass</span>
<span class='category-assigned hide '></span>
</div>
<div class='test-body'>
<div class='test-info'>
<span title='Test started time' alt='Test started time' class='test-started-time label green lighten-1 text-white'>2021-05-29 20:16:06</span>
<span title='Test ended time' alt='Test ended time' class='test-ended-time label red lighten-1 text-white'>2021-05-29 20:16:07</span>
<span title='Time taken to finish' alt='Time taken to finish' class='test-time-taken label blue-grey lighten-3 text-white'>0h 0m 0s+572ms</span>
</div>
<div class='test-desc'></div>
<div class='test-attributes'>
</div>
<div class='test-steps'>
<table class='bordered table-results'>
<thead>
<tr>
<th>Status</th>
<th>Timestamp</th>
<th>Details</th>
</tr>
</thead>
<tbody>
<tr>
<td class='status pass' title='pass' alt='pass'><i class='mdi-action-check-circle'></i></td>
<td class='timestamp'>20:16:07</td>
<td class='step-details'>TestCase Description : Verify that calender is changed to previous year when we click on the previous year navigation button.</td>
</tr>
<tr>
<td class='status pass' title='pass' alt='pass'><i class='mdi-action-check-circle'></i></td>
<td class='timestamp'>20:16:07</td>
<td class='step-details'>Test Passed</td>
</tr>
</tbody>
</table>
<ul class='collapsible node-list' data-collapsible='accordion'>
</ul>
</div>
</div>
</li>
<li class='collection-item test displayed active pass ' extentid='dde18366-961e-49c3-9172-ea48b21ce751'>
<div class='test-head'>
<span class='test-name'>verifyAggregationPeriodDatePickerPreviousYearNavigationButtonIsDisplayed </span>
<span class='test-status label right outline capitalize pass'>pass</span>
<span class='category-assigned hide '></span>
</div>
<div class='test-body'>
<div class='test-info'>
<span title='Test started time' alt='Test started time' class='test-started-time label green lighten-1 text-white'>2021-05-29 20:16:07</span>
<span title='Test ended time' alt='Test ended time' class='test-ended-time label red lighten-1 text-white'>2021-05-29 20:16:07</span>
<span title='Time taken to finish' alt='Time taken to finish' class='test-time-taken label blue-grey lighten-3 text-white'>0h 0m 0s+511ms</span>
</div>
<div class='test-desc'></div>
<div class='test-attributes'>
</div>
<div class='test-steps'>
<table class='bordered table-results'>
<thead>
<tr>
<th>Status</th>
<th>Timestamp</th>
<th>Details</th>
</tr>
</thead>
<tbody>
<tr>
<td class='status pass' title='pass' alt='pass'><i class='mdi-action-check-circle'></i></td>
<td class='timestamp'>20:16:07</td>
<td class='step-details'>TestCase Description : Verify that previous year navigation button is displayed and enabled.</td>
</tr>
<tr>
<td class='status pass' title='pass' alt='pass'><i class='mdi-action-check-circle'></i></td>
<td class='timestamp'>20:16:07</td>
<td class='step-details'>Test Passed</td>
</tr>
</tbody>
</table>
<ul class='collapsible node-list' data-collapsible='accordion'>
</ul>
</div>
</div>
</li>
<li class='collection-item test displayed active pass ' extentid='2eba730a-fc69-45a9-bbb7-afc891124fd1'>
<div class='test-head'>
<span class='test-name'>verifyAggregationPeriodDatePickerSelectedYearIsDisplayedMiddleOfTheCalendar </span>
<span class='test-status label right outline capitalize pass'>pass</span>
<span class='category-assigned hide '></span>
</div>
<div class='test-body'>
<div class='test-info'>
<span title='Test started time' alt='Test started time' class='test-started-time label green lighten-1 text-white'>2021-05-29 20:16:07</span>
<span title='Test ended time' alt='Test ended time' class='test-ended-time label red lighten-1 text-white'>2021-05-29 20:16:08</span>
<span title='Time taken to finish' alt='Time taken to finish' class='test-time-taken label blue-grey lighten-3 text-white'>0h 0m 0s+619ms</span>
</div>
<div class='test-desc'></div>
<div class='test-attributes'>
</div>
<div class='test-steps'>
<table class='bordered table-results'>
<thead>
<tr>
<th>Status</th>
<th>Timestamp</th>
<th>Details</th>
</tr>
</thead>
<tbody>
<tr>
<td class='status pass' title='pass' alt='pass'><i class='mdi-action-check-circle'></i></td>
<td class='timestamp'>20:16:08</td>
<td class='step-details'>TestCase Description : Verify that selected year is displayed in the middle of the calendar.</td>
</tr>
<tr>
<td class='status pass' title='pass' alt='pass'><i class='mdi-action-check-circle'></i></td>
<td class='timestamp'>20:16:08</td>
<td class='step-details'>Test Passed</td>
</tr>
</tbody>
</table>
<ul class='collapsible node-list' data-collapsible='accordion'>
</ul>
</div>
</div>
</li>
<li class='collection-item test displayed active fail ' extentid='393c64a8-11f6-4fbf-abf6-af76b9d97a52'>
<div class='test-head'>
<span class='test-name'>verifyAggregationPeriodDatePickerSelectedfutureYearIsDisplayedMiddleOfTheCalendar </span>
<span class='test-status label right outline capitalize fail'>fail</span>
<span class='category-assigned hide '></span>
</div>
<div class='test-body'>
<div class='test-info'>
<span title='Test started time' alt='Test started time' class='test-started-time label green lighten-1 text-white'>2021-05-29 20:16:08</span>
<span title='Test ended time' alt='Test ended time' class='test-ended-time label red lighten-1 text-white'>2021-05-29 20:16:09</span>
<span title='Time taken to finish' alt='Time taken to finish' class='test-time-taken label blue-grey lighten-3 text-white'>0h 0m 0s+652ms</span>
</div>
<div class='test-desc'></div>
<div class='test-attributes'>
</div>
<div class='test-steps'>
<table class='bordered table-results'>
<thead>
<tr>
<th>Status</th>
<th>Timestamp</th>
<th>Details</th>
</tr>
</thead>
<tbody>
<tr>
<td class='status fail' title='fail' alt='fail'><i class='mdi-navigation-cancel'></i></td>
<td class='timestamp'>20:16:09</td>
<td class='step-details'>TestCase Description : Verify that selected year is displayed in the middle of the calendar.</td>
</tr>
<tr>
<td class='status fail' title='fail' alt='fail'><i class='mdi-navigation-cancel'></i></td>
<td class='timestamp'>20:16:09</td>
<td class='step-details'>Test Failed</td>
</tr>
<tr>
<td class='status fail' title='fail' alt='fail'><i class='mdi-navigation-cancel'></i></td>
<td class='timestamp'>20:16:09</td>
<td class='step-details'>Test failed with Exception : java.lang.AssertionError: expected [2022] but found [2020]</td>
</tr>
</tbody>
</table>
<ul class='collapsible node-list' data-collapsible='accordion'>
</ul>
</div>
</div>
</li>
<li class='collection-item test displayed active pass ' extentid='9cef9013-6e3a-4ebd-965d-6e78e511412d'>
<div class='test-head'>
<span class='test-name'>verifyAggregationPeriodDatePickerSeptemberIsSelected </span>
<span class='test-status label right outline capitalize pass'>pass</span>
<span class='category-assigned hide '></span>
</div>
<div class='test-body'>
<div class='test-info'>
<span title='Test started time' alt='Test started time' class='test-started-time label green lighten-1 text-white'>2021-05-29 20:16:09</span>
<span title='Test ended time' alt='Test ended time' class='test-ended-time label red lighten-1 text-white'>2021-05-29 20:16:09</span>
<span title='Time taken to finish' alt='Time taken to finish' class='test-time-taken label blue-grey lighten-3 text-white'>0h 0m 0s+670ms</span>
</div>
<div class='test-desc'></div>
<div class='test-attributes'>
</div>
<div class='test-steps'>
<table class='bordered table-results'>
<thead>
<tr>
<th>Status</th>
<th>Timestamp</th>
<th>Details</th>
</tr>
</thead>
<tbody>
<tr>
<td class='status pass' title='pass' alt='pass'><i class='mdi-action-check-circle'></i></td>
<td class='timestamp'>20:16:09</td>
<td class='step-details'>TestCase Description : Verify that selected September month is Selected.</td>
</tr>
<tr>
<td class='status pass' title='pass' alt='pass'><i class='mdi-action-check-circle'></i></td>
<td class='timestamp'>20:16:09</td>
<td class='step-details'>Test Passed</td>
</tr>
</tbody>
</table>
<ul class='collapsible node-list' data-collapsible='accordion'>
</ul>
</div>
</div>
</li>
<li class='collection-item test displayed active pass ' extentid='cfac635b-c583-4cbc-85f1-7a01b1deb135'>
<div class='test-head'>
<span class='test-name'>verifyAggregationPeriodDatePickerSeptemberMonth </span>
<span class='test-status label right outline capitalize pass'>pass</span>
<span class='category-assigned hide '></span>
</div>
<div class='test-body'>
<div class='test-info'>
<span title='Test started time' alt='Test started time' class='test-started-time label green lighten-1 text-white'>2021-05-29 20:16:09</span>
<span title='Test ended time' alt='Test ended time' class='test-ended-time label red lighten-1 text-white'>2021-05-29 20:16:10</span>
<span title='Time taken to finish' alt='Time taken to finish' class='test-time-taken label blue-grey lighten-3 text-white'>0h 0m 0s+756ms</span>
</div>
<div class='test-desc'></div>
<div class='test-attributes'>
</div>
<div class='test-steps'>
<table class='bordered table-results'>
<thead>
<tr>
<th>Status</th>
<th>Timestamp</th>
<th>Details</th>
</tr>
</thead>
<tbody>
<tr>
<td class='status pass' title='pass' alt='pass'><i class='mdi-action-check-circle'></i></td>
<td class='timestamp'>20:16:10</td>
<td class='step-details'>TestCase Description : Verify that September month is displayed on the Aggression period date picker window.</td>
</tr>
<tr>
<td class='status pass' title='pass' alt='pass'><i class='mdi-action-check-circle'></i></td>
<td class='timestamp'>20:16:10</td>
<td class='step-details'>Test Passed</td>
</tr>
</tbody>
</table>
<ul class='collapsible node-list' data-collapsible='accordion'>
</ul>
</div>
</div>
</li>
<li class='collection-item test displayed active fail ' extentid='1c82cf8d-49ec-4ddb-b09a-82c43967437c'>
<div class='test-head'>
<span class='test-name'>verifyAggregationPeriodDateSelectedAprilDisplayedInTheTextBox </span>
<span class='test-status label right outline capitalize fail'>fail</span>
<span class='category-assigned hide '></span>
</div>
<div class='test-body'>
<div class='test-info'>
<span title='Test started time' alt='Test started time' class='test-started-time label green lighten-1 text-white'>2021-05-29 20:16:10</span>
<span title='Test ended time' alt='Test ended time' class='test-ended-time label red lighten-1 text-white'>2021-05-29 20:16:11</span>
<span title='Time taken to finish' alt='Time taken to finish' class='test-time-taken label blue-grey lighten-3 text-white'>0h 0m 0s+608ms</span>
</div>
<div class='test-desc'></div>
<div class='test-attributes'>
</div>
<div class='test-steps'>
<table class='bordered table-results'>
<thead>
<tr>
<th>Status</th>
<th>Timestamp</th>
<th>Details</th>
</tr>
</thead>
<tbody>
<tr>
<td class='status fail' title='fail' alt='fail'><i class='mdi-navigation-cancel'></i></td>
<td class='timestamp'>20:16:11</td>
<td class='step-details'>TestCase Description : Select Apr 2021 in the calender, verify that calendar is closed and the value of the date textbox is "2021-04".</td>
</tr>
<tr>
<td class='status fail' title='fail' alt='fail'><i class='mdi-navigation-cancel'></i></td>
<td class='timestamp'>20:16:11</td>
<td class='step-details'>Test Failed</td>
</tr>
<tr>
<td class='status fail' title='fail' alt='fail'><i class='mdi-navigation-cancel'></i></td>
<td class='timestamp'>20:16:11</td>
<td class='step-details'>Test failed with Exception : java.lang.IllegalArgumentException: No enum constant cocoro.enums.Year.2021</td>
</tr>
</tbody>
</table>
<ul class='collapsible node-list' data-collapsible='accordion'>
</ul>
</div>
</div>
</li>
<li class='collection-item test displayed active fail ' extentid='6619cb3f-8e1a-422c-b8f7-12444dc2d450'>
<div class='test-head'>
<span class='test-name'>verifyAggregationPeriodDateSelectedAugustDisplayedInTheTextBox </span>
<span class='test-status label right outline capitalize fail'>fail</span>
<span class='category-assigned hide '></span>
</div>
<div class='test-body'>
<div class='test-info'>
<span title='Test started time' alt='Test started time' class='test-started-time label green lighten-1 text-white'>2021-05-29 20:16:11</span>
<span title='Test ended time' alt='Test ended time' class='test-ended-time label red lighten-1 text-white'>2021-05-29 20:16:11</span>
<span title='Time taken to finish' alt='Time taken to finish' class='test-time-taken label blue-grey lighten-3 text-white'>0h 0m 0s+546ms</span>
</div>
<div class='test-desc'></div>
<div class='test-attributes'>
</div>
<div class='test-steps'>
<table class='bordered table-results'>
<thead>
<tr>
<th>Status</th>
<th>Timestamp</th>
<th>Details</th>
</tr>
</thead>
<tbody>
<tr>
<td class='status fail' title='fail' alt='fail'><i class='mdi-navigation-cancel'></i></td>
<td class='timestamp'>20:16:11</td>
<td class='step-details'>TestCase Description : Select August 2021 in the calender, verify that calendar is closed and the value of the date textbox is "2021-08".</td>
</tr>
<tr>
<td class='status fail' title='fail' alt='fail'><i class='mdi-navigation-cancel'></i></td>
<td class='timestamp'>20:16:11</td>
<td class='step-details'>Test Failed</td>
</tr>
<tr>
<td class='status fail' title='fail' alt='fail'><i class='mdi-navigation-cancel'></i></td>
<td class='timestamp'>20:16:11</td>
<td class='step-details'>Test failed with Exception : java.lang.IllegalArgumentException: No enum constant cocoro.enums.Year.2021</td>
</tr>
</tbody>
</table>
<ul class='collapsible node-list' data-collapsible='accordion'>
</ul>
</div>
</div>
</li>
<li class='collection-item test displayed active fail ' extentid='024a75a8-a0f9-4c13-99b4-89430849a058'>
<div class='test-head'>
<span class='test-name'>verifyAggregationPeriodDateSelectedDecemberDisplayedInTheTextBox </span>
<span class='test-status label right outline capitalize fail'>fail</span>
<span class='category-assigned hide '></span>
</div>
<div class='test-body'>
<div class='test-info'>
<span title='Test started time' alt='Test started time' class='test-started-time label green lighten-1 text-white'>2021-05-29 20:16:11</span>
<span title='Test ended time' alt='Test ended time' class='test-ended-time label red lighten-1 text-white'>2021-05-29 20:16:12</span>
<span title='Time taken to finish' alt='Time taken to finish' class='test-time-taken label blue-grey lighten-3 text-white'>0h 0m 0s+580ms</span>
</div>
<div class='test-desc'></div>
<div class='test-attributes'>
</div>
<div class='test-steps'>
<table class='bordered table-results'>
<thead>
<tr>
<th>Status</th>
<th>Timestamp</th>
<th>Details</th>
</tr>
</thead>
<tbody>
<tr>
<td class='status fail' title='fail' alt='fail'><i class='mdi-navigation-cancel'></i></td>
<td class='timestamp'>20:16:12</td>
<td class='step-details'>TestCase Description : Select December 2021 in the calender, verify that calendar is closed and the value of the date textbox is "2021-12".</td>
</tr>
<tr>
<td class='status fail' title='fail' alt='fail'><i class='mdi-navigation-cancel'></i></td>
<td class='timestamp'>20:16:12</td>
<td class='step-details'>Test Failed</td>
</tr>
<tr>
<td class='status fail' title='fail' alt='fail'><i class='mdi-navigation-cancel'></i></td>
<td class='timestamp'>20:16:12</td>
<td class='step-details'>Test failed with Exception : java.lang.IllegalArgumentException: No enum constant cocoro.enums.Year.2021</td>
</tr>
</tbody>
</table>
<ul class='collapsible node-list' data-collapsible='accordion'>
</ul>
</div>
</div>
</li>
<li class='collection-item test displayed active fail ' extentid='aee8097e-77d7-41c9-a797-3127333ff98d'>
<div class='test-head'>
<span class='test-name'>verifyAggregationPeriodDateSelectedFebruaryDisplayedInTheTextBox </span>
<span class='test-status label right outline capitalize fail'>fail</span>
<span class='category-assigned hide '></span>
</div>
<div class='test-body'>
<div class='test-info'>
<span title='Test started time' alt='Test started time' class='test-started-time label green lighten-1 text-white'>2021-05-29 20:16:12</span>
<span title='Test ended time' alt='Test ended time' class='test-ended-time label red lighten-1 text-white'>2021-05-29 20:16:12</span>
<span title='Time taken to finish' alt='Time taken to finish' class='test-time-taken label blue-grey lighten-3 text-white'>0h 0m 0s+559ms</span>
</div>
<div class='test-desc'></div>
<div class='test-attributes'>
</div>
<div class='test-steps'>
<table class='bordered table-results'>
<thead>
<tr>
<th>Status</th>
<th>Timestamp</th>
<th>Details</th>
</tr>
</thead>
<tbody>
<tr>
<td class='status fail' title='fail' alt='fail'><i class='mdi-navigation-cancel'></i></td>
<td class='timestamp'>20:16:12</td>
<td class='step-details'>TestCase Description : Select Feb 2021 in the calender, verify that calendar is closed and the value of the date textbox is "2021-02".</td>
</tr>
<tr>
<td class='status fail' title='fail' alt='fail'><i class='mdi-navigation-cancel'></i></td>
<td class='timestamp'>20:16:12</td>
<td class='step-details'>Test Failed</td>
</tr>
<tr>
<td class='status fail' title='fail' alt='fail'><i class='mdi-navigation-cancel'></i></td>
<td class='timestamp'>20:16:12</td>
<td class='step-details'>Test failed with Exception : java.lang.IllegalArgumentException: No enum constant cocoro.enums.Year.2021</td>
</tr>
</tbody>
</table>
<ul class='collapsible node-list' data-collapsible='accordion'>
</ul>
</div>
</div>
</li>
<li class='collection-item test displayed active fail ' extentid='da2359ea-55ac-41c6-9d58-ad1700f4ebbf'>
<div class='test-head'>
<span class='test-name'>verifyAggregationPeriodDateSelectedInTheTextBox </span>
<span class='test-status label right outline capitalize fail'>fail</span>
<span class='category-assigned hide '></span>
</div>
<div class='test-body'>
<div class='test-info'>
<span title='Test started time' alt='Test started time' class='test-started-time label green lighten-1 text-white'>2021-05-29 20:16:12</span>
<span title='Test ended time' alt='Test ended time' class='test-ended-time label red lighten-1 text-white'>2021-05-29 20:16:13</span>
<span title='Time taken to finish' alt='Time taken to finish' class='test-time-taken label blue-grey lighten-3 text-white'>0h 0m 0s+609ms</span>
</div>
<div class='test-desc'></div>
<div class='test-attributes'>
</div>
<div class='test-steps'>
<table class='bordered table-results'>
<thead>
<tr>
<th>Status</th>
<th>Timestamp</th>
<th>Details</th>
</tr>
</thead>
<tbody>
<tr>
<td class='status fail' title='fail' alt='fail'><i class='mdi-navigation-cancel'></i></td>
<td class='timestamp'>20:16:13</td>
<td class='step-details'>TestCase Description : Verify that selected year and month is displayed in the date text box.
Example: - if user selects year "2020" and month "October".
Value in the date field should be in the format "2020-10".</td>
</tr>
<tr>
<td class='status fail' title='fail' alt='fail'><i class='mdi-navigation-cancel'></i></td>
<td class='timestamp'>20:16:13</td>
<td class='step-details'>Test Failed</td>
</tr>
<tr>
<td class='status fail' title='fail' alt='fail'><i class='mdi-navigation-cancel'></i></td>
<td class='timestamp'>20:16:13</td>
<td class='step-details'>Test failed with Exception : java.lang.IllegalArgumentException: No enum constant cocoro.enums.Year.2020</td>
</tr>
</tbody>
</table>
<ul class='collapsible node-list' data-collapsible='accordion'>
</ul>
</div>
</div>
</li>
<li class='collection-item test displayed active fail ' extentid='35b71848-8487-4346-9513-a59998b1d390'>
<div class='test-head'>
<span class='test-name'>verifyAggregationPeriodDateSelectedJanuaryDisplayedInTheTextBox </span>
<span class='test-status label right outline capitalize fail'>fail</span>
<span class='category-assigned hide '></span>
</div>
<div class='test-body'>
<div class='test-info'>
<span title='Test started time' alt='Test started time' class='test-started-time label green lighten-1 text-white'>2021-05-29 20:16:13</span>
<span title='Test ended time' alt='Test ended time' class='test-ended-time label red lighten-1 text-white'>2021-05-29 20:16:44</span>
<span title='Time taken to finish' alt='Time taken to finish' class='test-time-taken label blue-grey lighten-3 text-white'>0h 0m 30s+717ms</span>
</div>
<div class='test-desc'></div>
<div class='test-attributes'>
</div>
<div class='test-steps'>
<table class='bordered table-results'>
<thead>
<tr>
<th>Status</th>
<th>Timestamp</th>
<th>Details</th>
</tr>
</thead>
<tbody>
<tr>
<td class='status fail' title='fail' alt='fail'><i class='mdi-navigation-cancel'></i></td>
<td class='timestamp'>20:16:44</td>
<td class='step-details'>TestCase Description : Select Jan 2021 in the calender, verify that calendar is closed and the value of the date textbox is \"2021-01\".</td>
</tr>
<tr>
<td class='status fail' title='fail' alt='fail'><i class='mdi-navigation-cancel'></i></td>
<td class='timestamp'>20:16:44</td>
<td class='step-details'>Test Failed</td>
</tr>
<tr>
<td class='status fail' title='fail' alt='fail'><i class='mdi-navigation-cancel'></i></td>
<td class='timestamp'>20:16:44</td>
<td class='step-details'>Test failed with Exception : org.openqa.selenium.TimeoutException: Expected condition failed: waiting for presence of any elements located by By.xpath: //*[@id='id_wrapper']//div[1]/div[contains(@class,'react-datepicker__month-0')] (tried for 30 second(s) with 500 MILLISECONDS interval)
Build info: version: 'unknown', revision: 'unknown', time: 'unknown'
System info: host: 'PRAVEENC-PC', ip: '172.29.241.99', os.name: 'Windows 10', os.arch: 'amd64', os.version: '10.0', java.version: '1.8.0_281'
Driver info: com.isomorphic.webdriver.SmartClientChromeDriver</td>
</tr>
</tbody>
</table>
<ul class='collapsible node-list' data-collapsible='accordion'>
</ul>
</div>
</div>
</li>
<li class='collection-item test displayed active fail ' extentid='b47a82de-421b-4389-983a-130f28d11a81'>
<div class='test-head'>
<span class='test-name'>verifyAggregationPeriodDateSelectedJulyDisplayedInTheTextBox </span>
<span class='test-status label right outline capitalize fail'>fail</span>
<span class='category-assigned hide '></span>
</div>
<div class='test-body'>
<div class='test-info'>
<span title='Test started time' alt='Test started time' class='test-started-time label green lighten-1 text-white'>2021-05-29 20:16:44</span>
<span title='Test ended time' alt='Test ended time' class='test-ended-time label red lighten-1 text-white'>2021-05-29 20:16:45</span>
<span title='Time taken to finish' alt='Time taken to finish' class='test-time-taken label blue-grey lighten-3 text-white'>0h 0m 1s+23ms</span>
</div>
<div class='test-desc'></div>
<div class='test-attributes'>
</div>
<div class='test-steps'>
<table class='bordered table-results'>
<thead>
<tr>
<th>Status</th>
<th>Timestamp</th>
<th>Details</th>
</tr>
</thead>
<tbody>
<tr>
<td class='status fail' title='fail' alt='fail'><i class='mdi-navigation-cancel'></i></td>
<td class='timestamp'>20:16:45</td>
<td class='step-details'>TestCase Description : Select july 2021 in the calender, verify that calendar is closed and the value of the date textbox is "2021-07".</td>
</tr>
<tr>
<td class='status fail' title='fail' alt='fail'><i class='mdi-navigation-cancel'></i></td>
<td class='timestamp'>20:16:45</td>
<td class='step-details'>Test Failed</td>
</tr>
<tr>
<td class='status fail' title='fail' alt='fail'><i class='mdi-navigation-cancel'></i></td>
<td class='timestamp'>20:16:45</td>
<td class='step-details'>Test failed with Exception : java.lang.IllegalArgumentException: No enum constant cocoro.enums.Year.2021</td>
</tr>
</tbody>
</table>
<ul class='collapsible node-list' data-collapsible='accordion'>
</ul>
</div>
</div>
</li>
<li class='collection-item test displayed active fail ' extentid='0757d8a3-4233-44fc-8d6f-3e1f85d6032d'>
<div class='test-head'>
<span class='test-name'>verifyAggregationPeriodDateSelectedJuneDisplayedInTheTextBox </span>
<span class='test-status label right outline capitalize fail'>fail</span>
<span class='category-assigned hide '></span>
</div>
<div class='test-body'>
<div class='test-info'>
<span title='Test started time' alt='Test started time' class='test-started-time label green lighten-1 text-white'>2021-05-29 20:16:45</span>
<span title='Test ended time' alt='Test ended time' class='test-ended-time label red lighten-1 text-white'>2021-05-29 20:16:45</span>
<span title='Time taken to finish' alt='Time taken to finish' class='test-time-taken label blue-grey lighten-3 text-white'>0h 0m 0s+568ms</span>
</div>
<div class='test-desc'></div>
<div class='test-attributes'>
</div>
<div class='test-steps'>
<table class='bordered table-results'>
<thead>
<tr>
<th>Status</th>
<th>Timestamp</th>
<th>Details</th>
</tr>
</thead>
<tbody>
<tr>
<td class='status fail' title='fail' alt='fail'><i class='mdi-navigation-cancel'></i></td>
<td class='timestamp'>20:16:45</td>
<td class='step-details'>TestCase Description : Select jun 2021 in the calender, verify that calendar is closed and the value of the date textbox is "2021-06".</td>
</tr>
<tr>
<td class='status fail' title='fail' alt='fail'><i class='mdi-navigation-cancel'></i></td>
<td class='timestamp'>20:16:45</td>
<td class='step-details'>Test Failed</td>
</tr>
<tr>
<td class='status fail' title='fail' alt='fail'><i class='mdi-navigation-cancel'></i></td>
<td class='timestamp'>20:16:45</td>
<td class='step-details'>Test failed with Exception : java.lang.IllegalArgumentException: No enum constant cocoro.enums.Year.2021</td>
</tr>
</tbody>
</table>
<ul class='collapsible node-list' data-collapsible='accordion'>
</ul>
</div>
</div>
</li>
<li class='collection-item test displayed active fail ' extentid='8237e89b-b018-4d73-a827-3a59dbf64f7e'>
<div class='test-head'>
<span class='test-name'>verifyAggregationPeriodDateSelectedMarchDisplayedInTheTextBox </span>
<span class='test-status label right outline capitalize fail'>fail</span>
<span class='category-assigned hide '></span>
</div>
<div class='test-body'>
<div class='test-info'>
<span title='Test started time' alt='Test started time' class='test-started-time label green lighten-1 text-white'>2021-05-29 20:16:45</span>
<span title='Test ended time' alt='Test ended time' class='test-ended-time label red lighten-1 text-white'>2021-05-29 20:16:46</span>
<span title='Time taken to finish' alt='Time taken to finish' class='test-time-taken label blue-grey lighten-3 text-white'>0h 0m 0s+547ms</span>
</div>
<div class='test-desc'></div>
<div class='test-attributes'>
</div>
<div class='test-steps'>
<table class='bordered table-results'>
<thead>
<tr>
<th>Status</th>
<th>Timestamp</th>
<th>Details</th>
</tr>
</thead>
<tbody>
<tr>
<td class='status fail' title='fail' alt='fail'><i class='mdi-navigation-cancel'></i></td>
<td class='timestamp'>20:16:46</td>
<td class='step-details'>TestCase Description : Select Mar 2021 in the calender, verify that calendar is closed and the value of the date textbox is "2021-03".</td>
</tr>
<tr>
<td class='status fail' title='fail' alt='fail'><i class='mdi-navigation-cancel'></i></td>
<td class='timestamp'>20:16:46</td>
<td class='step-details'>Test Failed</td>
</tr>
<tr>
<td class='status fail' title='fail' alt='fail'><i class='mdi-navigation-cancel'></i></td>
<td class='timestamp'>20:16:46</td>
<td class='step-details'>Test failed with Exception : java.lang.IllegalArgumentException: No enum constant cocoro.enums.Year.2021</td>
</tr>
</tbody>
</table>
<ul class='collapsible node-list' data-collapsible='accordion'>
</ul>
</div>
</div>
</li>
<li class='collection-item test displayed active fail ' extentid='aa3a5935-6e9f-4d1d-86e3-e5067cc93cb3'>
<div class='test-head'>
<span class='test-name'>verifyAggregationPeriodDateSelectedMayDisplayedInTheTextBox </span>
<span class='test-status label right outline capitalize fail'>fail</span>
<span class='category-assigned hide '></span>
</div>
<div class='test-body'>
<div class='test-info'>
<span title='Test started time' alt='Test started time' class='test-started-time label green lighten-1 text-white'>2021-05-29 20:16:46</span>
<span title='Test ended time' alt='Test ended time' class='test-ended-time label red lighten-1 text-white'>2021-05-29 20:16:47</span>
<span title='Time taken to finish' alt='Time taken to finish' class='test-time-taken label blue-grey lighten-3 text-white'>0h 0m 0s+571ms</span>
</div>
<div class='test-desc'></div>
<div class='test-attributes'>
</div>
<div class='test-steps'>
<table class='bordered table-results'>
<thead>
<tr>
<th>Status</th>
<th>Timestamp</th>
<th>Details</th>
</tr>
</thead>
<tbody>
<tr>
<td class='status fail' title='fail' alt='fail'><i class='mdi-navigation-cancel'></i></td>
<td class='timestamp'>20:16:47</td>
<td class='step-details'>TestCase Description : Select May 2021 in the calender, verify that calendar is closed and the value of the date textbox is "2021-05".</td>
</tr>
<tr>
<td class='status fail' title='fail' alt='fail'><i class='mdi-navigation-cancel'></i></td>
<td class='timestamp'>20:16:47</td>
<td class='step-details'>Test Failed</td>
</tr>
<tr>
<td class='status fail' title='fail' alt='fail'><i class='mdi-navigation-cancel'></i></td>
<td class='timestamp'>20:16:47</td>
<td class='step-details'>Test failed with Exception : java.lang.IllegalArgumentException: No enum constant cocoro.enums.Year.2021</td>
</tr>
</tbody>
</table>
<ul class='collapsible node-list' data-collapsible='accordion'>
</ul>
</div>
</div>
</li>
<li class='collection-item test displayed active fail ' extentid='5d57bb60-f28d-4c4b-a975-fd2bcf30d627'>
<div class='test-head'>
<span class='test-name'>verifyAggregationPeriodDateSelectedNovemberDisplayedInTheTextBox </span>
<span class='test-status label right outline capitalize fail'>fail</span>
<span class='category-assigned hide '></span>
</div>
<div class='test-body'>
<div class='test-info'>
<span title='Test started time' alt='Test started time' class='test-started-time label green lighten-1 text-white'>2021-05-29 20:16:47</span>
<span title='Test ended time' alt='Test ended time' class='test-ended-time label red lighten-1 text-white'>2021-05-29 20:16:47</span>
<span title='Time taken to finish' alt='Time taken to finish' class='test-time-taken label blue-grey lighten-3 text-white'>0h 0m 0s+554ms</span>
</div>
<div class='test-desc'></div>
<div class='test-attributes'>
</div>
<div class='test-steps'>
<table class='bordered table-results'>
<thead>
<tr>
<th>Status</th>
<th>Timestamp</th>
<th>Details</th>
</tr>
</thead>
<tbody>
<tr>
<td class='status fail' title='fail' alt='fail'><i class='mdi-navigation-cancel'></i></td>
<td class='timestamp'>20:16:47</td>
<td class='step-details'>TestCase Description : Select November 2021 in the calender, verify that calendar is closed and the value of the date textbox is "2021-11".</td>
</tr>
<tr>
<td class='status fail' title='fail' alt='fail'><i class='mdi-navigation-cancel'></i></td>
<td class='timestamp'>20:16:47</td>
<td class='step-details'>Test Failed</td>
</tr>
<tr>
<td class='status fail' title='fail' alt='fail'><i class='mdi-navigation-cancel'></i></td>
<td class='timestamp'>20:16:47</td>
<td class='step-details'>Test failed with Exception : java.lang.IllegalArgumentException: No enum constant cocoro.enums.Year.2021</td>
</tr>
</tbody>
</table>
<ul class='collapsible node-list' data-collapsible='accordion'>
</ul>
</div>
</div>
</li>
<li class='collection-item test displayed active fail ' extentid='99e87a25-35f4-4d26-8433-db25c68b21ed'>
<div class='test-head'>
<span class='test-name'>verifyAggregationPeriodDateSelectedOctoberDisplayedInTheTextBox </span>
<span class='test-status label right outline capitalize fail'>fail</span>
<span class='category-assigned hide '></span>
</div>
<div class='test-body'>
<div class='test-info'>
<span title='Test started time' alt='Test started time' class='test-started-time label green lighten-1 text-white'>2021-05-29 20:16:47</span>
<span title='Test ended time' alt='Test ended time' class='test-ended-time label red lighten-1 text-white'>2021-05-29 20:16:48</span>
<span title='Time taken to finish' alt='Time taken to finish' class='test-time-taken label blue-grey lighten-3 text-white'>0h 0m 0s+562ms</span>
</div>
<div class='test-desc'></div>
<div class='test-attributes'>
</div>
<div class='test-steps'>
<table class='bordered table-results'>
<thead>
<tr>
<th>Status</th>
<th>Timestamp</th>
<th>Details</th>
</tr>
</thead>
<tbody>
<tr>
<td class='status fail' title='fail' alt='fail'><i class='mdi-navigation-cancel'></i></td>
<td class='timestamp'>20:16:48</td>
<td class='step-details'>TestCase Description : Select October 2021 in the calender, verify that calendar is closed and the value of the date textbox is "2021-10".</td>
</tr>
<tr>
<td class='status fail' title='fail' alt='fail'><i class='mdi-navigation-cancel'></i></td>
<td class='timestamp'>20:16:48</td>
<td class='step-details'>Test Failed</td>
</tr>
<tr>
<td class='status fail' title='fail' alt='fail'><i class='mdi-navigation-cancel'></i></td>
<td class='timestamp'>20:16:48</td>
<td class='step-details'>Test failed with Exception : java.lang.IllegalArgumentException: No enum constant cocoro.enums.Year.2021</td>
</tr>
</tbody>
</table>
<ul class='collapsible node-list' data-collapsible='accordion'>
</ul>
</div>
</div>
</li>
<li class='collection-item test displayed active fail ' extentid='bcc44bfe-a5fa-4279-83bd-fcad54923dcb'>
<div class='test-head'>
<span class='test-name'>verifyAggregationPeriodDateSelectedSeptemberDisplayedInTheTextBox </span>
<span class='test-status label right outline capitalize fail'>fail</span>
<span class='category-assigned hide '></span>
</div>
<div class='test-body'>
<div class='test-info'>
<span title='Test started time' alt='Test started time' class='test-started-time label green lighten-1 text-white'>2021-05-29 20:16:48</span>
<span title='Test ended time' alt='Test ended time' class='test-ended-time label red lighten-1 text-white'>2021-05-29 20:16:48</span>
<span title='Time taken to finish' alt='Time taken to finish' class='test-time-taken label blue-grey lighten-3 text-white'>0h 0m 0s+594ms</span>
</div>
<div class='test-desc'></div>
<div class='test-attributes'>
</div>
<div class='test-steps'>
<table class='bordered table-results'>
<thead>
<tr>
<th>Status</th>
<th>Timestamp</th>
<th>Details</th>
</tr>
</thead>
<tbody>
<tr>
<td class='status fail' title='fail' alt='fail'><i class='mdi-navigation-cancel'></i></td>
<td class='timestamp'>20:16:48</td>
<td class='step-details'>TestCase Description : Select September 2021 in the calender, verify that calendar is closed and the value of the date textbox is "2021-09".</td>
</tr>
<tr>
<td class='status fail' title='fail' alt='fail'><i class='mdi-navigation-cancel'></i></td>
<td class='timestamp'>20:16:48</td>
<td class='step-details'>Test Failed</td>
</tr>
<tr>
<td class='status fail' title='fail' alt='fail'><i class='mdi-navigation-cancel'></i></td>
<td class='timestamp'>20:16:48</td>
<td class='step-details'>Test failed with Exception : java.lang.IllegalArgumentException: No enum constant cocoro.enums.Year.2021</td>
</tr>
</tbody>
</table>
<ul class='collapsible node-list' data-collapsible='accordion'>
</ul>
</div>
</div>
</li>
<li class='collection-item test displayed active fail ' extentid='38289d7b-7143-4f00-874e-e8ce1965b968'>
<div class='test-head'>
<span class='test-name'>verifyAggregationPeriodFutureYearDateSelectedAndDisplayedInTheTextBox </span>
<span class='test-status label right outline capitalize fail'>fail</span>
<span class='category-assigned hide '></span>
</div>
<div class='test-body'>
<div class='test-info'>
<span title='Test started time' alt='Test started time' class='test-started-time label green lighten-1 text-white'>2021-05-29 20:16:48</span>
<span title='Test ended time' alt='Test ended time' class='test-ended-time label red lighten-1 text-white'>2021-05-29 20:16:49</span>
<span title='Time taken to finish' alt='Time taken to finish' class='test-time-taken label blue-grey lighten-3 text-white'>0h 0m 0s+660ms</span>
</div>
<div class='test-desc'></div>
<div class='test-attributes'>
</div>
<div class='test-steps'>
<table class='bordered table-results'>
<thead>
<tr>
<th>Status</th>
<th>Timestamp</th>
<th>Details</th>
</tr>
</thead>
<tbody>
<tr>
<td class='status fail' title='fail' alt='fail'><i class='mdi-navigation-cancel'></i></td>
<td class='timestamp'>20:16:49</td>
<td class='step-details'>TestCase Description : Verify that Future year month can be selectable and displayed.</td>
</tr>
<tr>
<td class='status fail' title='fail' alt='fail'><i class='mdi-navigation-cancel'></i></td>
<td class='timestamp'>20:16:49</td>
<td class='step-details'>Test Failed</td>
</tr>
<tr>
<td class='status fail' title='fail' alt='fail'><i class='mdi-navigation-cancel'></i></td>
<td class='timestamp'>20:16:49</td>
<td class='step-details'>Test failed with Exception : java.lang.IllegalArgumentException: No enum constant cocoro.enums.Year.2022</td>
</tr>
</tbody>
</table>
<ul class='collapsible node-list' data-collapsible='accordion'>
</ul>
</div>
</div>
</li>
<li class='collection-item test displayed active pass ' extentid='9e613894-fff6-4396-bb7b-f20151cd0973'>
<div class='test-head'>
<span class='test-name'>verifyAggregationPeriodLblText </span>
<span class='test-status label right outline capitalize pass'>pass</span>
<span class='category-assigned hide '></span>
</div>
<div class='test-body'>
<div class='test-info'>
<span title='Test started time' alt='Test started time' class='test-started-time label green lighten-1 text-white'>2021-05-29 20:16:49</span>
<span title='Test ended time' alt='Test ended time' class='test-ended-time label red lighten-1 text-white'>2021-05-29 20:16:49</span>
<span title='Time taken to finish' alt='Time taken to finish' class='test-time-taken label blue-grey lighten-3 text-white'>0h 0m 0s+27ms</span>
</div>
<div class='test-desc'></div>
<div class='test-attributes'>
</div>
<div class='test-steps'>
<table class='bordered table-results'>
<thead>
<tr>
<th>Status</th>
<th>Timestamp</th>
<th>Details</th>
</tr>
</thead>
<tbody>
<tr>
<td class='status pass' title='pass' alt='pass'><i class='mdi-action-check-circle'></i></td>
<td class='timestamp'>20:16:49</td>
<td class='step-details'>TestCase Description : Verify that "Aggregation period:" text is displayed.</td>
</tr>
<tr>
<td class='status pass' title='pass' alt='pass'><i class='mdi-action-check-circle'></i></td>
<td class='timestamp'>20:16:49</td>
<td class='step-details'>Test Passed</td>
</tr>
</tbody>
</table>
<ul class='collapsible node-list' data-collapsible='accordion'>
</ul>
</div>
</div>
</li>
<li class='collection-item test displayed active fail ' extentid='48af81ad-50c9-4d76-aa4e-73127bbb0a54'>
<div class='test-head'>
<span class='test-name'>verifyAggregationPeriodPreviousYearDateSelectedAndDisplayedInTheTextBox </span>
<span class='test-status label right outline capitalize fail'>fail</span>
<span class='category-assigned hide '></span>
</div>
<div class='test-body'>
<div class='test-info'>
<span title='Test started time' alt='Test started time' class='test-started-time label green lighten-1 text-white'>2021-05-29 20:16:49</span>
<span title='Test ended time' alt='Test ended time' class='test-ended-time label red lighten-1 text-white'>2021-05-29 20:16:50</span>
<span title='Time taken to finish' alt='Time taken to finish' class='test-time-taken label blue-grey lighten-3 text-white'>0h 0m 0s+648ms</span>
</div>
<div class='test-desc'></div>
<div class='test-attributes'>
</div>
<div class='test-steps'>
<table class='bordered table-results'>
<thead>
<tr>
<th>Status</th>
<th>Timestamp</th>
<th>Details</th>
</tr>
</thead>
<tbody>
<tr>
<td class='status fail' title='fail' alt='fail'><i class='mdi-navigation-cancel'></i></td>
<td class='timestamp'>20:16:50</td>
<td class='step-details'>TestCase Description : Verify that previous year month can be selectable and displayed.</td>
</tr>
<tr>
<td class='status fail' title='fail' alt='fail'><i class='mdi-navigation-cancel'></i></td>
<td class='timestamp'>20:16:50</td>
<td class='step-details'>Test Failed</td>
</tr>
<tr>
<td class='status fail' title='fail' alt='fail'><i class='mdi-navigation-cancel'></i></td>
<td class='timestamp'>20:16:50</td>
<td class='step-details'>Test failed with Exception : java.lang.IllegalArgumentException: No enum constant cocoro.enums.Year.2020</td>
</tr>
</tbody>
</table>
<ul class='collapsible node-list' data-collapsible='accordion'>
</ul>
</div>
</div>
</li>
<li class='collection-item test displayed active pass ' extentid='369ff43c-ba2c-4e70-b43a-2ef34e8b0b0c'>
<div class='test-head'>
<span class='test-name'>verifyAggregationPeriodTxtboxDisplayed </span>
<span class='test-status label right outline capitalize pass'>pass</span>
<span class='category-assigned hide '></span>
</div>
<div class='test-body'>
<div class='test-info'>
<span title='Test started time' alt='Test started time' class='test-started-time label green lighten-1 text-white'>2021-05-29 20:16:50</span>
<span title='Test ended time' alt='Test ended time' class='test-ended-time label red lighten-1 text-white'>2021-05-29 20:16:50</span>
<span title='Time taken to finish' alt='Time taken to finish' class='test-time-taken label blue-grey lighten-3 text-white'>0h 0m 0s+29ms</span>
</div>
<div class='test-desc'></div>
<div class='test-attributes'>
</div>
<div class='test-steps'>
<table class='bordered table-results'>
<thead>
<tr>
<th>Status</th>
<th>Timestamp</th>
<th>Details</th>
</tr>
</thead>
<tbody>
<tr>
<td class='status pass' title='pass' alt='pass'><i class='mdi-action-check-circle'></i></td>
<td class='timestamp'>20:16:50</td>
<td class='step-details'>TestCase Description : Verify that Aggression period date textbox is displayed.</td>
</tr>
<tr>
<td class='status pass' title='pass' alt='pass'><i class='mdi-action-check-circle'></i></td>
<td class='timestamp'>20:16:50</td>
<td class='step-details'>Test Passed</td>
</tr>
</tbody>
</table>
<ul class='collapsible node-list' data-collapsible='accordion'>
</ul>
</div>
</div>
</li>
<li class='collection-item test displayed active pass ' extentid='f0c59cc6-1ba5-49a3-9c19-a3c907c71f7f'>
<div class='test-head'>
<span class='test-name'>verifyAggregationPeriodTxtboxIsClickable </span>
<span class='test-status label right outline capitalize pass'>pass</span>
<span class='category-assigned hide '></span>
</div>
<div class='test-body'>
<div class='test-info'>
<span title='Test started time' alt='Test started time' class='test-started-time label green lighten-1 text-white'>2021-05-29 20:16:50</span>
<span title='Test ended time' alt='Test ended time' class='test-ended-time label red lighten-1 text-white'>2021-05-29 20:16:50</span>
<span title='Time taken to finish' alt='Time taken to finish' class='test-time-taken label blue-grey lighten-3 text-white'>0h 0m 0s+84ms</span>
</div>
<div class='test-desc'></div>
<div class='test-attributes'>
</div>
<div class='test-steps'>
<table class='bordered table-results'>
<thead>
<tr>
<th>Status</th>
<th>Timestamp</th>
<th>Details</th>
</tr>
</thead>
<tbody>
<tr>
<td class='status pass' title='pass' alt='pass'><i class='mdi-action-check-circle'></i></td>
<td class='timestamp'>20:16:50</td>
<td class='step-details'>TestCase Description : Verify that Aggression period date text box is clickable.</td>
</tr>
<tr>
<td class='status pass' title='pass' alt='pass'><i class='mdi-action-check-circle'></i></td>
<td class='timestamp'>20:16:50</td>
<td class='step-details'>Test Passed</td>
</tr>
</tbody>
</table>
<ul class='collapsible node-list' data-collapsible='accordion'>
</ul>
</div>
</div>
</li>
<li class='collection-item test displayed active pass ' extentid='c747b706-f206-4e80-a3c4-7c24383ab063'>
<div class='test-head'>
<span class='test-name'>verifyAggregationPeriodTxtboxIsEmpty </span>
<span class='test-status label right outline capitalize pass'>pass</span>
<span class='category-assigned hide '></span>
</div>
<div class='test-body'>
<div class='test-info'>
<span title='Test started time' alt='Test started time' class='test-started-time label green lighten-1 text-white'>2021-05-29 20:16:50</span>
<span title='Test ended time' alt='Test ended time' class='test-ended-time label red lighten-1 text-white'>2021-05-29 20:16:50</span>
<span title='Time taken to finish' alt='Time taken to finish' class='test-time-taken label blue-grey lighten-3 text-white'>0h 0m 0s+20ms</span>
</div>
<div class='test-desc'></div>
<div class='test-attributes'>
</div>
<div class='test-steps'>
<table class='bordered table-results'>
<thead>
<tr>
<th>Status</th>
<th>Timestamp</th>
<th>Details</th>
</tr>
</thead>
<tbody>
<tr>
<td class='status pass' title='pass' alt='pass'><i class='mdi-action-check-circle'></i></td>
<td class='timestamp'>20:16:50</td>
<td class='step-details'>TestCase Description : Verify that Aggression period date text box is empty at the first time when navigating to home page.</td>
</tr>
<tr>
<td class='status pass' title='pass' alt='pass'><i class='mdi-action-check-circle'></i></td>
<td class='timestamp'>20:16:50</td>
<td class='step-details'>Test Passed</td>
</tr>
</tbody>
</table>
<ul class='collapsible node-list' data-collapsible='accordion'>
</ul>
</div>
</div>
</li>
<li class='collection-item test displayed active pass ' extentid='2951aac4-b9b9-4d51-8267-d03c6bc4d8f4'>
<div class='test-head'>
<span class='test-name'>verifyAggregationPeriodTxtboxIsEnabled </span>
<span class='test-status label right outline capitalize pass'>pass</span>
<span class='category-assigned hide '></span>
</div>
<div class='test-body'>
<div class='test-info'>
<span title='Test started time' alt='Test started time' class='test-started-time label green lighten-1 text-white'>2021-05-29 20:16:50</span>
<span title='Test ended time' alt='Test ended time' class='test-ended-time label red lighten-1 text-white'>2021-05-29 20:16:50</span>
<span title='Time taken to finish' alt='Time taken to finish' class='test-time-taken label blue-grey lighten-3 text-white'>0h 0m 0s+16ms</span>
</div>
<div class='test-desc'></div>
<div class='test-attributes'>
</div>
<div class='test-steps'>
<table class='bordered table-results'>
<thead>
<tr>
<th>Status</th>
<th>Timestamp</th>
<th>Details</th>
</tr>
</thead>
<tbody>
<tr>
<td class='status pass' title='pass' alt='pass'><i class='mdi-action-check-circle'></i></td>
<td class='timestamp'>20:16:50</td>
<td class='step-details'>TestCase Description : Verify that Aggression period date text box is enabled.</td>
</tr>
<tr>
<td class='status pass' title='pass' alt='pass'><i class='mdi-action-check-circle'></i></td>
<td class='timestamp'>20:16:50</td>
<td class='step-details'>Test Passed</td>
</tr>
</tbody>
</table>
<ul class='collapsible node-list' data-collapsible='accordion'>
</ul>
</div>
</div>
</li>
<li class='collection-item test displayed active pass ' extentid='29f785e3-0145-4e6a-b4ce-1520898b734b'>
<div class='test-head'>
<span class='test-name'>verifyAppUsageStatusTabIsDisplayed </span>
<span class='test-status label right outline capitalize pass'>pass</span>
<span class='category-assigned hide '></span>
</div>
<div class='test-body'>
<div class='test-info'>
<span title='Test started time' alt='Test started time' class='test-started-time label green lighten-1 text-white'>2021-05-29 20:16:50</span>
<span title='Test ended time' alt='Test ended time' class='test-ended-time label red lighten-1 text-white'>2021-05-29 20:16:51</span>
<span title='Time taken to finish' alt='Time taken to finish' class='test-time-taken label blue-grey lighten-3 text-white'>0h 0m 1s+146ms</span>
</div>
<div class='test-desc'></div>
<div class='test-attributes'>
</div>
<div class='test-steps'>
<table class='bordered table-results'>
<thead>
<tr>
<th>Status</th>
<th>Timestamp</th>
<th>Details</th>
</tr>
</thead>
<tbody>
<tr>
<td class='status pass' title='pass' alt='pass'><i class='mdi-action-check-circle'></i></td>
<td class='timestamp'>20:16:51</td>
<td class='step-details'>TestCase Description : Verify that App usage status tab is displayed when we click on update button.</td>
</tr>
<tr>
<td class='status pass' title='pass' alt='pass'><i class='mdi-action-check-circle'></i></td>
<td class='timestamp'>20:16:51</td>
<td class='step-details'>Test Passed</td>
</tr>
</tbody>
</table>
<ul class='collapsible node-list' data-collapsible='accordion'>
</ul>
</div>
</div>
</li>
<li class='collection-item test displayed active pass ' extentid='45dc08cb-8b51-4f39-920f-5172ad1ca0dc'>
<div class='test-head'>
<span class='test-name'>verifyAppUsageStatusTabIsSelected </span>
<span class='test-status label right outline capitalize pass'>pass</span>
<span class='category-assigned hide '></span>
</div>
<div class='test-body'>
<div class='test-info'>
<span title='Test started time' alt='Test started time' class='test-started-time label green lighten-1 text-white'>2021-05-29 20:16:51</span>
<span title='Test ended time' alt='Test ended time' class='test-ended-time label red lighten-1 text-white'>2021-05-29 20:16:52</span>
<span title='Time taken to finish' alt='Time taken to finish' class='test-time-taken label blue-grey lighten-3 text-white'>0h 0m 0s+923ms</span>
</div>
<div class='test-desc'></div>
<div class='test-attributes'>
</div>
<div class='test-steps'>
<table class='bordered table-results'>
<thead>
<tr>
<th>Status</th>
<th>Timestamp</th>
<th>Details</th>
</tr>
</thead>
<tbody>
<tr>
<td class='status pass' title='pass' alt='pass'><i class='mdi-action-check-circle'></i></td>
<td class='timestamp'>20:16:52</td>
<td class='step-details'>TestCase Description : Verify that App usage status Tab is selected.</td>
</tr>
<tr>
<td class='status pass' title='pass' alt='pass'><i class='mdi-action-check-circle'></i></td>
<td class='timestamp'>20:16:52</td>
<td class='step-details'>Test Passed</td>
</tr>
</tbody>
</table>
<ul class='collapsible node-list' data-collapsible='accordion'>
</ul>
</div>
</div>
</li>
<li class='collection-item test displayed active pass ' extentid='6340ed71-981d-4506-b1a7-66e560d6ad1c'>
<div class='test-head'>
<span class='test-name'>verifyEquipmentConfigurationDiagramTabIsDisplayed </span>
<span class='test-status label right outline capitalize pass'>pass</span>
<span class='category-assigned hide '></span>
</div>
<div class='test-body'>
<div class='test-info'>
<span title='Test started time' alt='Test started time' class='test-started-time label green lighten-1 text-white'>2021-05-29 20:16:52</span>
<span title='Test ended time' alt='Test ended time' class='test-ended-time label red lighten-1 text-white'>2021-05-29 20:16:53</span>
<span title='Time taken to finish' alt='Time taken to finish' class='test-time-taken label blue-grey lighten-3 text-white'>0h 0m 0s+893ms</span>
</div>
<div class='test-desc'></div>
<div class='test-attributes'>
</div>
<div class='test-steps'>
<table class='bordered table-results'>
<thead>
<tr>
<th>Status</th>
<th>Timestamp</th>
<th>Details</th>
</tr>
</thead>
<tbody>
<tr>
<td class='status pass' title='pass' alt='pass'><i class='mdi-action-check-circle'></i></td>
<td class='timestamp'>20:16:53</td>
<td class='step-details'>TestCase Description : Verify that Equipment configuration diagram tab is displayed when we click on update button.</td>
</tr>
<tr>
<td class='status pass' title='pass' alt='pass'><i class='mdi-action-check-circle'></i></td>
<td class='timestamp'>20:16:53</td>
<td class='step-details'>Test Passed</td>
</tr>
</tbody>
</table>
<ul class='collapsible node-list' data-collapsible='accordion'>
</ul>
</div>
</div>
</li>
<li class='collection-item test displayed active pass ' extentid='165dd2bc-3cc9-49aa-b70b-0da0e25f0ab0'>
<div class='test-head'>
<span class='test-name'>verifyEquipmentConfigurationDiagramTabIsSelected </span>
<span class='test-status label right outline capitalize pass'>pass</span>
<span class='category-assigned hide '></span>
</div>
<div class='test-body'>
<div class='test-info'>
<span title='Test started time' alt='Test started time' class='test-started-time label green lighten-1 text-white'>2021-05-29 20:16:53</span>
<span title='Test ended time' alt='Test ended time' class='test-ended-time label red lighten-1 text-white'>2021-05-29 20:16:54</span>
<span title='Time taken to finish' alt='Time taken to finish' class='test-time-taken label blue-grey lighten-3 text-white'>0h 0m 0s+808ms</span>
</div>
<div class='test-desc'></div>
<div class='test-attributes'>
</div>
<div class='test-steps'>
<table class='bordered table-results'>
<thead>
<tr>
<th>Status</th>
<th>Timestamp</th>
<th>Details</th>
</tr>
</thead>
<tbody>
<tr>
<td class='status pass' title='pass' alt='pass'><i class='mdi-action-check-circle'></i></td>
<td class='timestamp'>20:16:54</td>
<td class='step-details'>TestCase Description : Verify that Equipment configuration diagram Tab is selected.</td>
</tr>
<tr>
<td class='status pass' title='pass' alt='pass'><i class='mdi-action-check-circle'></i></td>
<td class='timestamp'>20:16:54</td>
<td class='step-details'>Test Passed</td>
</tr>
</tbody>
</table>
<ul class='collapsible node-list' data-collapsible='accordion'>
</ul>
</div>
</div>
</li>
<li class='collection-item test displayed active pass ' extentid='4b2f05f2-d4a1-4cf0-8b64-420d8e9b8720'>
<div class='test-head'>
<span class='test-name'>verifyFSecureStatusTabIsDisplayed </span>
<span class='test-status label right outline capitalize pass'>pass</span>
<span class='category-assigned hide '></span>
</div>
<div class='test-body'>
<div class='test-info'>
<span title='Test started time' alt='Test started time' class='test-started-time label green lighten-1 text-white'>2021-05-29 20:16:54</span>
<span title='Test ended time' alt='Test ended time' class='test-ended-time label red lighten-1 text-white'>2021-05-29 20:16:55</span>
<span title='Time taken to finish' alt='Time taken to finish' class='test-time-taken label blue-grey lighten-3 text-white'>0h 0m 0s+781ms</span>
</div>
<div class='test-desc'></div>
<div class='test-attributes'>
</div>
<div class='test-steps'>
<table class='bordered table-results'>
<thead>
<tr>
<th>Status</th>
<th>Timestamp</th>
<th>Details</th>
</tr>
</thead>
<tbody>
<tr>
<td class='status pass' title='pass' alt='pass'><i class='mdi-action-check-circle'></i></td>
<td class='timestamp'>20:16:55</td>
<td class='step-details'>TestCase Description : Verify that SF-Secure Status tab is displayed when we click on update button.</td>
</tr>
<tr>
<td class='status pass' title='pass' alt='pass'><i class='mdi-action-check-circle'></i></td>
<td class='timestamp'>20:16:55</td>
<td class='step-details'>Test Passed</td>
</tr>
</tbody>
</table>
<ul class='collapsible node-list' data-collapsible='accordion'>
</ul>
</div>
</div>
</li>
<li class='collection-item test displayed active pass ' extentid='4d2342c9-0288-49a5-83bc-11c859fefdef'>
<div class='test-head'>
<span class='test-name'>verifyFSecureStatusTabIsSelected </span>
<span class='test-status label right outline capitalize pass'>pass</span>
<span class='category-assigned hide '></span>
</div>
<div class='test-body'>
<div class='test-info'>
<span title='Test started time' alt='Test started time' class='test-started-time label green lighten-1 text-white'>2021-05-29 20:16:55</span>
<span title='Test ended time' alt='Test ended time' class='test-ended-time label red lighten-1 text-white'>2021-05-29 20:16:55</span>
<span title='Time taken to finish' alt='Time taken to finish' class='test-time-taken label blue-grey lighten-3 text-white'>0h 0m 0s+812ms</span>
</div>
<div class='test-desc'></div>
<div class='test-attributes'>
</div>
<div class='test-steps'>
<table class='bordered table-results'>
<thead>
<tr>
<th>Status</th>
<th>Timestamp</th>
<th>Details</th>
</tr>
</thead>
<tbody>
<tr>
<td class='status pass' title='pass' alt='pass'><i class='mdi-action-check-circle'></i></td>
<td class='timestamp'>20:16:55</td>
<td class='step-details'>TestCase Description : Verify that F-Secure Status Tab is selected.</td>
</tr>
<tr>
<td class='status pass' title='pass' alt='pass'><i class='mdi-action-check-circle'></i></td>
<td class='timestamp'>20:16:55</td>
<td class='step-details'>Test Passed</td>
</tr>
</tbody>
</table>
<ul class='collapsible node-list' data-collapsible='accordion'>
</ul>
</div>
</div>
</li>
<li class='collection-item test displayed active pass ' extentid='afb5a57d-4580-479b-8027-ca47c039861e'>
<div class='test-head'>
<span class='test-name'>verifyFirstTenantIDoptionDropDownIsDisplayed </span>
<span class='test-status label right outline capitalize pass'>pass</span>
<span class='category-assigned hide '></span>
</div>
<div class='test-body'>
<div class='test-info'>
<span title='Test started time' alt='Test started time' class='test-started-time label green lighten-1 text-white'>2021-05-29 20:16:55</span>
<span title='Test ended time' alt='Test ended time' class='test-ended-time label red lighten-1 text-white'>2021-05-29 20:16:56</span>
<span title='Time taken to finish' alt='Time taken to finish' class='test-time-taken label blue-grey lighten-3 text-white'>0h 0m 0s+796ms</span>
</div>
<div class='test-desc'></div>
<div class='test-attributes'>
</div>
<div class='test-steps'>
<table class='bordered table-results'>
<thead>
<tr>
<th>Status</th>
<th>Timestamp</th>
<th>Details</th>
</tr>
</thead>
<tbody>
<tr>
<td class='status pass' title='pass' alt='pass'><i class='mdi-action-check-circle'></i></td>
<td class='timestamp'>20:16:56</td>
<td class='step-details'>TestCase Description : Verify that first tenant option is selected and displayed on the dorp down.</td>
</tr>
<tr>
<td class='status pass' title='pass' alt='pass'><i class='mdi-action-check-circle'></i></td>
<td class='timestamp'>20:16:56</td>
<td class='step-details'>Test Passed</td>
</tr>
</tbody>
</table>
<ul class='collapsible node-list' data-collapsible='accordion'>
</ul>
</div>
</div>
</li>
<li class='collection-item test displayed active fail ' extentid='4a24a413-1e62-478c-bd37-2afa644e9355'>
<div class='test-head'>
<span class='test-name'>verifyHomePageCardText </span>
<span class='test-status label right outline capitalize fail'>fail</span>
<span class='category-assigned hide '></span>
</div>
<div class='test-body'>
<div class='test-info'>
<span title='Test started time' alt='Test started time' class='test-started-time label green lighten-1 text-white'>2021-05-29 20:16:56</span>
<span title='Test ended time' alt='Test ended time' class='test-ended-time label red lighten-1 text-white'>2021-05-29 20:17:27</span>
<span title='Time taken to finish' alt='Time taken to finish' class='test-time-taken label blue-grey lighten-3 text-white'>0h 0m 30s+637ms</span>
</div>
<div class='test-desc'></div>
<div class='test-attributes'>
</div>
<div class='test-steps'>
<table class='bordered table-results'>
<thead>
<tr>
<th>Status</th>
<th>Timestamp</th>
<th>Details</th>
</tr>
</thead>
<tbody>
<tr>
<td class='status fail' title='fail' alt='fail'><i class='mdi-navigation-cancel'></i></td>
<td class='timestamp'>20:17:27</td>
<td class='step-details'>TestCase Description : Verify that "Home Page" string is displayed.</td>
</tr>
<tr>
<td class='status fail' title='fail' alt='fail'><i class='mdi-navigation-cancel'></i></td>
<td class='timestamp'>20:17:27</td>
<td class='step-details'>Test Failed</td>
</tr>
<tr>
<td class='status fail' title='fail' alt='fail'><i class='mdi-navigation-cancel'></i></td>
<td class='timestamp'>20:17:27</td>
<td class='step-details'>Test failed with Exception : org.openqa.selenium.TimeoutException: Expected condition failed: waiting for presence of any elements located by By.xpath: //div[@id='id_wrapper']//div[contains(@class,'card-header')]/p[1]/font (tried for 30 second(s) with 500 MILLISECONDS interval)
Build info: version: 'unknown', revision: 'unknown', time: 'unknown'
System info: host: 'PRAVEENC-PC', ip: '172.29.241.99', os.name: 'Windows 10', os.arch: 'amd64', os.version: '10.0', java.version: '1.8.0_281'
Driver info: com.isomorphic.webdriver.SmartClientChromeDriver</td>
</tr>
</tbody>
</table>
<ul class='collapsible node-list' data-collapsible='accordion'>
</ul>
</div>
</div>
</li>
<li class='collection-item test displayed active fail ' extentid='c5bca990-d3d3-430e-a235-2c302daa1c57'>
<div class='test-head'>
<span class='test-name'>verifyHomePageTabSelected </span>
<span class='test-status label right outline capitalize fail'>fail</span>
<span class='category-assigned hide '></span>
</div>
<div class='test-body'>
<div class='test-info'>
<span title='Test started time' alt='Test started time' class='test-started-time label green lighten-1 text-white'>2021-05-29 20:17:27</span>
<span title='Test ended time' alt='Test ended time' class='test-ended-time label red lighten-1 text-white'>2021-05-29 20:17:27</span>
<span title='Time taken to finish' alt='Time taken to finish' class='test-time-taken label blue-grey lighten-3 text-white'>0h 0m 0s+24ms</span>
</div>
<div class='test-desc'></div>
<div class='test-attributes'>
</div>
<div class='test-steps'>
<table class='bordered table-results'>
<thead>
<tr>
<th>Status</th>
<th>Timestamp</th>
<th>Details</th>
</tr>
</thead>
<tbody>
<tr>
<td class='status fail' title='fail' alt='fail'><i class='mdi-navigation-cancel'></i></td>
<td class='timestamp'>20:17:27</td>
<td class='step-details'>TestCase Description : Verify that tab/button is selected.</td>
</tr>
<tr>
<td class='status fail' title='fail' alt='fail'><i class='mdi-navigation-cancel'></i></td>
<td class='timestamp'>20:17:27</td>
<td class='step-details'>Test Failed</td>
</tr>
<tr>
<td class='status fail' title='fail' alt='fail'><i class='mdi-navigation-cancel'></i></td>
<td class='timestamp'>20:17:27</td>
<td class='step-details'>Test failed with Exception : java.lang.AssertionError: expected [true] but found [false]</td>
</tr>
</tbody>
</table>
<ul class='collapsible node-list' data-collapsible='accordion'>
</ul>
</div>
</div>
</li>
<li class='collection-item test displayed active pass ' extentid='592769d9-e804-4820-b791-50c7d272edd8'>
<div class='test-head'>
<span class='test-name'>verifyHomePageTabText </span>
<span class='test-status label right outline capitalize pass'>pass</span>
<span class='category-assigned hide '></span>
</div>
<div class='test-body'>
<div class='test-info'>
<span title='Test started time' alt='Test started time' class='test-started-time label green lighten-1 text-white'>2021-05-29 20:17:27</span>
<span title='Test ended time' alt='Test ended time' class='test-ended-time label red lighten-1 text-white'>2021-05-29 20:17:27</span>
<span title='Time taken to finish' alt='Time taken to finish' class='test-time-taken label blue-grey lighten-3 text-white'>0h 0m 0s+26ms</span>
</div>
<div class='test-desc'></div>
<div class='test-attributes'>
</div>
<div class='test-steps'>
<table class='bordered table-results'>
<thead>
<tr>
<th>Status</th>
<th>Timestamp</th>
<th>Details</th>
</tr>
</thead>
<tbody>
<tr>
<td class='status pass' title='pass' alt='pass'><i class='mdi-action-check-circle'></i></td>
<td class='timestamp'>20:17:27</td>
<td class='step-details'>TestCase Description : Verify that "Home Page" string is displayed.</td>
</tr>
<tr>
<td class='status pass' title='pass' alt='pass'><i class='mdi-action-check-circle'></i></td>
<td class='timestamp'>20:17:27</td>
<td class='step-details'>Test Passed</td>
</tr>
</tbody>
</table>
<ul class='collapsible node-list' data-collapsible='accordion'>
</ul>
</div>
</div>
</li>
<li class='collection-item test displayed active pass ' extentid='ed25b4d2-0ca2-4bbf-a6a2-105b48fd7580'>
<div class='test-head'>
<span class='test-name'>verifyIndividualPCInformationTabIsDisplayed </span>
<span class='test-status label right outline capitalize pass'>pass</span>
<span class='category-assigned hide '></span>
</div>
<div class='test-body'>
<div class='test-info'>
<span title='Test started time' alt='Test started time' class='test-started-time label green lighten-1 text-white'>2021-05-29 20:17:27</span>
<span title='Test ended time' alt='Test ended time' class='test-ended-time label red lighten-1 text-white'>2021-05-29 20:17:28</span>
<span title='Time taken to finish' alt='Time taken to finish' class='test-time-taken label blue-grey lighten-3 text-white'>0h 0m 1s+190ms</span>
</div>
<div class='test-desc'></div>
<div class='test-attributes'>
</div>
<div class='test-steps'>
<table class='bordered table-results'>
<thead>
<tr>
<th>Status</th>
<th>Timestamp</th>
<th>Details</th>
</tr>
</thead>
<tbody>
<tr>
<td class='status pass' title='pass' alt='pass'><i class='mdi-action-check-circle'></i></td>
<td class='timestamp'>20:17:28</td>
<td class='step-details'>TestCase Description : Verify that Individual PC Information tab is displayed when we click on update button.</td>
</tr>
<tr>
<td class='status pass' title='pass' alt='pass'><i class='mdi-action-check-circle'></i></td>
<td class='timestamp'>20:17:28</td>
<td class='step-details'>Test Passed</td>
</tr>
</tbody>
</table>
<ul class='collapsible node-list' data-collapsible='accordion'>
</ul>
</div>
</div>
</li>
<li class='collection-item test displayed active pass ' extentid='8975b968-ff83-4ff1-961b-8daa4a0c35b9'>
<div class='test-head'>
<span class='test-name'>verifyIndividualPCInformationTabIsSelected </span>
<span class='test-status label right outline capitalize pass'>pass</span>
<span class='category-assigned hide '></span>
</div>
<div class='test-body'>
<div class='test-info'>
<span title='Test started time' alt='Test started time' class='test-started-time label green lighten-1 text-white'>2021-05-29 20:17:28</span>
<span title='Test ended time' alt='Test ended time' class='test-ended-time label red lighten-1 text-white'>2021-05-29 20:17:29</span>
<span title='Time taken to finish' alt='Time taken to finish' class='test-time-taken label blue-grey lighten-3 text-white'>0h 0m 0s+797ms</span>
</div>
<div class='test-desc'></div>
<div class='test-attributes'>
</div>
<div class='test-steps'>
<table class='bordered table-results'>
<thead>
<tr>
<th>Status</th>
<th>Timestamp</th>
<th>Details</th>
</tr>
</thead>
<tbody>
<tr>
<td class='status pass' title='pass' alt='pass'><i class='mdi-action-check-circle'></i></td>
<td class='timestamp'>20:17:29</td>
<td class='step-details'>TestCase Description : Verify that Individual PC Information tab is selected.</td>
</tr>
<tr>
<td class='status pass' title='pass' alt='pass'><i class='mdi-action-check-circle'></i></td>
<td class='timestamp'>20:17:29</td>
<td class='step-details'>Test Passed</td>
</tr>
</tbody>
</table>
<ul class='collapsible node-list' data-collapsible='accordion'>
</ul>
</div>
</div>
</li>
<li class='collection-item test displayed active fail ' extentid='556d7821-d34d-4096-bc23-c0b988107284'>
<div class='test-head'>
<span class='test-name'>verifyMFPInformationManufacturedBySHARPTabIsDisplayed </span>
<span class='test-status label right outline capitalize fail'>fail</span>
<span class='category-assigned hide '></span>
</div>
<div class='test-body'>
<div class='test-info'>
<span title='Test started time' alt='Test started time' class='test-started-time label green lighten-1 text-white'>2021-05-29 20:17:29</span>
<span title='Test ended time' alt='Test ended time' class='test-ended-time label red lighten-1 text-white'>2021-05-29 20:18:00</span>
<span title='Time taken to finish' alt='Time taken to finish' class='test-time-taken label blue-grey lighten-3 text-white'>0h 0m 30s+981ms</span>
</div>
<div class='test-desc'></div>
<div class='test-attributes'>
</div>
<div class='test-steps'>
<table class='bordered table-results'>
<thead>
<tr>
<th>Status</th>
<th>Timestamp</th>
<th>Details</th>
</tr>
</thead>
<tbody>
<tr>
<td class='status fail' title='fail' alt='fail'><i class='mdi-navigation-cancel'></i></td>
<td class='timestamp'>20:18:00</td>
<td class='step-details'>TestCase Description : Verify that MFP information (manufactured by SHARP) tab is displayed when we click on update button.</td>
</tr>
<tr>
<td class='status fail' title='fail' alt='fail'><i class='mdi-navigation-cancel'></i></td>
<td class='timestamp'>20:18:00</td>
<td class='step-details'>Test Failed</td>
</tr>
<tr>
<td class='status fail' title='fail' alt='fail'><i class='mdi-navigation-cancel'></i></td>
<td class='timestamp'>20:18:00</td>
<td class='step-details'>Test failed with Exception : org.openqa.selenium.TimeoutException: Expected condition failed: waiting for presence of any elements located by By.xpath: //A[@id='tab-container-tab-4' (tried for 30 second(s) with 500 MILLISECONDS interval)</td>
</tr>
</tbody>
</table>
<ul class='collapsible node-list' data-collapsible='accordion'>
</ul>
</div>
</div>
</li>
<li class='collection-item test displayed active fail ' extentid='fa3c1faa-d7ac-471d-810b-758a6c5ffcaa'>
<div class='test-head'>
<span class='test-name'>verifyMFPInformationManufacturedBySHARPTabIsSelected </span>
<span class='test-status label right outline capitalize fail'>fail</span>
<span class='category-assigned hide '></span>
</div>
<div class='test-body'>
<div class='test-info'>
<span title='Test started time' alt='Test started time' class='test-started-time label green lighten-1 text-white'>2021-05-29 20:18:00</span>
<span title='Test ended time' alt='Test ended time' class='test-ended-time label red lighten-1 text-white'>2021-05-29 20:18:31</span>
<span title='Time taken to finish' alt='Time taken to finish' class='test-time-taken label blue-grey lighten-3 text-white'>0h 0m 31s+316ms</span>
</div>
<div class='test-desc'></div>
<div class='test-attributes'>
</div>
<div class='test-steps'>
<table class='bordered table-results'>
<thead>
<tr>
<th>Status</th>
<th>Timestamp</th>
<th>Details</th>
</tr>
</thead>
<tbody>
<tr>
<td class='status fail' title='fail' alt='fail'><i class='mdi-navigation-cancel'></i></td>
<td class='timestamp'>20:18:31</td>
<td class='step-details'>TestCase Description : Verify that MFP information (manufactured by SHARP) Tab is selected.</td>
</tr>
<tr>
<td class='status fail' title='fail' alt='fail'><i class='mdi-navigation-cancel'></i></td>
<td class='timestamp'>20:18:31</td>
<td class='step-details'>Test Failed</td>
</tr>
<tr>
<td class='status fail' title='fail' alt='fail'><i class='mdi-navigation-cancel'></i></td>
<td class='timestamp'>20:18:31</td>
<td class='step-details'>Test failed with Exception : org.openqa.selenium.TimeoutException: Expected condition failed: waiting for presence of any elements located by By.xpath: //A[@id='tab-container-tab-4' (tried for 30 second(s) with 500 MILLISECONDS interval)</td>
</tr>
</tbody>
</table>
<ul class='collapsible node-list' data-collapsible='accordion'>
</ul>
</div>
</div>
</li>
<li class='collection-item test displayed active pass ' extentid='ab30f484-9746-49c9-8813-29f11ea15c9d'>
<div class='test-head'>
<span class='test-name'>verifyMFPInformationOtherCompanySystemTabIsDisplayed </span>
<span class='test-status label right outline capitalize pass'>pass</span>
<span class='category-assigned hide '></span>
</div>
<div class='test-body'>
<div class='test-info'>
<span title='Test started time' alt='Test started time' class='test-started-time label green lighten-1 text-white'>2021-05-29 20:18:31</span>
<span title='Test ended time' alt='Test ended time' class='test-ended-time label red lighten-1 text-white'>2021-05-29 20:18:32</span>
<span title='Time taken to finish' alt='Time taken to finish' class='test-time-taken label blue-grey lighten-3 text-white'>0h 0m 1s+196ms</span>
</div>
<div class='test-desc'></div>
<div class='test-attributes'>
</div>
<div class='test-steps'>
<table class='bordered table-results'>
<thead>
<tr>
<th>Status</th>
<th>Timestamp</th>
<th>Details</th>
</tr>
</thead>
<tbody>
<tr>
<td class='status pass' title='pass' alt='pass'><i class='mdi-action-check-circle'></i></td>
<td class='timestamp'>20:18:32</td>
<td class='step-details'>TestCase Description : Verify that MFP information (other company system) tab is displayed when we click on update button.</td>
</tr>
<tr>
<td class='status pass' title='pass' alt='pass'><i class='mdi-action-check-circle'></i></td>
<td class='timestamp'>20:18:32</td>
<td class='step-details'>Test Passed</td>
</tr>
</tbody>
</table>
<ul class='collapsible node-list' data-collapsible='accordion'>
</ul>
</div>
</div>
</li>
<li class='collection-item test displayed active pass ' extentid='3fc30210-d9a1-41ff-b73a-41145dd8cc43'>
<div class='test-head'>
<span class='test-name'>verifyMFPInformationOtherCompanySystemTabIsSelected </span>
<span class='test-status label right outline capitalize pass'>pass</span>
<span class='category-assigned hide '></span>
</div>
<div class='test-body'>
<div class='test-info'>
<span title='Test started time' alt='Test started time' class='test-started-time label green lighten-1 text-white'>2021-05-29 20:18:32</span>
<span title='Test ended time' alt='Test ended time' class='test-ended-time label red lighten-1 text-white'>2021-05-29 20:18:33</span>
<span title='Time taken to finish' alt='Time taken to finish' class='test-time-taken label blue-grey lighten-3 text-white'>0h 0m 0s+795ms</span>
</div>
<div class='test-desc'></div>
<div class='test-attributes'>
</div>
<div class='test-steps'>
<table class='bordered table-results'>
<thead>
<tr>
<th>Status</th>
<th>Timestamp</th>
<th>Details</th>
</tr>
</thead>
<tbody>
<tr>
<td class='status pass' title='pass' alt='pass'><i class='mdi-action-check-circle'></i></td>
<td class='timestamp'>20:18:33</td>
<td class='step-details'>TestCase Description : Verify that MFP information (other company system) Tab is selected.</td>
</tr>
<tr>
<td class='status pass' title='pass' alt='pass'><i class='mdi-action-check-circle'></i></td>
<td class='timestamp'>20:18:33</td>
<td class='step-details'>Test Passed</td>
</tr>
</tbody>
</table>
<ul class='collapsible node-list' data-collapsible='accordion'>
</ul>
</div>
</div>
</li>
<li class='collection-item test displayed active pass ' extentid='7f7fc054-ce3e-4988-afa5-fe0ec5a9958f'>
<div class='test-head'>
<span class='test-name'>verifyNASInformationTabIsDisplayed </span>
<span class='test-status label right outline capitalize pass'>pass</span>
<span class='category-assigned hide '></span>
</div>
<div class='test-body'>
<div class='test-info'>
<span title='Test started time' alt='Test started time' class='test-started-time label green lighten-1 text-white'>2021-05-29 20:18:33</span>
<span title='Test ended time' alt='Test ended time' class='test-ended-time label red lighten-1 text-white'>2021-05-29 20:18:34</span>
<span title='Time taken to finish' alt='Time taken to finish' class='test-time-taken label blue-grey lighten-3 text-white'>0h 0m 0s+766ms</span>
</div>
<div class='test-desc'></div>
<div class='test-attributes'>
</div>
<div class='test-steps'>
<table class='bordered table-results'>
<thead>
<tr>
<th>Status</th>
<th>Timestamp</th>
<th>Details</th>
</tr>
</thead>
<tbody>
<tr>
<td class='status pass' title='pass' alt='pass'><i class='mdi-action-check-circle'></i></td>
<td class='timestamp'>20:18:34</td>
<td class='step-details'>TestCase Description : Verify that NAS information tab is displayed when we click on update button.</td>
</tr>
<tr>
<td class='status pass' title='pass' alt='pass'><i class='mdi-action-check-circle'></i></td>
<td class='timestamp'>20:18:34</td>
<td class='step-details'>Test Passed</td>
</tr>
</tbody>
</table>
<ul class='collapsible node-list' data-collapsible='accordion'>
</ul>
</div>
</div>
</li>
<li class='collection-item test displayed active pass ' extentid='31e19c35-7b76-436f-8af7-8cc7721c5f39'>
<div class='test-head'>
<span class='test-name'>verifyNASInformationTabIsSelected </span>
<span class='test-status label right outline capitalize pass'>pass</span>
<span class='category-assigned hide '></span>
</div>
<div class='test-body'>
<div class='test-info'>
<span title='Test started time' alt='Test started time' class='test-started-time label green lighten-1 text-white'>2021-05-29 20:18:34</span>
<span title='Test ended time' alt='Test ended time' class='test-ended-time label red lighten-1 text-white'>2021-05-29 20:18:35</span>
<span title='Time taken to finish' alt='Time taken to finish' class='test-time-taken label blue-grey lighten-3 text-white'>0h 0m 0s+809ms</span>
</div>
<div class='test-desc'></div>
<div class='test-attributes'>
</div>
<div class='test-steps'>
<table class='bordered table-results'>
<thead>
<tr>
<th>Status</th>
<th>Timestamp</th>
<th>Details</th>
</tr>
</thead>
<tbody>
<tr>
<td class='status pass' title='pass' alt='pass'><i class='mdi-action-check-circle'></i></td>
<td class='timestamp'>20:18:35</td>
<td class='step-details'>TestCase Description : Verify that NAS information Tab is selected.</td>
</tr>
<tr>
<td class='status pass' title='pass' alt='pass'><i class='mdi-action-check-circle'></i></td>
<td class='timestamp'>20:18:35</td>
<td class='step-details'>Test Passed</td>
</tr>
</tbody>
</table>
<ul class='collapsible node-list' data-collapsible='accordion'>
</ul>
</div>
</div>
</li>
<li class='collection-item test displayed active fail ' extentid='7e991882-454c-4f14-a7d6-6a7d0a0a8daf'>
<div class='test-head'>
<span class='test-name'>verifyPDFBtnIsClickable </span>
<span class='test-status label right outline capitalize fail'>fail</span>
<span class='category-assigned hide '></span>
</div>
<div class='test-body'>
<div class='test-info'>
<span title='Test started time' alt='Test started time' class='test-started-time label green lighten-1 text-white'>2021-05-29 20:18:35</span>
<span title='Test ended time' alt='Test ended time' class='test-ended-time label red lighten-1 text-white'>2021-05-29 20:18:35</span>
<span title='Time taken to finish' alt='Time taken to finish' class='test-time-taken label blue-grey lighten-3 text-white'>0h 0m 0s+455ms</span>
</div>
<div class='test-desc'></div>
<div class='test-attributes'>
</div>
<div class='test-steps'>
<table class='bordered table-results'>
<thead>
<tr>
<th>Status</th>
<th>Timestamp</th>
<th>Details</th>
</tr>
</thead>
<tbody>
<tr>
<td class='status fail' title='fail' alt='fail'><i class='mdi-navigation-cancel'></i></td>
<td class='timestamp'>20:18:35</td>
<td class='step-details'>TestCase Description : Verify that "pdf" button is clickable.</td>
</tr>
<tr>
<td class='status fail' title='fail' alt='fail'><i class='mdi-navigation-cancel'></i></td>
<td class='timestamp'>20:18:35</td>
<td class='step-details'>Test Failed</td>
</tr>
<tr>
<td class='status fail' title='fail' alt='fail'><i class='mdi-navigation-cancel'></i></td>
<td class='timestamp'>20:18:35</td>
<td class='step-details'>Test failed with Exception : java.lang.AssertionError: expected [true] but found [false]</td>
</tr>
</tbody>
</table>
<ul class='collapsible node-list' data-collapsible='accordion'>
</ul>
</div>
</div>
</li>
<li class='collection-item test displayed active pass ' extentid='1a890f96-d25c-4202-adc4-599825ad6fe1'>
<div class='test-head'>
<span class='test-name'>verifyPDFBtnIsDisplayed </span>
<span class='test-status label right outline capitalize pass'>pass</span>
<span class='category-assigned hide '></span>
</div>
<div class='test-body'>
<div class='test-info'>
<span title='Test started time' alt='Test started time' class='test-started-time label green lighten-1 text-white'>2021-05-29 20:18:35</span>
<span title='Test ended time' alt='Test ended time' class='test-ended-time label red lighten-1 text-white'>2021-05-29 20:18:36</span>
<span title='Time taken to finish' alt='Time taken to finish' class='test-time-taken label blue-grey lighten-3 text-white'>0h 0m 0s+429ms</span>
</div>
<div class='test-desc'></div>
<div class='test-attributes'>
</div>
<div class='test-steps'>
<table class='bordered table-results'>
<thead>
<tr>
<th>Status</th>
<th>Timestamp</th>
<th>Details</th>
</tr>
</thead>
<tbody>
<tr>
<td class='status pass' title='pass' alt='pass'><i class='mdi-action-check-circle'></i></td>
<td class='timestamp'>20:18:36</td>
<td class='step-details'>TestCase Description : Verify that "pdf" button is displayed.</td>
</tr>
<tr>
<td class='status pass' title='pass' alt='pass'><i class='mdi-action-check-circle'></i></td>
<td class='timestamp'>20:18:36</td>
<td class='step-details'>Test Passed</td>
</tr>
</tbody>
</table>
<ul class='collapsible node-list' data-collapsible='accordion'>
</ul>
</div>
</div>
</li>
<li class='collection-item test displayed active pass ' extentid='95692b36-4f35-490e-b2ff-b7a557e19f56'>
<div class='test-head'>
<span class='test-name'>verifyPDFBtnText </span>
<span class='test-status label right outline capitalize pass'>pass</span>
<span class='category-assigned hide '></span>
</div>
<div class='test-body'>
<div class='test-info'>
<span title='Test started time' alt='Test started time' class='test-started-time label green lighten-1 text-white'>2021-05-29 20:18:36</span>
<span title='Test ended time' alt='Test ended time' class='test-ended-time label red lighten-1 text-white'>2021-05-29 20:18:36</span>
<span title='Time taken to finish' alt='Time taken to finish' class='test-time-taken label blue-grey lighten-3 text-white'>0h 0m 0s+436ms</span>
</div>
<div class='test-desc'></div>
<div class='test-attributes'>
</div>
<div class='test-steps'>
<table class='bordered table-results'>
<thead>
<tr>
<th>Status</th>
<th>Timestamp</th>
<th>Details</th>
</tr>
</thead>
<tbody>
<tr>
<td class='status pass' title='pass' alt='pass'><i class='mdi-action-check-circle'></i></td>
<td class='timestamp'>20:18:36</td>
<td class='step-details'>TestCase Description : Verify that "pdf" button text.</td>
</tr>
<tr>
<td class='status pass' title='pass' alt='pass'><i class='mdi-action-check-circle'></i></td>
<td class='timestamp'>20:18:36</td>
<td class='step-details'>Test Passed</td>
</tr>
</tbody>
</table>
<ul class='collapsible node-list' data-collapsible='accordion'>
</ul>
</div>
</div>
</li>
<li class='collection-item test displayed active fail ' extentid='79ee7cfa-c52d-4796-b30d-10d3b94c89ef'>
<div class='test-head'>
<span class='test-name'>verifyRefreshBtnIsDisplayed </span>
<span class='test-status label right outline capitalize fail'>fail</span>
<span class='category-assigned hide '></span>
</div>
<div class='test-body'>
<div class='test-info'>
<span title='Test started time' alt='Test started time' class='test-started-time label green lighten-1 text-white'>2021-05-29 20:18:36</span>
<span title='Test ended time' alt='Test ended time' class='test-ended-time label red lighten-1 text-white'>2021-05-29 20:18:37</span>
<span title='Time taken to finish' alt='Time taken to finish' class='test-time-taken label blue-grey lighten-3 text-white'>0h 0m 0s+427ms</span>
</div>
<div class='test-desc'></div>
<div class='test-attributes'>
</div>
<div class='test-steps'>
<table class='bordered table-results'>
<thead>
<tr>
<th>Status</th>
<th>Timestamp</th>
<th>Details</th>
</tr>
</thead>
<tbody>
<tr>
<td class='status fail' title='fail' alt='fail'><i class='mdi-navigation-cancel'></i></td>
<td class='timestamp'>20:18:37</td>
<td class='step-details'>TestCase Description : Verify that refresh button is displayed and enabled.</td>
</tr>
<tr>
<td class='status fail' title='fail' alt='fail'><i class='mdi-navigation-cancel'></i></td>
<td class='timestamp'>20:18:37</td>
<td class='step-details'>Test Failed</td>
</tr>
<tr>
<td class='status fail' title='fail' alt='fail'><i class='mdi-navigation-cancel'></i></td>
<td class='timestamp'>20:18:37</td>
<td class='step-details'>Test failed with Exception : java.lang.AssertionError: expected [true] but found [false]</td>
</tr>
</tbody>
</table>
<ul class='collapsible node-list' data-collapsible='accordion'>
</ul>
</div>
</div>
</li>
<li class='collection-item test displayed active fail ' extentid='dc7da1a7-e2ad-46fe-8c08-f10151cdcb44'>
<div class='test-head'>
<span class='test-name'>verifyReportSettingsText </span>
<span class='test-status label right outline capitalize fail'>fail</span>
<span class='category-assigned hide '></span>
</div>
<div class='test-body'>
<div class='test-info'>
<span title='Test started time' alt='Test started time' class='test-started-time label green lighten-1 text-white'>2021-05-29 20:18:37</span>
<span title='Test ended time' alt='Test ended time' class='test-ended-time label red lighten-1 text-white'>2021-05-29 20:19:07</span>
<span title='Time taken to finish' alt='Time taken to finish' class='test-time-taken label blue-grey lighten-3 text-white'>0h 0m 30s+557ms</span>
</div>
<div class='test-desc'></div>
<div class='test-attributes'>
</div>
<div class='test-steps'>
<table class='bordered table-results'>
<thead>
<tr>
<th>Status</th>
<th>Timestamp</th>
<th>Details</th>
</tr>
</thead>
<tbody>
<tr>
<td class='status fail' title='fail' alt='fail'><i class='mdi-navigation-cancel'></i></td>
<td class='timestamp'>20:19:07</td>
<td class='step-details'>TestCase Description : Verify that "ReportSettings:" text is displayed.</td>
</tr>
<tr>
<td class='status fail' title='fail' alt='fail'><i class='mdi-navigation-cancel'></i></td>
<td class='timestamp'>20:19:07</td>
<td class='step-details'>Test Failed</td>
</tr>
<tr>
<td class='status fail' title='fail' alt='fail'><i class='mdi-navigation-cancel'></i></td>
<td class='timestamp'>20:19:07</td>
<td class='step-details'>Test failed with Exception : org.openqa.selenium.TimeoutException: Expected condition failed: waiting for presence of any elements located by By.xpath: //div[@id='id_wrapper']//div[contains(@class,'card-header')]/p[2]/font (tried for 30 second(s) with 500 MILLISECONDS interval)
Build info: version: 'unknown', revision: 'unknown', time: 'unknown'
System info: host: 'PRAVEENC-PC', ip: '172.29.241.99', os.name: 'Windows 10', os.arch: 'amd64', os.version: '10.0', java.version: '1.8.0_281'
Driver info: com.isomorphic.webdriver.SmartClientChromeDriver</td>
</tr>
</tbody>
</table>
<ul class='collapsible node-list' data-collapsible='accordion'>
</ul>
</div>
</div>
</li>
<li class='collection-item test displayed active pass ' extentid='3ff313ab-7ca8-4aa3-9a4b-4146657b4db4'>
<div class='test-head'>
<span class='test-name'>verifySecuritySoftwareUsageStatusTabIsDisplayed </span>
<span class='test-status label right outline capitalize pass'>pass</span>
<span class='category-assigned hide '></span>
</div>
<div class='test-body'>
<div class='test-info'>
<span title='Test started time' alt='Test started time' class='test-started-time label green lighten-1 text-white'>2021-05-29 20:19:07</span>
<span title='Test ended time' alt='Test ended time' class='test-ended-time label red lighten-1 text-white'>2021-05-29 20:19:08</span>
<span title='Time taken to finish' alt='Time taken to finish' class='test-time-taken label blue-grey lighten-3 text-white'>0h 0m 1s+170ms</span>
</div>
<div class='test-desc'></div>
<div class='test-attributes'>
</div>
<div class='test-steps'>
<table class='bordered table-results'>
<thead>
<tr>
<th>Status</th>
<th>Timestamp</th>
<th>Details</th>
</tr>
</thead>
<tbody>
<tr>
<td class='status pass' title='pass' alt='pass'><i class='mdi-action-check-circle'></i></td>
<td class='timestamp'>20:19:08</td>
<td class='step-details'>TestCase Description : Verify that Security software usage status tab is displayed when we click on update button.</td>
</tr>
<tr>
<td class='status pass' title='pass' alt='pass'><i class='mdi-action-check-circle'></i></td>
<td class='timestamp'>20:19:08</td>
<td class='step-details'>Test Passed</td>
</tr>
</tbody>
</table>
<ul class='collapsible node-list' data-collapsible='accordion'>
</ul>
</div>
</div>
</li>
<li class='collection-item test displayed active pass ' extentid='06d708da-113d-45b5-9aa0-fc57268a1331'>
<div class='test-head'>
<span class='test-name'>verifySecuritySoftwareUsageStatusTabIsSelected </span>
<span class='test-status label right outline capitalize pass'>pass</span>
<span class='category-assigned hide '></span>
</div>
<div class='test-body'>
<div class='test-info'>
<span title='Test started time' alt='Test started time' class='test-started-time label green lighten-1 text-white'>2021-05-29 20:19:08</span>
<span title='Test ended time' alt='Test ended time' class='test-ended-time label red lighten-1 text-white'>2021-05-29 20:19:09</span>
<span title='Time taken to finish' alt='Time taken to finish' class='test-time-taken label blue-grey lighten-3 text-white'>0h 0m 0s+803ms</span>
</div>
<div class='test-desc'></div>
<div class='test-attributes'>
</div>
<div class='test-steps'>
<table class='bordered table-results'>
<thead>
<tr>
<th>Status</th>
<th>Timestamp</th>
<th>Details</th>
</tr>
</thead>
<tbody>
<tr>
<td class='status pass' title='pass' alt='pass'><i class='mdi-action-check-circle'></i></td>
<td class='timestamp'>20:19:09</td>
<td class='step-details'>TestCase Description : Verify that Security software usage status Tab is selected.</td>
</tr>
<tr>
<td class='status pass' title='pass' alt='pass'><i class='mdi-action-check-circle'></i></td>
<td class='timestamp'>20:19:09</td>
<td class='step-details'>Test Passed</td>
</tr>
</tbody>
</table>
<ul class='collapsible node-list' data-collapsible='accordion'>
</ul>
</div>
</div>
</li>
<li class='collection-item test displayed active pass ' extentid='6bdd49df-a27b-4de0-a201-2115f1c143a7'>
<div class='test-head'>
<span class='test-name'>verifySideBarMenuIsClickable </span>
<span class='test-status label right outline capitalize pass'>pass</span>
<span class='category-assigned hide '></span>
</div>
<div class='test-body'>
<div class='test-info'>
<span title='Test started time' alt='Test started time' class='test-started-time label green lighten-1 text-white'>2021-05-29 20:19:09</span>
<span title='Test ended time' alt='Test ended time' class='test-ended-time label red lighten-1 text-white'>2021-05-29 20:19:10</span>
<span title='Time taken to finish' alt='Time taken to finish' class='test-time-taken label blue-grey lighten-3 text-white'>0h 0m 0s+444ms</span>
</div>
<div class='test-desc'></div>
<div class='test-attributes'>
</div>
<div class='test-steps'>
<table class='bordered table-results'>
<thead>
<tr>
<th>Status</th>
<th>Timestamp</th>
<th>Details</th>
</tr>
</thead>
<tbody>
<tr>
<td class='status pass' title='pass' alt='pass'><i class='mdi-action-check-circle'></i></td>
<td class='timestamp'>20:19:10</td>
<td class='step-details'>TestCase Description : Verify that menu icon is enabled and clickable.</td>
</tr>
<tr>
<td class='status pass' title='pass' alt='pass'><i class='mdi-action-check-circle'></i></td>
<td class='timestamp'>20:19:10</td>
<td class='step-details'>Test Passed</td>
</tr>
</tbody>
</table>
<ul class='collapsible node-list' data-collapsible='accordion'>
</ul>
</div>
</div>
</li>
<li class='collection-item test displayed active pass ' extentid='2cb3e79c-a899-4c28-a7dd-e92d8015079e'>
<div class='test-head'>
<span class='test-name'>verifySideBarMenuIsDisplayed </span>
<span class='test-status label right outline capitalize pass'>pass</span>
<span class='category-assigned hide '></span>
</div>
<div class='test-body'>
<div class='test-info'>
<span title='Test started time' alt='Test started time' class='test-started-time label green lighten-1 text-white'>2021-05-29 20:19:10</span>
<span title='Test ended time' alt='Test ended time' class='test-ended-time label red lighten-1 text-white'>2021-05-29 20:19:10</span>
<span title='Time taken to finish' alt='Time taken to finish' class='test-time-taken label blue-grey lighten-3 text-white'>0h 0m 0s+128ms</span>
</div>
<div class='test-desc'></div>
<div class='test-attributes'>
</div>
<div class='test-steps'>
<table class='bordered table-results'>
<thead>
<tr>
<th>Status</th>
<th>Timestamp</th>
<th>Details</th>
</tr>
</thead>
<tbody>
<tr>
<td class='status pass' title='pass' alt='pass'><i class='mdi-action-check-circle'></i></td>
<td class='timestamp'>20:19:10</td>
<td class='step-details'>TestCase Description : Verify that menu icon is displayed on the top right corner of the browser.</td>
</tr>
<tr>
<td class='status pass' title='pass' alt='pass'><i class='mdi-action-check-circle'></i></td>
<td class='timestamp'>20:19:10</td>
<td class='step-details'>Test Passed</td>
</tr>
</tbody>
</table>
<ul class='collapsible node-list' data-collapsible='accordion'>
</ul>
</div>
</div>
</li>
<li class='collection-item test displayed active pass ' extentid='118a74c5-bd2e-409f-ab1a-91b12feeea79'>
<div class='test-head'>
<span class='test-name'>verifySummaryTabIsDisplayed </span>
<span class='test-status label right outline capitalize pass'>pass</span>
<span class='category-assigned hide '></span>
</div>
<div class='test-body'>
<div class='test-info'>
<span title='Test started time' alt='Test started time' class='test-started-time label green lighten-1 text-white'>2021-05-29 20:19:10</span>
<span title='Test ended time' alt='Test ended time' class='test-ended-time label red lighten-1 text-white'>2021-05-29 20:19:11</span>
<span title='Time taken to finish' alt='Time taken to finish' class='test-time-taken label blue-grey lighten-3 text-white'>0h 0m 0s+803ms</span>
</div>
<div class='test-desc'></div>
<div class='test-attributes'>
</div>
<div class='test-steps'>
<table class='bordered table-results'>
<thead>
<tr>
<th>Status</th>
<th>Timestamp</th>
<th>Details</th>
</tr>
</thead>
<tbody>
<tr>
<td class='status pass' title='pass' alt='pass'><i class='mdi-action-check-circle'></i></td>
<td class='timestamp'>20:19:11</td>
<td class='step-details'>TestCase Description : Verify that summary tab is displayed when we click on update button.</td>
</tr>
<tr>
<td class='status pass' title='pass' alt='pass'><i class='mdi-action-check-circle'></i></td>
<td class='timestamp'>20:19:11</td>
<td class='step-details'>Test Passed</td>
</tr>
</tbody>
</table>
<ul class='collapsible node-list' data-collapsible='accordion'>
</ul>
</div>
</div>
</li>
<li class='collection-item test displayed active pass ' extentid='f2d72168-60ef-45eb-a5e6-436f04edf378'>
<div class='test-head'>
<span class='test-name'>verifySummaryTabIsSelected </span>
<span class='test-status label right outline capitalize pass'>pass</span>
<span class='category-assigned hide '></span>
</div>
<div class='test-body'>
<div class='test-info'>
<span title='Test started time' alt='Test started time' class='test-started-time label green lighten-1 text-white'>2021-05-29 20:19:11</span>
<span title='Test ended time' alt='Test ended time' class='test-ended-time label red lighten-1 text-white'>2021-05-29 20:19:12</span>
<span title='Time taken to finish' alt='Time taken to finish' class='test-time-taken label blue-grey lighten-3 text-white'>0h 0m 0s+885ms</span>
</div>
<div class='test-desc'></div>
<div class='test-attributes'>
</div>
<div class='test-steps'>
<table class='bordered table-results'>
<thead>
<tr>
<th>Status</th>
<th>Timestamp</th>
<th>Details</th>
</tr>
</thead>
<tbody>
<tr>
<td class='status pass' title='pass' alt='pass'><i class='mdi-action-check-circle'></i></td>
<td class='timestamp'>20:19:12</td>
<td class='step-details'>TestCase Description : Verify that Summary tab is selected.</td>
</tr>
<tr>
<td class='status pass' title='pass' alt='pass'><i class='mdi-action-check-circle'></i></td>
<td class='timestamp'>20:19:12</td>
<td class='step-details'>Test Passed</td>
</tr>
</tbody>
</table>
<ul class='collapsible node-list' data-collapsible='accordion'>
</ul>
</div>
</div>
</li>
<li class='collection-item test displayed active pass ' extentid='f4917b85-1ad6-4d87-9452-ec3086bdb246'>
<div class='test-head'>
<span class='test-name'>verifyTenantIDDropDownIsDisplayed </span>
<span class='test-status label right outline capitalize pass'>pass</span>
<span class='category-assigned hide '></span>
</div>
<div class='test-body'>
<div class='test-info'>
<span title='Test started time' alt='Test started time' class='test-started-time label green lighten-1 text-white'>2021-05-29 20:19:12</span>
<span title='Test ended time' alt='Test ended time' class='test-ended-time label red lighten-1 text-white'>2021-05-29 20:19:12</span>
<span title='Time taken to finish' alt='Time taken to finish' class='test-time-taken label blue-grey lighten-3 text-white'>0h 0m 0s+491ms</span>
</div>
<div class='test-desc'></div>
<div class='test-attributes'>
</div>
<div class='test-steps'>
<table class='bordered table-results'>
<thead>
<tr>
<th>Status</th>
<th>Timestamp</th>
<th>Details</th>
</tr>
</thead>
<tbody>
<tr>
<td class='status pass' title='pass' alt='pass'><i class='mdi-action-check-circle'></i></td>
<td class='timestamp'>20:19:12</td>
<td class='step-details'>TestCase Description : Verify that tenant id drop down is displayed and enabled.</td>
</tr>
<tr>
<td class='status pass' title='pass' alt='pass'><i class='mdi-action-check-circle'></i></td>
<td class='timestamp'>20:19:12</td>
<td class='step-details'>Test Passed</td>
</tr>
</tbody>
</table>
<ul class='collapsible node-list' data-collapsible='accordion'>
</ul>
</div>
</div>
</li>
</ul>
</div>
</div>
</div>
</div>
<div id='test-details-wrapper' class='col _addedCell2'>
<div class='contents'>
<div class='card-panel details-view'>
<h5 class='details-name'></h5>
<div class='step-filters right'>
<span class='info' alt='info' title='info'><i class='mdi-action-info-outline'></i></span>
<span class='pass' alt='pass' title='pass'><i class='mdi-action-check-circle'></i></span>
<span class='fail' alt='fail' title='fail'><i class='mdi-navigation-cancel'></i></span>
<span class='fatal' alt='fatal' title='fatal'><i class='mdi-navigation-cancel'></i></span>
<span class='error' alt='error' title='error'><i class='mdi-alert-error'></i></span>
<span class='warning' alt='warning' title='warning'><i class='mdi-alert-warning'></i></span>
<span class='skip' alt='skip' title='skip'><i class='mdi-content-redo'></i></span>
<span class='clear-step-filter' alt='Clear filters' title='Clear filters'><i class='mdi-content-clear'></i></span>
</div>
<div class='details-container'>
</div>
</div>
</div>
</div>
</div>
<!-- /tests -->

<!-- categories -->
<!-- /categories -->

<!-- exceptions -->
<!-- /exceptions -->

<!-- testrunner logs -->
<!-- /testrunner logs -->

</div>
<!-- /container -->

<!-- test dashboard counts setting -->
<div id='test-count-setting' class='modal bottom-sheet'> 
<div class='modal-content'> 
<h5>Configure Tests Count Setting</h5> 
<input name='test-count-setting' type='radio' id='parentWithoutNodes' class='with-gap'> 
<label for='parentWithoutNodes'>Parent Tests Only (Does not include child nodes in counts)</label> 
<br> 
<input name='test-count-setting' type='radio' id='parentWithoutNodesAndNodes' class='with-gap'> 
<label for='parentWithoutNodesAndNodes'>Parent Tests Without Child Tests + Child Tests</label> 
<br> 
<input name='test-count-setting' type='radio' id='childNodes' class='with-gap'> 
<label for='childNodes'>Child Tests Only</label> 
</div> 
<div class='modal-footer'> 
<a href='#!' class='modal-action modal-close waves-effect waves-green btn'>Save</a> 
</div> 
</div>
<!-- /test dashboard counts setting -->

<!-- filter for step status -->
<div id='step-status-filter' class='modal bottom-sheet'> 
<div class='modal-content'> 
<h5>Select status</h5> 
<input checked class='filled-in' type='checkbox' id='step-dashboard-filter-pass'> 
<label for='step-dashboard-filter-pass'>Pass</label> 
<br> 
<input checked class='filled-in' type='checkbox' id='step-dashboard-filter-fail'> 
<label for='step-dashboard-filter-fail'>Fail</label> 
<br> 
<input checked class='filled-in' type='checkbox' id='step-dashboard-filter-fatal'> 
<label for='step-dashboard-filter-fatal'>Fatal</label> 
<br> 
<input checked class='filled-in' type='checkbox' id='step-dashboard-filter-error'> 
<label for='step-dashboard-filter-error'>Error</label> 
<br> 
<input checked class='filled-in' type='checkbox' id='step-dashboard-filter-warning'> 
<label for='step-dashboard-filter-warning'>Warning</label> 
<br> 
<input checked class='filled-in' type='checkbox' id='step-dashboard-filter-skip'> 
<label for='step-dashboard-filter-skip'>Skipped</label> 
<br> 
<input checked class='filled-in' type='checkbox' id='step-dashboard-filter-info'> 
<label for='step-dashboard-filter-info'>Info</label> 
<br> 
<input checked class='filled-in' type='checkbox' id='step-dashboard-filter-unknown'> 
<label for='step-dashboard-filter-unknown'>Unknown</label> 
</div>
<div class='modal-footer'> 
<a href='#!' class='modal-action modal-close waves-effect waves-green btn'>Save</a> 
</div> 
</div>
<!-- /filter for step status -->

<script src='https://cdn.rawgit.com/anshooarora/extentreports/051be9b627c84bde3591f7e6268e8b70e334a760/cdn/extent.js' type='text/javascript'></script>

<script>$(document).ready(function() { $('.logo span').html('ExtentReports'); });</script>
<script>

      
        $(document).ready(function() {
          
        });
      
    
</script>
</body>
</html>
