<?xml version="1.0" encoding="UTF-8"?>
<!-- Generated by org.testng.reporters.JUnitXMLReporter -->
<testsuite ignored="0" hostname="irappa" failures="1" tests="1" name="Edge" time="0.129" errors="0" timestamp="2023-01-17T17:54:01 IST">
  <testcase classname="cocoro.tests.BaseTest" name="@AfterClass closeBrowser" time="0.001">
    <failure type="java.lang.NullPointerException" message="Cannot invoke &amp;quot;org.openqa.selenium.remote.RemoteWebDriver.quit()&amp;quot; because &amp;quot;this.driver&amp;quot; is null">
      <![CDATA[java.lang.NullPointerException: Cannot invoke "org.openqa.selenium.remote.RemoteWebDriver.quit()" because "this.driver" is null
at cocoro.tests.BaseTest.closeBrowser(BaseTest.java:78)
at java.base/java.util.ArrayList.forEach(ArrayList.java:1511)
... Removed 23 stack frames]]>
    </failure>
  </testcase> <!-- @AfterClass closeBrowser -->
  <testcase classname="test.script.Sample" name="homePageDisplayed" time="0.024">
    <failure type="java.lang.NullPointerException" message="Cannot invoke &amp;quot;org.openqa.selenium.remote.RemoteWebDriver.get(String)&amp;quot; because the return value of &amp;quot;tests.InitialTestSetup.getDriver()&amp;quot; is null">
      <![CDATA[java.lang.NullPointerException: Cannot invoke "org.openqa.selenium.remote.RemoteWebDriver.get(String)" because the return value of "tests.InitialTestSetup.getDriver()" is null
at tests.InitialTestSetup.goToLoginPage(InitialTestSetup.java:25)
at test.script.Sample.homePageDisplayed(Sample.java:32)
at java.base/java.util.ArrayList.forEach(ArrayList.java:1511)
... Removed 25 stack frames]]>
    </failure>
  </testcase> <!-- homePageDisplayed -->
</testsuite> <!-- Edge -->
