<?xml version="1.0" encoding="UTF-8"?>
<!-- Generated by org.testng.reporters.JUnitXMLReporter -->
<testsuite ignored="0" hostname="irappa" failures="0" tests="82" name="Test" time="31.543" errors="0" timestamp="2023-01-17T12:45:15 IST">
  <testcase classname="test.script.CreateFolderInPersonalRootFolder" name="@BeforeClass login" time="3.909">
    <failure type="java.lang.NullPointerException" message="Cannot invoke &amp;quot;String.hashCode()&amp;quot; because &amp;quot;browser&amp;quot; is null">
      <![CDATA[java.lang.NullPointerException: Cannot invoke "String.hashCode()" because "browser" is null
at cocoro.lib.uiauto.DriverFactory.testngDriver(DriverFactory.java:91)
at cocoro.lib.uiauto.DriverFactory.createDriver(DriverFactory.java:79)
at test.script.CreateFolderInPersonalRootFolder.login(CreateFolderInPersonalRootFolder.java:32)
at java.base/java.util.ArrayList.forEach(ArrayList.java:1511)
... Removed 23 stack frames]]>
    </failure>
  </testcase> <!-- @BeforeClass login -->
  <testcase classname="test.script.CreateFolderInPersonalRootFolder" name="@BeforeMethod verifyFolderIsEmpty" time="0.526">
    <failure type="java.lang.NullPointerException" message="Cannot invoke &amp;quot;pages.HomePage.gotoPersonalFolder()&amp;quot; because &amp;quot;this.homePage&amp;quot; is null">
      <![CDATA[java.lang.NullPointerException: Cannot invoke "pages.HomePage.gotoPersonalFolder()" because "this.homePage" is null
at test.script.CreateFolderInPersonalRootFolder.verifyFolderIsEmpty(CreateFolderInPersonalRootFolder.java:43)
at java.base/java.util.ArrayList.forEach(ArrayList.java:1511)
... Removed 29 stack frames]]>
    </failure>
  </testcase> <!-- @BeforeMethod verifyFolderIsEmpty -->
  <testcase classname="test.script.CreateFolderInPersonalRootFolder" name="@AfterMethod deleteAllFolders" time="0.63">
    <failure type="java.lang.NullPointerException" message="Cannot invoke &amp;quot;pages.PersonalFolder.uiControl(String)&amp;quot; because &amp;quot;this.personalFolder&amp;quot; is null">
      <![CDATA[java.lang.NullPointerException: Cannot invoke "pages.PersonalFolder.uiControl(String)" because "this.personalFolder" is null
at test.script.CreateFolderInPersonalRootFolder.deleteAllFolders(CreateFolderInPersonalRootFolder.java:60)
at java.base/java.util.ArrayList.forEach(ArrayList.java:1511)
... Removed 30 stack frames]]>
    </failure>
  </testcase> <!-- @AfterMethod deleteAllFolders -->
  <testcase classname="test.script.CreateFolderInPersonalRootFolder" name="@BeforeMethod verifyFolderIsEmpty" time="0.001">
    <failure type="java.lang.NullPointerException" message="Cannot invoke &amp;quot;pages.HomePage.gotoPersonalFolder()&amp;quot; because &amp;quot;this.homePage&amp;quot; is null">
      <![CDATA[java.lang.NullPointerException: Cannot invoke "pages.HomePage.gotoPersonalFolder()" because "this.homePage" is null
at test.script.CreateFolderInPersonalRootFolder.verifyFolderIsEmpty(CreateFolderInPersonalRootFolder.java:43)
at java.base/java.util.ArrayList.forEach(ArrayList.java:1511)
... Removed 29 stack frames]]>
    </failure>
  </testcase> <!-- @BeforeMethod verifyFolderIsEmpty -->
  <testcase classname="test.script.CreateFolderInPersonalRootFolder" name="@AfterMethod deleteAllFolders" time="0.002">
    <failure type="java.lang.NullPointerException" message="Cannot invoke &amp;quot;pages.PersonalFolder.uiControl(String)&amp;quot; because &amp;quot;this.personalFolder&amp;quot; is null">
      <![CDATA[java.lang.NullPointerException: Cannot invoke "pages.PersonalFolder.uiControl(String)" because "this.personalFolder" is null
at test.script.CreateFolderInPersonalRootFolder.deleteAllFolders(CreateFolderInPersonalRootFolder.java:60)
at java.base/java.util.ArrayList.forEach(ArrayList.java:1511)
... Removed 30 stack frames]]>
    </failure>
  </testcase> <!-- @AfterMethod deleteAllFolders -->
  <testcase classname="test.script.CreateFolderInPersonalRootFolder" name="@BeforeMethod verifyFolderIsEmpty" time="0.0">
    <failure type="java.lang.NullPointerException" message="Cannot invoke &amp;quot;pages.HomePage.gotoPersonalFolder()&amp;quot; because &amp;quot;this.homePage&amp;quot; is null">
      <![CDATA[java.lang.NullPointerException: Cannot invoke "pages.HomePage.gotoPersonalFolder()" because "this.homePage" is null
at test.script.CreateFolderInPersonalRootFolder.verifyFolderIsEmpty(CreateFolderInPersonalRootFolder.java:43)
at java.base/java.util.ArrayList.forEach(ArrayList.java:1511)
... Removed 29 stack frames]]>
    </failure>
  </testcase> <!-- @BeforeMethod verifyFolderIsEmpty -->
  <testcase classname="test.script.CreateFolderInPersonalRootFolder" name="@AfterMethod deleteAllFolders" time="0.001">
    <failure type="java.lang.NullPointerException" message="Cannot invoke &amp;quot;pages.PersonalFolder.uiControl(String)&amp;quot; because &amp;quot;this.personalFolder&amp;quot; is null">
      <![CDATA[java.lang.NullPointerException: Cannot invoke "pages.PersonalFolder.uiControl(String)" because "this.personalFolder" is null
at test.script.CreateFolderInPersonalRootFolder.deleteAllFolders(CreateFolderInPersonalRootFolder.java:60)
at java.base/java.util.ArrayList.forEach(ArrayList.java:1511)
... Removed 30 stack frames]]>
    </failure>
  </testcase> <!-- @AfterMethod deleteAllFolders -->
  <testcase classname="test.script.CreateFolderInPersonalRootFolder" name="@BeforeMethod verifyFolderIsEmpty" time="0.001">
    <failure type="java.lang.NullPointerException" message="Cannot invoke &amp;quot;pages.HomePage.gotoPersonalFolder()&amp;quot; because &amp;quot;this.homePage&amp;quot; is null">
      <![CDATA[java.lang.NullPointerException: Cannot invoke "pages.HomePage.gotoPersonalFolder()" because "this.homePage" is null
at test.script.CreateFolderInPersonalRootFolder.verifyFolderIsEmpty(CreateFolderInPersonalRootFolder.java:43)
at java.base/java.util.ArrayList.forEach(ArrayList.java:1511)
... Removed 29 stack frames]]>
    </failure>
  </testcase> <!-- @BeforeMethod verifyFolderIsEmpty -->
  <testcase classname="test.script.CreateFolderInPersonalRootFolder" name="@AfterMethod deleteAllFolders" time="0.0">
    <failure type="java.lang.NullPointerException" message="Cannot invoke &amp;quot;pages.PersonalFolder.uiControl(String)&amp;quot; because &amp;quot;this.personalFolder&amp;quot; is null">
      <![CDATA[java.lang.NullPointerException: Cannot invoke "pages.PersonalFolder.uiControl(String)" because "this.personalFolder" is null
at test.script.CreateFolderInPersonalRootFolder.deleteAllFolders(CreateFolderInPersonalRootFolder.java:60)
at java.base/java.util.ArrayList.forEach(ArrayList.java:1511)
... Removed 30 stack frames]]>
    </failure>
  </testcase> <!-- @AfterMethod deleteAllFolders -->
  <testcase classname="test.script.CreateFolderInPersonalRootFolder" name="@BeforeMethod verifyFolderIsEmpty" time="0.0">
    <failure type="java.lang.NullPointerException" message="Cannot invoke &amp;quot;pages.HomePage.gotoPersonalFolder()&amp;quot; because &amp;quot;this.homePage&amp;quot; is null">
      <![CDATA[java.lang.NullPointerException: Cannot invoke "pages.HomePage.gotoPersonalFolder()" because "this.homePage" is null
at test.script.CreateFolderInPersonalRootFolder.verifyFolderIsEmpty(CreateFolderInPersonalRootFolder.java:43)
at java.base/java.util.ArrayList.forEach(ArrayList.java:1511)
... Removed 29 stack frames]]>
    </failure>
  </testcase> <!-- @BeforeMethod verifyFolderIsEmpty -->
  <testcase classname="test.script.CreateFolderInPersonalRootFolder" name="@AfterMethod deleteAllFolders" time="0.0">
    <failure type="java.lang.NullPointerException" message="Cannot invoke &amp;quot;pages.PersonalFolder.uiControl(String)&amp;quot; because &amp;quot;this.personalFolder&amp;quot; is null">
      <![CDATA[java.lang.NullPointerException: Cannot invoke "pages.PersonalFolder.uiControl(String)" because "this.personalFolder" is null
at test.script.CreateFolderInPersonalRootFolder.deleteAllFolders(CreateFolderInPersonalRootFolder.java:60)
at java.base/java.util.ArrayList.forEach(ArrayList.java:1511)
... Removed 30 stack frames]]>
    </failure>
  </testcase> <!-- @AfterMethod deleteAllFolders -->
  <testcase classname="test.script.CreateFolderInPersonalRootFolder" name="@BeforeMethod verifyFolderIsEmpty" time="0.0">
    <failure type="java.lang.NullPointerException" message="Cannot invoke &amp;quot;pages.HomePage.gotoPersonalFolder()&amp;quot; because &amp;quot;this.homePage&amp;quot; is null">
      <![CDATA[java.lang.NullPointerException: Cannot invoke "pages.HomePage.gotoPersonalFolder()" because "this.homePage" is null
at test.script.CreateFolderInPersonalRootFolder.verifyFolderIsEmpty(CreateFolderInPersonalRootFolder.java:43)
at java.base/java.util.ArrayList.forEach(ArrayList.java:1511)
... Removed 29 stack frames]]>
    </failure>
  </testcase> <!-- @BeforeMethod verifyFolderIsEmpty -->
  <testcase classname="test.script.CreateFolderInPersonalRootFolder" name="@AfterMethod deleteAllFolders" time="0.001">
    <failure type="java.lang.NullPointerException" message="Cannot invoke &amp;quot;pages.PersonalFolder.uiControl(String)&amp;quot; because &amp;quot;this.personalFolder&amp;quot; is null">
      <![CDATA[java.lang.NullPointerException: Cannot invoke "pages.PersonalFolder.uiControl(String)" because "this.personalFolder" is null
at test.script.CreateFolderInPersonalRootFolder.deleteAllFolders(CreateFolderInPersonalRootFolder.java:60)
at java.base/java.util.ArrayList.forEach(ArrayList.java:1511)
... Removed 30 stack frames]]>
    </failure>
  </testcase> <!-- @AfterMethod deleteAllFolders -->
  <testcase classname="test.script.CreateFolderInPersonalRootFolder" name="@BeforeMethod verifyFolderIsEmpty" time="0.0">
    <failure type="java.lang.NullPointerException" message="Cannot invoke &amp;quot;pages.HomePage.gotoPersonalFolder()&amp;quot; because &amp;quot;this.homePage&amp;quot; is null">
      <![CDATA[java.lang.NullPointerException: Cannot invoke "pages.HomePage.gotoPersonalFolder()" because "this.homePage" is null
at test.script.CreateFolderInPersonalRootFolder.verifyFolderIsEmpty(CreateFolderInPersonalRootFolder.java:43)
at java.base/java.util.ArrayList.forEach(ArrayList.java:1511)
... Removed 29 stack frames]]>
    </failure>
  </testcase> <!-- @BeforeMethod verifyFolderIsEmpty -->
  <testcase classname="test.script.CreateFolderInPersonalRootFolder" name="@AfterMethod deleteAllFolders" time="0.001">
    <failure type="java.lang.NullPointerException" message="Cannot invoke &amp;quot;pages.PersonalFolder.uiControl(String)&amp;quot; because &amp;quot;this.personalFolder&amp;quot; is null">
      <![CDATA[java.lang.NullPointerException: Cannot invoke "pages.PersonalFolder.uiControl(String)" because "this.personalFolder" is null
at test.script.CreateFolderInPersonalRootFolder.deleteAllFolders(CreateFolderInPersonalRootFolder.java:60)
at java.base/java.util.ArrayList.forEach(ArrayList.java:1511)
... Removed 30 stack frames]]>
    </failure>
  </testcase> <!-- @AfterMethod deleteAllFolders -->
  <testcase classname="test.script.CreateFolderInPersonalRootFolder" name="@BeforeMethod verifyFolderIsEmpty" time="0.0">
    <failure type="java.lang.NullPointerException" message="Cannot invoke &amp;quot;pages.HomePage.gotoPersonalFolder()&amp;quot; because &amp;quot;this.homePage&amp;quot; is null">
      <![CDATA[java.lang.NullPointerException: Cannot invoke "pages.HomePage.gotoPersonalFolder()" because "this.homePage" is null
at test.script.CreateFolderInPersonalRootFolder.verifyFolderIsEmpty(CreateFolderInPersonalRootFolder.java:43)
at java.base/java.util.ArrayList.forEach(ArrayList.java:1511)
... Removed 29 stack frames]]>
    </failure>
  </testcase> <!-- @BeforeMethod verifyFolderIsEmpty -->
  <testcase classname="test.script.CreateFolderInPersonalRootFolder" name="@AfterMethod deleteAllFolders" time="0.001">
    <failure type="java.lang.NullPointerException" message="Cannot invoke &amp;quot;pages.PersonalFolder.uiControl(String)&amp;quot; because &amp;quot;this.personalFolder&amp;quot; is null">
      <![CDATA[java.lang.NullPointerException: Cannot invoke "pages.PersonalFolder.uiControl(String)" because "this.personalFolder" is null
at test.script.CreateFolderInPersonalRootFolder.deleteAllFolders(CreateFolderInPersonalRootFolder.java:60)
at java.base/java.util.ArrayList.forEach(ArrayList.java:1511)
... Removed 30 stack frames]]>
    </failure>
  </testcase> <!-- @AfterMethod deleteAllFolders -->
  <testcase classname="test.script.CreateFolderInPersonalRootFolder" name="@BeforeMethod verifyFolderIsEmpty" time="0.0">
    <failure type="java.lang.NullPointerException" message="Cannot invoke &amp;quot;pages.HomePage.gotoPersonalFolder()&amp;quot; because &amp;quot;this.homePage&amp;quot; is null">
      <![CDATA[java.lang.NullPointerException: Cannot invoke "pages.HomePage.gotoPersonalFolder()" because "this.homePage" is null
at test.script.CreateFolderInPersonalRootFolder.verifyFolderIsEmpty(CreateFolderInPersonalRootFolder.java:43)
at java.base/java.util.ArrayList.forEach(ArrayList.java:1511)
... Removed 29 stack frames]]>
    </failure>
  </testcase> <!-- @BeforeMethod verifyFolderIsEmpty -->
  <testcase classname="test.script.CreateFolderInPersonalRootFolder" name="@AfterMethod deleteAllFolders" time="0.0">
    <failure type="java.lang.NullPointerException" message="Cannot invoke &amp;quot;pages.PersonalFolder.uiControl(String)&amp;quot; because &amp;quot;this.personalFolder&amp;quot; is null">
      <![CDATA[java.lang.NullPointerException: Cannot invoke "pages.PersonalFolder.uiControl(String)" because "this.personalFolder" is null
at test.script.CreateFolderInPersonalRootFolder.deleteAllFolders(CreateFolderInPersonalRootFolder.java:60)
at java.base/java.util.ArrayList.forEach(ArrayList.java:1511)
... Removed 30 stack frames]]>
    </failure>
  </testcase> <!-- @AfterMethod deleteAllFolders -->
  <testcase classname="test.script.CreateFolderInPersonalRootFolder" name="@BeforeMethod verifyFolderIsEmpty" time="0.001">
    <failure type="java.lang.NullPointerException" message="Cannot invoke &amp;quot;pages.HomePage.gotoPersonalFolder()&amp;quot; because &amp;quot;this.homePage&amp;quot; is null">
      <![CDATA[java.lang.NullPointerException: Cannot invoke "pages.HomePage.gotoPersonalFolder()" because "this.homePage" is null
at test.script.CreateFolderInPersonalRootFolder.verifyFolderIsEmpty(CreateFolderInPersonalRootFolder.java:43)
at java.base/java.util.ArrayList.forEach(ArrayList.java:1511)
... Removed 29 stack frames]]>
    </failure>
  </testcase> <!-- @BeforeMethod verifyFolderIsEmpty -->
  <testcase classname="test.script.CreateFolderInPersonalRootFolder" name="@AfterMethod deleteAllFolders" time="0.0">
    <failure type="java.lang.NullPointerException" message="Cannot invoke &amp;quot;pages.PersonalFolder.uiControl(String)&amp;quot; because &amp;quot;this.personalFolder&amp;quot; is null">
      <![CDATA[java.lang.NullPointerException: Cannot invoke "pages.PersonalFolder.uiControl(String)" because "this.personalFolder" is null
at test.script.CreateFolderInPersonalRootFolder.deleteAllFolders(CreateFolderInPersonalRootFolder.java:60)
at java.base/java.util.ArrayList.forEach(ArrayList.java:1511)
... Removed 30 stack frames]]>
    </failure>
  </testcase> <!-- @AfterMethod deleteAllFolders -->
  <testcase classname="test.script.CreateFolderInPersonalRootFolder" name="@BeforeMethod verifyFolderIsEmpty" time="0.001">
    <failure type="java.lang.NullPointerException" message="Cannot invoke &amp;quot;pages.HomePage.gotoPersonalFolder()&amp;quot; because &amp;quot;this.homePage&amp;quot; is null">
      <![CDATA[java.lang.NullPointerException: Cannot invoke "pages.HomePage.gotoPersonalFolder()" because "this.homePage" is null
at test.script.CreateFolderInPersonalRootFolder.verifyFolderIsEmpty(CreateFolderInPersonalRootFolder.java:43)
at java.base/java.util.ArrayList.forEach(ArrayList.java:1511)
... Removed 29 stack frames]]>
    </failure>
  </testcase> <!-- @BeforeMethod verifyFolderIsEmpty -->
  <testcase classname="test.script.CreateFolderInPersonalRootFolder" name="@AfterMethod deleteAllFolders" time="0.027">
    <failure type="java.lang.NullPointerException" message="Cannot invoke &amp;quot;pages.PersonalFolder.uiControl(String)&amp;quot; because &amp;quot;this.personalFolder&amp;quot; is null">
      <![CDATA[java.lang.NullPointerException: Cannot invoke "pages.PersonalFolder.uiControl(String)" because "this.personalFolder" is null
at test.script.CreateFolderInPersonalRootFolder.deleteAllFolders(CreateFolderInPersonalRootFolder.java:60)
at java.base/java.util.ArrayList.forEach(ArrayList.java:1511)
... Removed 30 stack frames]]>
    </failure>
  </testcase> <!-- @AfterMethod deleteAllFolders -->
  <testcase classname="test.script.CreateFolderInPersonalRootFolder" name="@BeforeMethod verifyFolderIsEmpty" time="0.0">
    <failure type="java.lang.NullPointerException" message="Cannot invoke &amp;quot;pages.HomePage.gotoPersonalFolder()&amp;quot; because &amp;quot;this.homePage&amp;quot; is null">
      <![CDATA[java.lang.NullPointerException: Cannot invoke "pages.HomePage.gotoPersonalFolder()" because "this.homePage" is null
at test.script.CreateFolderInPersonalRootFolder.verifyFolderIsEmpty(CreateFolderInPersonalRootFolder.java:43)
at java.base/java.util.ArrayList.forEach(ArrayList.java:1511)
... Removed 29 stack frames]]>
    </failure>
  </testcase> <!-- @BeforeMethod verifyFolderIsEmpty -->
  <testcase classname="test.script.CreateFolderInPersonalRootFolder" name="@AfterMethod deleteAllFolders" time="0.001">
    <failure type="java.lang.NullPointerException" message="Cannot invoke &amp;quot;pages.PersonalFolder.uiControl(String)&amp;quot; because &amp;quot;this.personalFolder&amp;quot; is null">
      <![CDATA[java.lang.NullPointerException: Cannot invoke "pages.PersonalFolder.uiControl(String)" because "this.personalFolder" is null
at test.script.CreateFolderInPersonalRootFolder.deleteAllFolders(CreateFolderInPersonalRootFolder.java:60)
at java.base/java.util.ArrayList.forEach(ArrayList.java:1511)
... Removed 30 stack frames]]>
    </failure>
  </testcase> <!-- @AfterMethod deleteAllFolders -->
  <testcase classname="test.script.CreateFolderInPersonalRootFolder" name="@BeforeMethod verifyFolderIsEmpty" time="0.001">
    <failure type="java.lang.NullPointerException" message="Cannot invoke &amp;quot;pages.HomePage.gotoPersonalFolder()&amp;quot; because &amp;quot;this.homePage&amp;quot; is null">
      <![CDATA[java.lang.NullPointerException: Cannot invoke "pages.HomePage.gotoPersonalFolder()" because "this.homePage" is null
at test.script.CreateFolderInPersonalRootFolder.verifyFolderIsEmpty(CreateFolderInPersonalRootFolder.java:43)
at java.base/java.util.ArrayList.forEach(ArrayList.java:1511)
... Removed 29 stack frames]]>
    </failure>
  </testcase> <!-- @BeforeMethod verifyFolderIsEmpty -->
  <testcase classname="test.script.CreateFolderInPersonalRootFolder" name="@AfterMethod deleteAllFolders" time="0.0">
    <failure type="java.lang.NullPointerException" message="Cannot invoke &amp;quot;pages.PersonalFolder.uiControl(String)&amp;quot; because &amp;quot;this.personalFolder&amp;quot; is null">
      <![CDATA[java.lang.NullPointerException: Cannot invoke "pages.PersonalFolder.uiControl(String)" because "this.personalFolder" is null
at test.script.CreateFolderInPersonalRootFolder.deleteAllFolders(CreateFolderInPersonalRootFolder.java:60)
at java.base/java.util.ArrayList.forEach(ArrayList.java:1511)
... Removed 30 stack frames]]>
    </failure>
  </testcase> <!-- @AfterMethod deleteAllFolders -->
  <testcase classname="test.script.CreateFolderInPersonalRootFolder" name="@BeforeMethod verifyFolderIsEmpty" time="0.0">
    <failure type="java.lang.NullPointerException" message="Cannot invoke &amp;quot;pages.HomePage.gotoPersonalFolder()&amp;quot; because &amp;quot;this.homePage&amp;quot; is null">
      <![CDATA[java.lang.NullPointerException: Cannot invoke "pages.HomePage.gotoPersonalFolder()" because "this.homePage" is null
at test.script.CreateFolderInPersonalRootFolder.verifyFolderIsEmpty(CreateFolderInPersonalRootFolder.java:43)
at java.base/java.util.ArrayList.forEach(ArrayList.java:1511)
... Removed 29 stack frames]]>
    </failure>
  </testcase> <!-- @BeforeMethod verifyFolderIsEmpty -->
  <testcase classname="test.script.CreateFolderInPersonalRootFolder" name="@AfterMethod deleteAllFolders" time="0.0">
    <failure type="java.lang.NullPointerException" message="Cannot invoke &amp;quot;pages.PersonalFolder.uiControl(String)&amp;quot; because &amp;quot;this.personalFolder&amp;quot; is null">
      <![CDATA[java.lang.NullPointerException: Cannot invoke "pages.PersonalFolder.uiControl(String)" because "this.personalFolder" is null
at test.script.CreateFolderInPersonalRootFolder.deleteAllFolders(CreateFolderInPersonalRootFolder.java:60)
at java.base/java.util.ArrayList.forEach(ArrayList.java:1511)
... Removed 30 stack frames]]>
    </failure>
  </testcase> <!-- @AfterMethod deleteAllFolders -->
  <testcase classname="test.script.CreateFolderInPersonalRootFolder" name="@BeforeMethod verifyFolderIsEmpty" time="0.001">
    <failure type="java.lang.NullPointerException" message="Cannot invoke &amp;quot;pages.HomePage.gotoPersonalFolder()&amp;quot; because &amp;quot;this.homePage&amp;quot; is null">
      <![CDATA[java.lang.NullPointerException: Cannot invoke "pages.HomePage.gotoPersonalFolder()" because "this.homePage" is null
at test.script.CreateFolderInPersonalRootFolder.verifyFolderIsEmpty(CreateFolderInPersonalRootFolder.java:43)
at java.base/java.util.ArrayList.forEach(ArrayList.java:1511)
... Removed 29 stack frames]]>
    </failure>
  </testcase> <!-- @BeforeMethod verifyFolderIsEmpty -->
  <testcase classname="test.script.CreateFolderInPersonalRootFolder" name="@AfterMethod deleteAllFolders" time="0.0">
    <failure type="java.lang.NullPointerException" message="Cannot invoke &amp;quot;pages.PersonalFolder.uiControl(String)&amp;quot; because &amp;quot;this.personalFolder&amp;quot; is null">
      <![CDATA[java.lang.NullPointerException: Cannot invoke "pages.PersonalFolder.uiControl(String)" because "this.personalFolder" is null
at test.script.CreateFolderInPersonalRootFolder.deleteAllFolders(CreateFolderInPersonalRootFolder.java:60)
at java.base/java.util.ArrayList.forEach(ArrayList.java:1511)
... Removed 30 stack frames]]>
    </failure>
  </testcase> <!-- @AfterMethod deleteAllFolders -->
  <testcase classname="test.script.CreateFolderInPersonalRootFolder" name="@BeforeMethod verifyFolderIsEmpty" time="0.001">
    <failure type="java.lang.NullPointerException" message="Cannot invoke &amp;quot;pages.HomePage.gotoPersonalFolder()&amp;quot; because &amp;quot;this.homePage&amp;quot; is null">
      <![CDATA[java.lang.NullPointerException: Cannot invoke "pages.HomePage.gotoPersonalFolder()" because "this.homePage" is null
at test.script.CreateFolderInPersonalRootFolder.verifyFolderIsEmpty(CreateFolderInPersonalRootFolder.java:43)
at java.base/java.util.ArrayList.forEach(ArrayList.java:1511)
... Removed 29 stack frames]]>
    </failure>
  </testcase> <!-- @BeforeMethod verifyFolderIsEmpty -->
  <testcase classname="test.script.CreateFolderInPersonalRootFolder" name="@AfterMethod deleteAllFolders" time="0.0">
    <failure type="java.lang.NullPointerException" message="Cannot invoke &amp;quot;pages.PersonalFolder.uiControl(String)&amp;quot; because &amp;quot;this.personalFolder&amp;quot; is null">
      <![CDATA[java.lang.NullPointerException: Cannot invoke "pages.PersonalFolder.uiControl(String)" because "this.personalFolder" is null
at test.script.CreateFolderInPersonalRootFolder.deleteAllFolders(CreateFolderInPersonalRootFolder.java:60)
at java.base/java.util.ArrayList.forEach(ArrayList.java:1511)
... Removed 30 stack frames]]>
    </failure>
  </testcase> <!-- @AfterMethod deleteAllFolders -->
  <testcase classname="test.script.CreateFolderInPersonalRootFolder" name="@BeforeMethod verifyFolderIsEmpty" time="0.001">
    <failure type="java.lang.NullPointerException" message="Cannot invoke &amp;quot;pages.HomePage.gotoPersonalFolder()&amp;quot; because &amp;quot;this.homePage&amp;quot; is null">
      <![CDATA[java.lang.NullPointerException: Cannot invoke "pages.HomePage.gotoPersonalFolder()" because "this.homePage" is null
at test.script.CreateFolderInPersonalRootFolder.verifyFolderIsEmpty(CreateFolderInPersonalRootFolder.java:43)
at java.base/java.util.ArrayList.forEach(ArrayList.java:1511)
... Removed 29 stack frames]]>
    </failure>
  </testcase> <!-- @BeforeMethod verifyFolderIsEmpty -->
  <testcase classname="test.script.CreateFolderInPersonalRootFolder" name="@AfterMethod deleteAllFolders" time="0.001">
    <failure type="java.lang.NullPointerException" message="Cannot invoke &amp;quot;pages.PersonalFolder.uiControl(String)&amp;quot; because &amp;quot;this.personalFolder&amp;quot; is null">
      <![CDATA[java.lang.NullPointerException: Cannot invoke "pages.PersonalFolder.uiControl(String)" because "this.personalFolder" is null
at test.script.CreateFolderInPersonalRootFolder.deleteAllFolders(CreateFolderInPersonalRootFolder.java:60)
at java.base/java.util.ArrayList.forEach(ArrayList.java:1511)
... Removed 30 stack frames]]>
    </failure>
  </testcase> <!-- @AfterMethod deleteAllFolders -->
  <testcase classname="test.script.CreateFolderInPersonalRootFolder" name="@BeforeMethod verifyFolderIsEmpty" time="0.001">
    <failure type="java.lang.NullPointerException" message="Cannot invoke &amp;quot;pages.HomePage.gotoPersonalFolder()&amp;quot; because &amp;quot;this.homePage&amp;quot; is null">
      <![CDATA[java.lang.NullPointerException: Cannot invoke "pages.HomePage.gotoPersonalFolder()" because "this.homePage" is null
at test.script.CreateFolderInPersonalRootFolder.verifyFolderIsEmpty(CreateFolderInPersonalRootFolder.java:43)
at java.base/java.util.ArrayList.forEach(ArrayList.java:1511)
... Removed 29 stack frames]]>
    </failure>
  </testcase> <!-- @BeforeMethod verifyFolderIsEmpty -->
  <testcase classname="test.script.CreateFolderInPersonalRootFolder" name="@AfterMethod deleteAllFolders" time="0.001">
    <failure type="java.lang.NullPointerException" message="Cannot invoke &amp;quot;pages.PersonalFolder.uiControl(String)&amp;quot; because &amp;quot;this.personalFolder&amp;quot; is null">
      <![CDATA[java.lang.NullPointerException: Cannot invoke "pages.PersonalFolder.uiControl(String)" because "this.personalFolder" is null
at test.script.CreateFolderInPersonalRootFolder.deleteAllFolders(CreateFolderInPersonalRootFolder.java:60)
at java.base/java.util.ArrayList.forEach(ArrayList.java:1511)
... Removed 30 stack frames]]>
    </failure>
  </testcase> <!-- @AfterMethod deleteAllFolders -->
  <testcase classname="test.script.CreateFolderInPersonalRootFolder" name="@BeforeMethod verifyFolderIsEmpty" time="0.001">
    <failure type="java.lang.NullPointerException" message="Cannot invoke &amp;quot;pages.HomePage.gotoPersonalFolder()&amp;quot; because &amp;quot;this.homePage&amp;quot; is null">
      <![CDATA[java.lang.NullPointerException: Cannot invoke "pages.HomePage.gotoPersonalFolder()" because "this.homePage" is null
at test.script.CreateFolderInPersonalRootFolder.verifyFolderIsEmpty(CreateFolderInPersonalRootFolder.java:43)
at java.base/java.util.ArrayList.forEach(ArrayList.java:1511)
... Removed 29 stack frames]]>
    </failure>
  </testcase> <!-- @BeforeMethod verifyFolderIsEmpty -->
  <testcase classname="test.script.CreateFolderInPersonalRootFolder" name="@AfterMethod deleteAllFolders" time="0.0">
    <failure type="java.lang.NullPointerException" message="Cannot invoke &amp;quot;pages.PersonalFolder.uiControl(String)&amp;quot; because &amp;quot;this.personalFolder&amp;quot; is null">
      <![CDATA[java.lang.NullPointerException: Cannot invoke "pages.PersonalFolder.uiControl(String)" because "this.personalFolder" is null
at test.script.CreateFolderInPersonalRootFolder.deleteAllFolders(CreateFolderInPersonalRootFolder.java:60)
at java.base/java.util.ArrayList.forEach(ArrayList.java:1511)
... Removed 30 stack frames]]>
    </failure>
  </testcase> <!-- @AfterMethod deleteAllFolders -->
  <testcase classname="test.script.CreateFolderInPersonalRootFolder" name="@BeforeMethod verifyFolderIsEmpty" time="0.0">
    <failure type="java.lang.NullPointerException" message="Cannot invoke &amp;quot;pages.HomePage.gotoPersonalFolder()&amp;quot; because &amp;quot;this.homePage&amp;quot; is null">
      <![CDATA[java.lang.NullPointerException: Cannot invoke "pages.HomePage.gotoPersonalFolder()" because "this.homePage" is null
at test.script.CreateFolderInPersonalRootFolder.verifyFolderIsEmpty(CreateFolderInPersonalRootFolder.java:43)
at java.base/java.util.ArrayList.forEach(ArrayList.java:1511)
... Removed 29 stack frames]]>
    </failure>
  </testcase> <!-- @BeforeMethod verifyFolderIsEmpty -->
  <testcase classname="test.script.CreateFolderInPersonalRootFolder" name="@AfterMethod deleteAllFolders" time="0.0">
    <failure type="java.lang.NullPointerException" message="Cannot invoke &amp;quot;pages.PersonalFolder.uiControl(String)&amp;quot; because &amp;quot;this.personalFolder&amp;quot; is null">
      <![CDATA[java.lang.NullPointerException: Cannot invoke "pages.PersonalFolder.uiControl(String)" because "this.personalFolder" is null
at test.script.CreateFolderInPersonalRootFolder.deleteAllFolders(CreateFolderInPersonalRootFolder.java:60)
at java.base/java.util.ArrayList.forEach(ArrayList.java:1511)
... Removed 30 stack frames]]>
    </failure>
  </testcase> <!-- @AfterMethod deleteAllFolders -->
  <testcase classname="test.script.CreateFolderInPersonalRootFolder" name="@BeforeMethod verifyFolderIsEmpty" time="0.001">
    <failure type="java.lang.NullPointerException" message="Cannot invoke &amp;quot;pages.HomePage.gotoPersonalFolder()&amp;quot; because &amp;quot;this.homePage&amp;quot; is null">
      <![CDATA[java.lang.NullPointerException: Cannot invoke "pages.HomePage.gotoPersonalFolder()" because "this.homePage" is null
at test.script.CreateFolderInPersonalRootFolder.verifyFolderIsEmpty(CreateFolderInPersonalRootFolder.java:43)
at java.base/java.util.ArrayList.forEach(ArrayList.java:1511)
... Removed 29 stack frames]]>
    </failure>
  </testcase> <!-- @BeforeMethod verifyFolderIsEmpty -->
  <testcase classname="test.script.CreateFolderInPersonalRootFolder" name="@AfterMethod deleteAllFolders" time="0.0">
    <failure type="java.lang.NullPointerException" message="Cannot invoke &amp;quot;pages.PersonalFolder.uiControl(String)&amp;quot; because &amp;quot;this.personalFolder&amp;quot; is null">
      <![CDATA[java.lang.NullPointerException: Cannot invoke "pages.PersonalFolder.uiControl(String)" because "this.personalFolder" is null
at test.script.CreateFolderInPersonalRootFolder.deleteAllFolders(CreateFolderInPersonalRootFolder.java:60)
at java.base/java.util.ArrayList.forEach(ArrayList.java:1511)
... Removed 30 stack frames]]>
    </failure>
  </testcase> <!-- @AfterMethod deleteAllFolders -->
  <testcase classname="test.script.CreateFolderInPersonalRootFolder" name="@BeforeMethod verifyFolderIsEmpty" time="0.0">
    <failure type="java.lang.NullPointerException" message="Cannot invoke &amp;quot;pages.HomePage.gotoPersonalFolder()&amp;quot; because &amp;quot;this.homePage&amp;quot; is null">
      <![CDATA[java.lang.NullPointerException: Cannot invoke "pages.HomePage.gotoPersonalFolder()" because "this.homePage" is null
at test.script.CreateFolderInPersonalRootFolder.verifyFolderIsEmpty(CreateFolderInPersonalRootFolder.java:43)
at java.base/java.util.ArrayList.forEach(ArrayList.java:1511)
... Removed 29 stack frames]]>
    </failure>
  </testcase> <!-- @BeforeMethod verifyFolderIsEmpty -->
  <testcase classname="test.script.CreateFolderInPersonalRootFolder" name="@AfterMethod deleteAllFolders" time="0.0">
    <failure type="java.lang.NullPointerException" message="Cannot invoke &amp;quot;pages.PersonalFolder.uiControl(String)&amp;quot; because &amp;quot;this.personalFolder&amp;quot; is null">
      <![CDATA[java.lang.NullPointerException: Cannot invoke "pages.PersonalFolder.uiControl(String)" because "this.personalFolder" is null
at test.script.CreateFolderInPersonalRootFolder.deleteAllFolders(CreateFolderInPersonalRootFolder.java:60)
at java.base/java.util.ArrayList.forEach(ArrayList.java:1511)
... Removed 30 stack frames]]>
    </failure>
  </testcase> <!-- @AfterMethod deleteAllFolders -->
  <testcase classname="test.script.CreateFolderInPersonalRootFolder" name="@BeforeMethod verifyFolderIsEmpty" time="0.001">
    <failure type="java.lang.NullPointerException" message="Cannot invoke &amp;quot;pages.HomePage.gotoPersonalFolder()&amp;quot; because &amp;quot;this.homePage&amp;quot; is null">
      <![CDATA[java.lang.NullPointerException: Cannot invoke "pages.HomePage.gotoPersonalFolder()" because "this.homePage" is null
at test.script.CreateFolderInPersonalRootFolder.verifyFolderIsEmpty(CreateFolderInPersonalRootFolder.java:43)
at java.base/java.util.ArrayList.forEach(ArrayList.java:1511)
... Removed 29 stack frames]]>
    </failure>
  </testcase> <!-- @BeforeMethod verifyFolderIsEmpty -->
  <testcase classname="test.script.CreateFolderInPersonalRootFolder" name="@AfterMethod deleteAllFolders" time="0.001">
    <failure type="java.lang.NullPointerException" message="Cannot invoke &amp;quot;pages.PersonalFolder.uiControl(String)&amp;quot; because &amp;quot;this.personalFolder&amp;quot; is null">
      <![CDATA[java.lang.NullPointerException: Cannot invoke "pages.PersonalFolder.uiControl(String)" because "this.personalFolder" is null
at test.script.CreateFolderInPersonalRootFolder.deleteAllFolders(CreateFolderInPersonalRootFolder.java:60)
at java.base/java.util.ArrayList.forEach(ArrayList.java:1511)
... Removed 30 stack frames]]>
    </failure>
  </testcase> <!-- @AfterMethod deleteAllFolders -->
  <testcase classname="test.script.CreateFolderInPersonalRootFolder" name="@BeforeMethod verifyFolderIsEmpty" time="0.0">
    <failure type="java.lang.NullPointerException" message="Cannot invoke &amp;quot;pages.HomePage.gotoPersonalFolder()&amp;quot; because &amp;quot;this.homePage&amp;quot; is null">
      <![CDATA[java.lang.NullPointerException: Cannot invoke "pages.HomePage.gotoPersonalFolder()" because "this.homePage" is null
at test.script.CreateFolderInPersonalRootFolder.verifyFolderIsEmpty(CreateFolderInPersonalRootFolder.java:43)
at java.base/java.util.ArrayList.forEach(ArrayList.java:1511)
... Removed 29 stack frames]]>
    </failure>
  </testcase> <!-- @BeforeMethod verifyFolderIsEmpty -->
  <testcase classname="test.script.CreateFolderInPersonalRootFolder" name="@AfterMethod deleteAllFolders" time="0.0">
    <failure type="java.lang.NullPointerException" message="Cannot invoke &amp;quot;pages.PersonalFolder.uiControl(String)&amp;quot; because &amp;quot;this.personalFolder&amp;quot; is null">
      <![CDATA[java.lang.NullPointerException: Cannot invoke "pages.PersonalFolder.uiControl(String)" because "this.personalFolder" is null
at test.script.CreateFolderInPersonalRootFolder.deleteAllFolders(CreateFolderInPersonalRootFolder.java:60)
at java.base/java.util.ArrayList.forEach(ArrayList.java:1511)
... Removed 30 stack frames]]>
    </failure>
  </testcase> <!-- @AfterMethod deleteAllFolders -->
  <testcase classname="test.script.CreateFolderInPersonalRootFolder" name="@BeforeMethod verifyFolderIsEmpty" time="0.001">
    <failure type="java.lang.NullPointerException" message="Cannot invoke &amp;quot;pages.HomePage.gotoPersonalFolder()&amp;quot; because &amp;quot;this.homePage&amp;quot; is null">
      <![CDATA[java.lang.NullPointerException: Cannot invoke "pages.HomePage.gotoPersonalFolder()" because "this.homePage" is null
at test.script.CreateFolderInPersonalRootFolder.verifyFolderIsEmpty(CreateFolderInPersonalRootFolder.java:43)
at java.base/java.util.ArrayList.forEach(ArrayList.java:1511)
... Removed 29 stack frames]]>
    </failure>
  </testcase> <!-- @BeforeMethod verifyFolderIsEmpty -->
  <testcase classname="test.script.CreateFolderInPersonalRootFolder" name="@AfterMethod deleteAllFolders" time="0.001">
    <failure type="java.lang.NullPointerException" message="Cannot invoke &amp;quot;pages.PersonalFolder.uiControl(String)&amp;quot; because &amp;quot;this.personalFolder&amp;quot; is null">
      <![CDATA[java.lang.NullPointerException: Cannot invoke "pages.PersonalFolder.uiControl(String)" because "this.personalFolder" is null
at test.script.CreateFolderInPersonalRootFolder.deleteAllFolders(CreateFolderInPersonalRootFolder.java:60)
at java.base/java.util.ArrayList.forEach(ArrayList.java:1511)
... Removed 30 stack frames]]>
    </failure>
  </testcase> <!-- @AfterMethod deleteAllFolders -->
  <testcase classname="test.script.CreateFolderInPersonalRootFolder" name="@BeforeMethod verifyFolderIsEmpty" time="0.0">
    <failure type="java.lang.NullPointerException" message="Cannot invoke &amp;quot;pages.HomePage.gotoPersonalFolder()&amp;quot; because &amp;quot;this.homePage&amp;quot; is null">
      <![CDATA[java.lang.NullPointerException: Cannot invoke "pages.HomePage.gotoPersonalFolder()" because "this.homePage" is null
at test.script.CreateFolderInPersonalRootFolder.verifyFolderIsEmpty(CreateFolderInPersonalRootFolder.java:43)
at java.base/java.util.ArrayList.forEach(ArrayList.java:1511)
... Removed 29 stack frames]]>
    </failure>
  </testcase> <!-- @BeforeMethod verifyFolderIsEmpty -->
  <testcase classname="test.script.CreateFolderInPersonalRootFolder" name="@AfterMethod deleteAllFolders" time="0.001">
    <failure type="java.lang.NullPointerException" message="Cannot invoke &amp;quot;pages.PersonalFolder.uiControl(String)&amp;quot; because &amp;quot;this.personalFolder&amp;quot; is null">
      <![CDATA[java.lang.NullPointerException: Cannot invoke "pages.PersonalFolder.uiControl(String)" because "this.personalFolder" is null
at test.script.CreateFolderInPersonalRootFolder.deleteAllFolders(CreateFolderInPersonalRootFolder.java:60)
at java.base/java.util.ArrayList.forEach(ArrayList.java:1511)
... Removed 30 stack frames]]>
    </failure>
  </testcase> <!-- @AfterMethod deleteAllFolders -->
  <testcase classname="test.script.CreateFolderInPersonalRootFolder" name="@BeforeMethod verifyFolderIsEmpty" time="0.0">
    <failure type="java.lang.NullPointerException" message="Cannot invoke &amp;quot;pages.HomePage.gotoPersonalFolder()&amp;quot; because &amp;quot;this.homePage&amp;quot; is null">
      <![CDATA[java.lang.NullPointerException: Cannot invoke "pages.HomePage.gotoPersonalFolder()" because "this.homePage" is null
at test.script.CreateFolderInPersonalRootFolder.verifyFolderIsEmpty(CreateFolderInPersonalRootFolder.java:43)
at java.base/java.util.ArrayList.forEach(ArrayList.java:1511)
... Removed 29 stack frames]]>
    </failure>
  </testcase> <!-- @BeforeMethod verifyFolderIsEmpty -->
  <testcase classname="test.script.CreateFolderInPersonalRootFolder" name="@AfterMethod deleteAllFolders" time="0.001">
    <failure type="java.lang.NullPointerException" message="Cannot invoke &amp;quot;pages.PersonalFolder.uiControl(String)&amp;quot; because &amp;quot;this.personalFolder&amp;quot; is null">
      <![CDATA[java.lang.NullPointerException: Cannot invoke "pages.PersonalFolder.uiControl(String)" because "this.personalFolder" is null
at test.script.CreateFolderInPersonalRootFolder.deleteAllFolders(CreateFolderInPersonalRootFolder.java:60)
at java.base/java.util.ArrayList.forEach(ArrayList.java:1511)
... Removed 30 stack frames]]>
    </failure>
  </testcase> <!-- @AfterMethod deleteAllFolders -->
  <testcase classname="test.script.CreateFolderInPersonalRootFolder" name="@BeforeMethod verifyFolderIsEmpty" time="0.0">
    <failure type="java.lang.NullPointerException" message="Cannot invoke &amp;quot;pages.HomePage.gotoPersonalFolder()&amp;quot; because &amp;quot;this.homePage&amp;quot; is null">
      <![CDATA[java.lang.NullPointerException: Cannot invoke "pages.HomePage.gotoPersonalFolder()" because "this.homePage" is null
at test.script.CreateFolderInPersonalRootFolder.verifyFolderIsEmpty(CreateFolderInPersonalRootFolder.java:43)
at java.base/java.util.ArrayList.forEach(ArrayList.java:1511)
... Removed 29 stack frames]]>
    </failure>
  </testcase> <!-- @BeforeMethod verifyFolderIsEmpty -->
  <testcase classname="test.script.CreateFolderInPersonalRootFolder" name="@AfterMethod deleteAllFolders" time="0.001">
    <failure type="java.lang.NullPointerException" message="Cannot invoke &amp;quot;pages.PersonalFolder.uiControl(String)&amp;quot; because &amp;quot;this.personalFolder&amp;quot; is null">
      <![CDATA[java.lang.NullPointerException: Cannot invoke "pages.PersonalFolder.uiControl(String)" because "this.personalFolder" is null
at test.script.CreateFolderInPersonalRootFolder.deleteAllFolders(CreateFolderInPersonalRootFolder.java:60)
at java.base/java.util.ArrayList.forEach(ArrayList.java:1511)
... Removed 30 stack frames]]>
    </failure>
  </testcase> <!-- @AfterMethod deleteAllFolders -->
  <testcase classname="test.script.CreateFolderInPersonalRootFolder" name="@BeforeMethod verifyFolderIsEmpty" time="0.001">
    <failure type="java.lang.NullPointerException" message="Cannot invoke &amp;quot;pages.HomePage.gotoPersonalFolder()&amp;quot; because &amp;quot;this.homePage&amp;quot; is null">
      <![CDATA[java.lang.NullPointerException: Cannot invoke "pages.HomePage.gotoPersonalFolder()" because "this.homePage" is null
at test.script.CreateFolderInPersonalRootFolder.verifyFolderIsEmpty(CreateFolderInPersonalRootFolder.java:43)
at java.base/java.util.ArrayList.forEach(ArrayList.java:1511)
... Removed 29 stack frames]]>
    </failure>
  </testcase> <!-- @BeforeMethod verifyFolderIsEmpty -->
  <testcase classname="test.script.CreateFolderInPersonalRootFolder" name="@AfterMethod deleteAllFolders" time="0.0">
    <failure type="java.lang.NullPointerException" message="Cannot invoke &amp;quot;pages.PersonalFolder.uiControl(String)&amp;quot; because &amp;quot;this.personalFolder&amp;quot; is null">
      <![CDATA[java.lang.NullPointerException: Cannot invoke "pages.PersonalFolder.uiControl(String)" because "this.personalFolder" is null
at test.script.CreateFolderInPersonalRootFolder.deleteAllFolders(CreateFolderInPersonalRootFolder.java:60)
at java.base/java.util.ArrayList.forEach(ArrayList.java:1511)
... Removed 30 stack frames]]>
    </failure>
  </testcase> <!-- @AfterMethod deleteAllFolders -->
  <testcase classname="test.script.CreateFolderInPersonalRootFolder" name="@BeforeMethod verifyFolderIsEmpty" time="0.002">
    <failure type="java.lang.NullPointerException" message="Cannot invoke &amp;quot;pages.HomePage.gotoPersonalFolder()&amp;quot; because &amp;quot;this.homePage&amp;quot; is null">
      <![CDATA[java.lang.NullPointerException: Cannot invoke "pages.HomePage.gotoPersonalFolder()" because "this.homePage" is null
at test.script.CreateFolderInPersonalRootFolder.verifyFolderIsEmpty(CreateFolderInPersonalRootFolder.java:43)
at java.base/java.util.ArrayList.forEach(ArrayList.java:1511)
... Removed 29 stack frames]]>
    </failure>
  </testcase> <!-- @BeforeMethod verifyFolderIsEmpty -->
  <testcase classname="test.script.CreateFolderInPersonalRootFolder" name="@AfterMethod deleteAllFolders" time="0.001">
    <failure type="java.lang.NullPointerException" message="Cannot invoke &amp;quot;pages.PersonalFolder.uiControl(String)&amp;quot; because &amp;quot;this.personalFolder&amp;quot; is null">
      <![CDATA[java.lang.NullPointerException: Cannot invoke "pages.PersonalFolder.uiControl(String)" because "this.personalFolder" is null
at test.script.CreateFolderInPersonalRootFolder.deleteAllFolders(CreateFolderInPersonalRootFolder.java:60)
at java.base/java.util.ArrayList.forEach(ArrayList.java:1511)
... Removed 30 stack frames]]>
    </failure>
  </testcase> <!-- @AfterMethod deleteAllFolders -->
  <testcase classname="test.script.CreateFolderInPersonalRootFolder" name="@BeforeMethod verifyFolderIsEmpty" time="0.001">
    <failure type="java.lang.NullPointerException" message="Cannot invoke &amp;quot;pages.HomePage.gotoPersonalFolder()&amp;quot; because &amp;quot;this.homePage&amp;quot; is null">
      <![CDATA[java.lang.NullPointerException: Cannot invoke "pages.HomePage.gotoPersonalFolder()" because "this.homePage" is null
at test.script.CreateFolderInPersonalRootFolder.verifyFolderIsEmpty(CreateFolderInPersonalRootFolder.java:43)
at java.base/java.util.ArrayList.forEach(ArrayList.java:1511)
... Removed 29 stack frames]]>
    </failure>
  </testcase> <!-- @BeforeMethod verifyFolderIsEmpty -->
  <testcase classname="test.script.CreateFolderInPersonalRootFolder" name="@AfterMethod deleteAllFolders" time="0.001">
    <failure type="java.lang.NullPointerException" message="Cannot invoke &amp;quot;pages.PersonalFolder.uiControl(String)&amp;quot; because &amp;quot;this.personalFolder&amp;quot; is null">
      <![CDATA[java.lang.NullPointerException: Cannot invoke "pages.PersonalFolder.uiControl(String)" because "this.personalFolder" is null
at test.script.CreateFolderInPersonalRootFolder.deleteAllFolders(CreateFolderInPersonalRootFolder.java:60)
at java.base/java.util.ArrayList.forEach(ArrayList.java:1511)
... Removed 30 stack frames]]>
    </failure>
  </testcase> <!-- @AfterMethod deleteAllFolders -->
  <testcase classname="test.script.CreateFolderInPersonalRootFolder" name="@BeforeMethod verifyFolderIsEmpty" time="0.001">
    <failure type="java.lang.NullPointerException" message="Cannot invoke &amp;quot;pages.HomePage.gotoPersonalFolder()&amp;quot; because &amp;quot;this.homePage&amp;quot; is null">
      <![CDATA[java.lang.NullPointerException: Cannot invoke "pages.HomePage.gotoPersonalFolder()" because "this.homePage" is null
at test.script.CreateFolderInPersonalRootFolder.verifyFolderIsEmpty(CreateFolderInPersonalRootFolder.java:43)
at java.base/java.util.ArrayList.forEach(ArrayList.java:1511)
... Removed 29 stack frames]]>
    </failure>
  </testcase> <!-- @BeforeMethod verifyFolderIsEmpty -->
  <testcase classname="test.script.CreateFolderInPersonalRootFolder" name="@AfterMethod deleteAllFolders" time="0.0">
    <failure type="java.lang.NullPointerException" message="Cannot invoke &amp;quot;pages.PersonalFolder.uiControl(String)&amp;quot; because &amp;quot;this.personalFolder&amp;quot; is null">
      <![CDATA[java.lang.NullPointerException: Cannot invoke "pages.PersonalFolder.uiControl(String)" because "this.personalFolder" is null
at test.script.CreateFolderInPersonalRootFolder.deleteAllFolders(CreateFolderInPersonalRootFolder.java:60)
at java.base/java.util.ArrayList.forEach(ArrayList.java:1511)
... Removed 30 stack frames]]>
    </failure>
  </testcase> <!-- @AfterMethod deleteAllFolders -->
  <testcase classname="test.script.CreateFolderInPersonalRootFolder" name="@BeforeMethod verifyFolderIsEmpty" time="0.0">
    <failure type="java.lang.NullPointerException" message="Cannot invoke &amp;quot;pages.HomePage.gotoPersonalFolder()&amp;quot; because &amp;quot;this.homePage&amp;quot; is null">
      <![CDATA[java.lang.NullPointerException: Cannot invoke "pages.HomePage.gotoPersonalFolder()" because "this.homePage" is null
at test.script.CreateFolderInPersonalRootFolder.verifyFolderIsEmpty(CreateFolderInPersonalRootFolder.java:43)
at java.base/java.util.ArrayList.forEach(ArrayList.java:1511)
... Removed 29 stack frames]]>
    </failure>
  </testcase> <!-- @BeforeMethod verifyFolderIsEmpty -->
  <testcase classname="test.script.CreateFolderInPersonalRootFolder" name="@AfterMethod deleteAllFolders" time="0.0">
    <failure type="java.lang.NullPointerException" message="Cannot invoke &amp;quot;pages.PersonalFolder.uiControl(String)&amp;quot; because &amp;quot;this.personalFolder&amp;quot; is null">
      <![CDATA[java.lang.NullPointerException: Cannot invoke "pages.PersonalFolder.uiControl(String)" because "this.personalFolder" is null
at test.script.CreateFolderInPersonalRootFolder.deleteAllFolders(CreateFolderInPersonalRootFolder.java:60)
at java.base/java.util.ArrayList.forEach(ArrayList.java:1511)
... Removed 30 stack frames]]>
    </failure>
  </testcase> <!-- @AfterMethod deleteAllFolders -->
  <testcase classname="test.script.CreateFolderInPersonalRootFolder" name="@BeforeMethod verifyFolderIsEmpty" time="0.0">
    <failure type="java.lang.NullPointerException" message="Cannot invoke &amp;quot;pages.HomePage.gotoPersonalFolder()&amp;quot; because &amp;quot;this.homePage&amp;quot; is null">
      <![CDATA[java.lang.NullPointerException: Cannot invoke "pages.HomePage.gotoPersonalFolder()" because "this.homePage" is null
at test.script.CreateFolderInPersonalRootFolder.verifyFolderIsEmpty(CreateFolderInPersonalRootFolder.java:43)
at java.base/java.util.ArrayList.forEach(ArrayList.java:1511)
... Removed 29 stack frames]]>
    </failure>
  </testcase> <!-- @BeforeMethod verifyFolderIsEmpty -->
  <testcase classname="test.script.CreateFolderInPersonalRootFolder" name="@AfterMethod deleteAllFolders" time="0.001">
    <failure type="java.lang.NullPointerException" message="Cannot invoke &amp;quot;pages.PersonalFolder.uiControl(String)&amp;quot; because &amp;quot;this.personalFolder&amp;quot; is null">
      <![CDATA[java.lang.NullPointerException: Cannot invoke "pages.PersonalFolder.uiControl(String)" because "this.personalFolder" is null
at test.script.CreateFolderInPersonalRootFolder.deleteAllFolders(CreateFolderInPersonalRootFolder.java:60)
at java.base/java.util.ArrayList.forEach(ArrayList.java:1511)
... Removed 30 stack frames]]>
    </failure>
  </testcase> <!-- @AfterMethod deleteAllFolders -->
  <testcase classname="test.script.CreateFolderInPersonalRootFolder" name="@BeforeMethod verifyFolderIsEmpty" time="0.001">
    <failure type="java.lang.NullPointerException" message="Cannot invoke &amp;quot;pages.HomePage.gotoPersonalFolder()&amp;quot; because &amp;quot;this.homePage&amp;quot; is null">
      <![CDATA[java.lang.NullPointerException: Cannot invoke "pages.HomePage.gotoPersonalFolder()" because "this.homePage" is null
at test.script.CreateFolderInPersonalRootFolder.verifyFolderIsEmpty(CreateFolderInPersonalRootFolder.java:43)
at java.base/java.util.ArrayList.forEach(ArrayList.java:1511)
... Removed 29 stack frames]]>
    </failure>
  </testcase> <!-- @BeforeMethod verifyFolderIsEmpty -->
  <testcase classname="test.script.CreateFolderInPersonalRootFolder" name="@AfterMethod deleteAllFolders" time="0.0">
    <failure type="java.lang.NullPointerException" message="Cannot invoke &amp;quot;pages.PersonalFolder.uiControl(String)&amp;quot; because &amp;quot;this.personalFolder&amp;quot; is null">
      <![CDATA[java.lang.NullPointerException: Cannot invoke "pages.PersonalFolder.uiControl(String)" because "this.personalFolder" is null
at test.script.CreateFolderInPersonalRootFolder.deleteAllFolders(CreateFolderInPersonalRootFolder.java:60)
at java.base/java.util.ArrayList.forEach(ArrayList.java:1511)
... Removed 30 stack frames]]>
    </failure>
  </testcase> <!-- @AfterMethod deleteAllFolders -->
  <testcase classname="test.script.CreateFolderInPersonalRootFolder" name="@BeforeMethod verifyFolderIsEmpty" time="0.0">
    <failure type="java.lang.NullPointerException" message="Cannot invoke &amp;quot;pages.HomePage.gotoPersonalFolder()&amp;quot; because &amp;quot;this.homePage&amp;quot; is null">
      <![CDATA[java.lang.NullPointerException: Cannot invoke "pages.HomePage.gotoPersonalFolder()" because "this.homePage" is null
at test.script.CreateFolderInPersonalRootFolder.verifyFolderIsEmpty(CreateFolderInPersonalRootFolder.java:43)
at java.base/java.util.ArrayList.forEach(ArrayList.java:1511)
... Removed 29 stack frames]]>
    </failure>
  </testcase> <!-- @BeforeMethod verifyFolderIsEmpty -->
  <testcase classname="test.script.CreateFolderInPersonalRootFolder" name="@AfterMethod deleteAllFolders" time="0.0">
    <failure type="java.lang.NullPointerException" message="Cannot invoke &amp;quot;pages.PersonalFolder.uiControl(String)&amp;quot; because &amp;quot;this.personalFolder&amp;quot; is null">
      <![CDATA[java.lang.NullPointerException: Cannot invoke "pages.PersonalFolder.uiControl(String)" because "this.personalFolder" is null
at test.script.CreateFolderInPersonalRootFolder.deleteAllFolders(CreateFolderInPersonalRootFolder.java:60)
at java.base/java.util.ArrayList.forEach(ArrayList.java:1511)
... Removed 30 stack frames]]>
    </failure>
  </testcase> <!-- @AfterMethod deleteAllFolders -->
  <testcase classname="test.script.CreateFolderInPersonalRootFolder" name="@BeforeMethod verifyFolderIsEmpty" time="0.0">
    <failure type="java.lang.NullPointerException" message="Cannot invoke &amp;quot;pages.HomePage.gotoPersonalFolder()&amp;quot; because &amp;quot;this.homePage&amp;quot; is null">
      <![CDATA[java.lang.NullPointerException: Cannot invoke "pages.HomePage.gotoPersonalFolder()" because "this.homePage" is null
at test.script.CreateFolderInPersonalRootFolder.verifyFolderIsEmpty(CreateFolderInPersonalRootFolder.java:43)
at java.base/java.util.ArrayList.forEach(ArrayList.java:1511)
... Removed 29 stack frames]]>
    </failure>
  </testcase> <!-- @BeforeMethod verifyFolderIsEmpty -->
  <testcase classname="test.script.CreateFolderInPersonalRootFolder" name="@AfterMethod deleteAllFolders" time="0.0">
    <failure type="java.lang.NullPointerException" message="Cannot invoke &amp;quot;pages.PersonalFolder.uiControl(String)&amp;quot; because &amp;quot;this.personalFolder&amp;quot; is null">
      <![CDATA[java.lang.NullPointerException: Cannot invoke "pages.PersonalFolder.uiControl(String)" because "this.personalFolder" is null
at test.script.CreateFolderInPersonalRootFolder.deleteAllFolders(CreateFolderInPersonalRootFolder.java:60)
at java.base/java.util.ArrayList.forEach(ArrayList.java:1511)
... Removed 30 stack frames]]>
    </failure>
  </testcase> <!-- @AfterMethod deleteAllFolders -->
  <testcase classname="test.script.CreateFolderInPersonalRootFolder" name="@BeforeMethod verifyFolderIsEmpty" time="0.0">
    <failure type="java.lang.NullPointerException" message="Cannot invoke &amp;quot;pages.HomePage.gotoPersonalFolder()&amp;quot; because &amp;quot;this.homePage&amp;quot; is null">
      <![CDATA[java.lang.NullPointerException: Cannot invoke "pages.HomePage.gotoPersonalFolder()" because "this.homePage" is null
at test.script.CreateFolderInPersonalRootFolder.verifyFolderIsEmpty(CreateFolderInPersonalRootFolder.java:43)
at java.base/java.util.ArrayList.forEach(ArrayList.java:1511)
... Removed 29 stack frames]]>
    </failure>
  </testcase> <!-- @BeforeMethod verifyFolderIsEmpty -->
  <testcase classname="test.script.CreateFolderInPersonalRootFolder" name="@AfterMethod deleteAllFolders" time="0.0">
    <failure type="java.lang.NullPointerException" message="Cannot invoke &amp;quot;pages.PersonalFolder.uiControl(String)&amp;quot; because &amp;quot;this.personalFolder&amp;quot; is null">
      <![CDATA[java.lang.NullPointerException: Cannot invoke "pages.PersonalFolder.uiControl(String)" because "this.personalFolder" is null
at test.script.CreateFolderInPersonalRootFolder.deleteAllFolders(CreateFolderInPersonalRootFolder.java:60)
at java.base/java.util.ArrayList.forEach(ArrayList.java:1511)
... Removed 30 stack frames]]>
    </failure>
  </testcase> <!-- @AfterMethod deleteAllFolders -->
  <testcase classname="test.script.CreateFolderInPersonalRootFolder" name="@BeforeMethod verifyFolderIsEmpty" time="0.0">
    <failure type="java.lang.NullPointerException" message="Cannot invoke &amp;quot;pages.HomePage.gotoPersonalFolder()&amp;quot; because &amp;quot;this.homePage&amp;quot; is null">
      <![CDATA[java.lang.NullPointerException: Cannot invoke "pages.HomePage.gotoPersonalFolder()" because "this.homePage" is null
at test.script.CreateFolderInPersonalRootFolder.verifyFolderIsEmpty(CreateFolderInPersonalRootFolder.java:43)
at java.base/java.util.ArrayList.forEach(ArrayList.java:1511)
... Removed 29 stack frames]]>
    </failure>
  </testcase> <!-- @BeforeMethod verifyFolderIsEmpty -->
  <testcase classname="test.script.CreateFolderInPersonalRootFolder" name="@AfterMethod deleteAllFolders" time="0.0">
    <failure type="java.lang.NullPointerException" message="Cannot invoke &amp;quot;pages.PersonalFolder.uiControl(String)&amp;quot; because &amp;quot;this.personalFolder&amp;quot; is null">
      <![CDATA[java.lang.NullPointerException: Cannot invoke "pages.PersonalFolder.uiControl(String)" because "this.personalFolder" is null
at test.script.CreateFolderInPersonalRootFolder.deleteAllFolders(CreateFolderInPersonalRootFolder.java:60)
at java.base/java.util.ArrayList.forEach(ArrayList.java:1511)
... Removed 30 stack frames]]>
    </failure>
  </testcase> <!-- @AfterMethod deleteAllFolders -->
  <testcase classname="test.script.CreateFolderInPersonalRootFolder" name="@BeforeMethod verifyFolderIsEmpty" time="0.0">
    <failure type="java.lang.NullPointerException" message="Cannot invoke &amp;quot;pages.HomePage.gotoPersonalFolder()&amp;quot; because &amp;quot;this.homePage&amp;quot; is null">
      <![CDATA[java.lang.NullPointerException: Cannot invoke "pages.HomePage.gotoPersonalFolder()" because "this.homePage" is null
at test.script.CreateFolderInPersonalRootFolder.verifyFolderIsEmpty(CreateFolderInPersonalRootFolder.java:43)
at java.base/java.util.ArrayList.forEach(ArrayList.java:1511)
... Removed 29 stack frames]]>
    </failure>
  </testcase> <!-- @BeforeMethod verifyFolderIsEmpty -->
  <testcase classname="test.script.CreateFolderInPersonalRootFolder" name="@AfterMethod deleteAllFolders" time="0.001">
    <failure type="java.lang.NullPointerException" message="Cannot invoke &amp;quot;pages.PersonalFolder.uiControl(String)&amp;quot; because &amp;quot;this.personalFolder&amp;quot; is null">
      <![CDATA[java.lang.NullPointerException: Cannot invoke "pages.PersonalFolder.uiControl(String)" because "this.personalFolder" is null
at test.script.CreateFolderInPersonalRootFolder.deleteAllFolders(CreateFolderInPersonalRootFolder.java:60)
at java.base/java.util.ArrayList.forEach(ArrayList.java:1511)
... Removed 30 stack frames]]>
    </failure>
  </testcase> <!-- @AfterMethod deleteAllFolders -->
  <testcase classname="test.script.CreateFolderInPersonalRootFolder" name="@BeforeMethod verifyFolderIsEmpty" time="0.0">
    <failure type="java.lang.NullPointerException" message="Cannot invoke &amp;quot;pages.HomePage.gotoPersonalFolder()&amp;quot; because &amp;quot;this.homePage&amp;quot; is null">
      <![CDATA[java.lang.NullPointerException: Cannot invoke "pages.HomePage.gotoPersonalFolder()" because "this.homePage" is null
at test.script.CreateFolderInPersonalRootFolder.verifyFolderIsEmpty(CreateFolderInPersonalRootFolder.java:43)
at java.base/java.util.ArrayList.forEach(ArrayList.java:1511)
... Removed 29 stack frames]]>
    </failure>
  </testcase> <!-- @BeforeMethod verifyFolderIsEmpty -->
  <testcase classname="test.script.CreateFolderInPersonalRootFolder" name="@AfterMethod deleteAllFolders" time="0.0">
    <failure type="java.lang.NullPointerException" message="Cannot invoke &amp;quot;pages.PersonalFolder.uiControl(String)&amp;quot; because &amp;quot;this.personalFolder&amp;quot; is null">
      <![CDATA[java.lang.NullPointerException: Cannot invoke "pages.PersonalFolder.uiControl(String)" because "this.personalFolder" is null
at test.script.CreateFolderInPersonalRootFolder.deleteAllFolders(CreateFolderInPersonalRootFolder.java:60)
at java.base/java.util.ArrayList.forEach(ArrayList.java:1511)
... Removed 30 stack frames]]>
    </failure>
  </testcase> <!-- @AfterMethod deleteAllFolders -->
  <testcase classname="test.script.CreateFolderInPersonalRootFolder" name="@BeforeMethod verifyFolderIsEmpty" time="0.0">
    <failure type="java.lang.NullPointerException" message="Cannot invoke &amp;quot;pages.HomePage.gotoPersonalFolder()&amp;quot; because &amp;quot;this.homePage&amp;quot; is null">
      <![CDATA[java.lang.NullPointerException: Cannot invoke "pages.HomePage.gotoPersonalFolder()" because "this.homePage" is null
at test.script.CreateFolderInPersonalRootFolder.verifyFolderIsEmpty(CreateFolderInPersonalRootFolder.java:43)
at java.base/java.util.ArrayList.forEach(ArrayList.java:1511)
... Removed 29 stack frames]]>
    </failure>
  </testcase> <!-- @BeforeMethod verifyFolderIsEmpty -->
  <testcase classname="test.script.CreateFolderInPersonalRootFolder" name="@AfterMethod deleteAllFolders" time="0.001">
    <failure type="java.lang.NullPointerException" message="Cannot invoke &amp;quot;pages.PersonalFolder.uiControl(String)&amp;quot; because &amp;quot;this.personalFolder&amp;quot; is null">
      <![CDATA[java.lang.NullPointerException: Cannot invoke "pages.PersonalFolder.uiControl(String)" because "this.personalFolder" is null
at test.script.CreateFolderInPersonalRootFolder.deleteAllFolders(CreateFolderInPersonalRootFolder.java:60)
at java.base/java.util.ArrayList.forEach(ArrayList.java:1511)
... Removed 30 stack frames]]>
    </failure>
  </testcase> <!-- @AfterMethod deleteAllFolders -->
  <testcase classname="test.script.CreateFolderInPersonalRootFolder" name="@BeforeMethod verifyFolderIsEmpty" time="0.0">
    <failure type="java.lang.NullPointerException" message="Cannot invoke &amp;quot;pages.HomePage.gotoPersonalFolder()&amp;quot; because &amp;quot;this.homePage&amp;quot; is null">
      <![CDATA[java.lang.NullPointerException: Cannot invoke "pages.HomePage.gotoPersonalFolder()" because "this.homePage" is null
at test.script.CreateFolderInPersonalRootFolder.verifyFolderIsEmpty(CreateFolderInPersonalRootFolder.java:43)
at java.base/java.util.ArrayList.forEach(ArrayList.java:1511)
... Removed 29 stack frames]]>
    </failure>
  </testcase> <!-- @BeforeMethod verifyFolderIsEmpty -->
  <testcase classname="test.script.CreateFolderInPersonalRootFolder" name="@AfterMethod deleteAllFolders" time="0.002">
    <failure type="java.lang.NullPointerException" message="Cannot invoke &amp;quot;pages.PersonalFolder.uiControl(String)&amp;quot; because &amp;quot;this.personalFolder&amp;quot; is null">
      <![CDATA[java.lang.NullPointerException: Cannot invoke "pages.PersonalFolder.uiControl(String)" because "this.personalFolder" is null
at test.script.CreateFolderInPersonalRootFolder.deleteAllFolders(CreateFolderInPersonalRootFolder.java:60)
at java.base/java.util.ArrayList.forEach(ArrayList.java:1511)
... Removed 30 stack frames]]>
    </failure>
  </testcase> <!-- @AfterMethod deleteAllFolders -->
  <testcase classname="test.script.CreateFolderInPersonalRootFolder" name="@BeforeMethod verifyFolderIsEmpty" time="0.0">
    <failure type="java.lang.NullPointerException" message="Cannot invoke &amp;quot;pages.HomePage.gotoPersonalFolder()&amp;quot; because &amp;quot;this.homePage&amp;quot; is null">
      <![CDATA[java.lang.NullPointerException: Cannot invoke "pages.HomePage.gotoPersonalFolder()" because "this.homePage" is null
at test.script.CreateFolderInPersonalRootFolder.verifyFolderIsEmpty(CreateFolderInPersonalRootFolder.java:43)
at java.base/java.util.ArrayList.forEach(ArrayList.java:1511)
... Removed 29 stack frames]]>
    </failure>
  </testcase> <!-- @BeforeMethod verifyFolderIsEmpty -->
  <testcase classname="test.script.CreateFolderInPersonalRootFolder" name="@AfterMethod deleteAllFolders" time="0.0">
    <failure type="java.lang.NullPointerException" message="Cannot invoke &amp;quot;pages.PersonalFolder.uiControl(String)&amp;quot; because &amp;quot;this.personalFolder&amp;quot; is null">
      <![CDATA[java.lang.NullPointerException: Cannot invoke "pages.PersonalFolder.uiControl(String)" because "this.personalFolder" is null
at test.script.CreateFolderInPersonalRootFolder.deleteAllFolders(CreateFolderInPersonalRootFolder.java:60)
at java.base/java.util.ArrayList.forEach(ArrayList.java:1511)
... Removed 30 stack frames]]>
    </failure>
  </testcase> <!-- @AfterMethod deleteAllFolders -->
  <testcase classname="test.script.CreateFolderInPersonalRootFolder" name="@BeforeMethod verifyFolderIsEmpty" time="0.001">
    <failure type="java.lang.NullPointerException" message="Cannot invoke &amp;quot;pages.HomePage.gotoPersonalFolder()&amp;quot; because &amp;quot;this.homePage&amp;quot; is null">
      <![CDATA[java.lang.NullPointerException: Cannot invoke "pages.HomePage.gotoPersonalFolder()" because "this.homePage" is null
at test.script.CreateFolderInPersonalRootFolder.verifyFolderIsEmpty(CreateFolderInPersonalRootFolder.java:43)
at java.base/java.util.ArrayList.forEach(ArrayList.java:1511)
... Removed 29 stack frames]]>
    </failure>
  </testcase> <!-- @BeforeMethod verifyFolderIsEmpty -->
  <testcase classname="test.script.CreateFolderInPersonalRootFolder" name="@AfterMethod deleteAllFolders" time="0.0">
    <failure type="java.lang.NullPointerException" message="Cannot invoke &amp;quot;pages.PersonalFolder.uiControl(String)&amp;quot; because &amp;quot;this.personalFolder&amp;quot; is null">
      <![CDATA[java.lang.NullPointerException: Cannot invoke "pages.PersonalFolder.uiControl(String)" because "this.personalFolder" is null
at test.script.CreateFolderInPersonalRootFolder.deleteAllFolders(CreateFolderInPersonalRootFolder.java:60)
at java.base/java.util.ArrayList.forEach(ArrayList.java:1511)
... Removed 30 stack frames]]>
    </failure>
  </testcase> <!-- @AfterMethod deleteAllFolders -->
  <testcase classname="test.script.CreateFolderInPersonalRootFolder" name="@BeforeMethod verifyFolderIsEmpty" time="0.001">
    <failure type="java.lang.NullPointerException" message="Cannot invoke &amp;quot;pages.HomePage.gotoPersonalFolder()&amp;quot; because &amp;quot;this.homePage&amp;quot; is null">
      <![CDATA[java.lang.NullPointerException: Cannot invoke "pages.HomePage.gotoPersonalFolder()" because "this.homePage" is null
at test.script.CreateFolderInPersonalRootFolder.verifyFolderIsEmpty(CreateFolderInPersonalRootFolder.java:43)
at java.base/java.util.ArrayList.forEach(ArrayList.java:1511)
... Removed 29 stack frames]]>
    </failure>
  </testcase> <!-- @BeforeMethod verifyFolderIsEmpty -->
  <testcase classname="test.script.CreateFolderInPersonalRootFolder" name="@AfterMethod deleteAllFolders" time="0.001">
    <failure type="java.lang.NullPointerException" message="Cannot invoke &amp;quot;pages.PersonalFolder.uiControl(String)&amp;quot; because &amp;quot;this.personalFolder&amp;quot; is null">
      <![CDATA[java.lang.NullPointerException: Cannot invoke "pages.PersonalFolder.uiControl(String)" because "this.personalFolder" is null
at test.script.CreateFolderInPersonalRootFolder.deleteAllFolders(CreateFolderInPersonalRootFolder.java:60)
at java.base/java.util.ArrayList.forEach(ArrayList.java:1511)
... Removed 30 stack frames]]>
    </failure>
  </testcase> <!-- @AfterMethod deleteAllFolders -->
  <testcase classname="test.script.CreateFolderInPersonalRootFolder" name="@BeforeMethod verifyFolderIsEmpty" time="0.0">
    <failure type="java.lang.NullPointerException" message="Cannot invoke &amp;quot;pages.HomePage.gotoPersonalFolder()&amp;quot; because &amp;quot;this.homePage&amp;quot; is null">
      <![CDATA[java.lang.NullPointerException: Cannot invoke "pages.HomePage.gotoPersonalFolder()" because "this.homePage" is null
at test.script.CreateFolderInPersonalRootFolder.verifyFolderIsEmpty(CreateFolderInPersonalRootFolder.java:43)
at java.base/java.util.ArrayList.forEach(ArrayList.java:1511)
... Removed 29 stack frames]]>
    </failure>
  </testcase> <!-- @BeforeMethod verifyFolderIsEmpty -->
  <testcase classname="test.script.CreateFolderInPersonalRootFolder" name="@AfterMethod deleteAllFolders" time="0.0">
    <failure type="java.lang.NullPointerException" message="Cannot invoke &amp;quot;pages.PersonalFolder.uiControl(String)&amp;quot; because &amp;quot;this.personalFolder&amp;quot; is null">
      <![CDATA[java.lang.NullPointerException: Cannot invoke "pages.PersonalFolder.uiControl(String)" because "this.personalFolder" is null
at test.script.CreateFolderInPersonalRootFolder.deleteAllFolders(CreateFolderInPersonalRootFolder.java:60)
at java.base/java.util.ArrayList.forEach(ArrayList.java:1511)
... Removed 30 stack frames]]>
    </failure>
  </testcase> <!-- @AfterMethod deleteAllFolders -->
  <testcase classname="test.script.CreateFolderInPersonalRootFolder" name="@BeforeMethod verifyFolderIsEmpty" time="0.0">
    <failure type="java.lang.NullPointerException" message="Cannot invoke &amp;quot;pages.HomePage.gotoPersonalFolder()&amp;quot; because &amp;quot;this.homePage&amp;quot; is null">
      <![CDATA[java.lang.NullPointerException: Cannot invoke "pages.HomePage.gotoPersonalFolder()" because "this.homePage" is null
at test.script.CreateFolderInPersonalRootFolder.verifyFolderIsEmpty(CreateFolderInPersonalRootFolder.java:43)
at java.base/java.util.ArrayList.forEach(ArrayList.java:1511)
... Removed 29 stack frames]]>
    </failure>
  </testcase> <!-- @BeforeMethod verifyFolderIsEmpty -->
  <testcase classname="test.script.CreateFolderInPersonalRootFolder" name="@AfterMethod deleteAllFolders" time="0.001">
    <failure type="java.lang.NullPointerException" message="Cannot invoke &amp;quot;pages.PersonalFolder.uiControl(String)&amp;quot; because &amp;quot;this.personalFolder&amp;quot; is null">
      <![CDATA[java.lang.NullPointerException: Cannot invoke "pages.PersonalFolder.uiControl(String)" because "this.personalFolder" is null
at test.script.CreateFolderInPersonalRootFolder.deleteAllFolders(CreateFolderInPersonalRootFolder.java:60)
at java.base/java.util.ArrayList.forEach(ArrayList.java:1511)
... Removed 30 stack frames]]>
    </failure>
  </testcase> <!-- @AfterMethod deleteAllFolders -->
  <testcase classname="test.script.CreateFolderInPersonalRootFolder" name="@BeforeMethod verifyFolderIsEmpty" time="0.001">
    <failure type="java.lang.NullPointerException" message="Cannot invoke &amp;quot;pages.HomePage.gotoPersonalFolder()&amp;quot; because &amp;quot;this.homePage&amp;quot; is null">
      <![CDATA[java.lang.NullPointerException: Cannot invoke "pages.HomePage.gotoPersonalFolder()" because "this.homePage" is null
at test.script.CreateFolderInPersonalRootFolder.verifyFolderIsEmpty(CreateFolderInPersonalRootFolder.java:43)
at java.base/java.util.ArrayList.forEach(ArrayList.java:1511)
... Removed 29 stack frames]]>
    </failure>
  </testcase> <!-- @BeforeMethod verifyFolderIsEmpty -->
  <testcase classname="test.script.CreateFolderInPersonalRootFolder" name="@AfterMethod deleteAllFolders" time="0.0">
    <failure type="java.lang.NullPointerException" message="Cannot invoke &amp;quot;pages.PersonalFolder.uiControl(String)&amp;quot; because &amp;quot;this.personalFolder&amp;quot; is null">
      <![CDATA[java.lang.NullPointerException: Cannot invoke "pages.PersonalFolder.uiControl(String)" because "this.personalFolder" is null
at test.script.CreateFolderInPersonalRootFolder.deleteAllFolders(CreateFolderInPersonalRootFolder.java:60)
at java.base/java.util.ArrayList.forEach(ArrayList.java:1511)
... Removed 30 stack frames]]>
    </failure>
  </testcase> <!-- @AfterMethod deleteAllFolders -->
  <testcase classname="test.script.CreateFolderInPersonalRootFolder" name="@BeforeMethod verifyFolderIsEmpty" time="0.0">
    <failure type="java.lang.NullPointerException" message="Cannot invoke &amp;quot;pages.HomePage.gotoPersonalFolder()&amp;quot; because &amp;quot;this.homePage&amp;quot; is null">
      <![CDATA[java.lang.NullPointerException: Cannot invoke "pages.HomePage.gotoPersonalFolder()" because "this.homePage" is null
at test.script.CreateFolderInPersonalRootFolder.verifyFolderIsEmpty(CreateFolderInPersonalRootFolder.java:43)
at java.base/java.util.ArrayList.forEach(ArrayList.java:1511)
... Removed 29 stack frames]]>
    </failure>
  </testcase> <!-- @BeforeMethod verifyFolderIsEmpty -->
  <testcase classname="test.script.CreateFolderInPersonalRootFolder" name="@AfterMethod deleteAllFolders" time="0.0">
    <failure type="java.lang.NullPointerException" message="Cannot invoke &amp;quot;pages.PersonalFolder.uiControl(String)&amp;quot; because &amp;quot;this.personalFolder&amp;quot; is null">
      <![CDATA[java.lang.NullPointerException: Cannot invoke "pages.PersonalFolder.uiControl(String)" because "this.personalFolder" is null
at test.script.CreateFolderInPersonalRootFolder.deleteAllFolders(CreateFolderInPersonalRootFolder.java:60)
at java.base/java.util.ArrayList.forEach(ArrayList.java:1511)
... Removed 30 stack frames]]>
    </failure>
  </testcase> <!-- @AfterMethod deleteAllFolders -->
  <testcase classname="test.script.CreateFolderInPersonalRootFolder" name="@BeforeMethod verifyFolderIsEmpty" time="0.007">
    <failure type="java.lang.NullPointerException" message="Cannot invoke &amp;quot;pages.HomePage.gotoPersonalFolder()&amp;quot; because &amp;quot;this.homePage&amp;quot; is null">
      <![CDATA[java.lang.NullPointerException: Cannot invoke "pages.HomePage.gotoPersonalFolder()" because "this.homePage" is null
at test.script.CreateFolderInPersonalRootFolder.verifyFolderIsEmpty(CreateFolderInPersonalRootFolder.java:43)
at java.base/java.util.ArrayList.forEach(ArrayList.java:1511)
... Removed 29 stack frames]]>
    </failure>
  </testcase> <!-- @BeforeMethod verifyFolderIsEmpty -->
  <testcase classname="test.script.CreateFolderInPersonalRootFolder" name="@AfterMethod deleteAllFolders" time="0.0">
    <failure type="java.lang.NullPointerException" message="Cannot invoke &amp;quot;pages.PersonalFolder.uiControl(String)&amp;quot; because &amp;quot;this.personalFolder&amp;quot; is null">
      <![CDATA[java.lang.NullPointerException: Cannot invoke "pages.PersonalFolder.uiControl(String)" because "this.personalFolder" is null
at test.script.CreateFolderInPersonalRootFolder.deleteAllFolders(CreateFolderInPersonalRootFolder.java:60)
at java.base/java.util.ArrayList.forEach(ArrayList.java:1511)
... Removed 30 stack frames]]>
    </failure>
  </testcase> <!-- @AfterMethod deleteAllFolders -->
  <testcase classname="test.script.CreateFolderInPersonalRootFolder" name="@BeforeMethod verifyFolderIsEmpty" time="0.0">
    <failure type="java.lang.NullPointerException" message="Cannot invoke &amp;quot;pages.HomePage.gotoPersonalFolder()&amp;quot; because &amp;quot;this.homePage&amp;quot; is null">
      <![CDATA[java.lang.NullPointerException: Cannot invoke "pages.HomePage.gotoPersonalFolder()" because "this.homePage" is null
at test.script.CreateFolderInPersonalRootFolder.verifyFolderIsEmpty(CreateFolderInPersonalRootFolder.java:43)
at java.base/java.util.ArrayList.forEach(ArrayList.java:1511)
... Removed 29 stack frames]]>
    </failure>
  </testcase> <!-- @BeforeMethod verifyFolderIsEmpty -->
  <testcase classname="test.script.CreateFolderInPersonalRootFolder" name="@AfterMethod deleteAllFolders" time="0.001">
    <failure type="java.lang.NullPointerException" message="Cannot invoke &amp;quot;pages.PersonalFolder.uiControl(String)&amp;quot; because &amp;quot;this.personalFolder&amp;quot; is null">
      <![CDATA[java.lang.NullPointerException: Cannot invoke "pages.PersonalFolder.uiControl(String)" because "this.personalFolder" is null
at test.script.CreateFolderInPersonalRootFolder.deleteAllFolders(CreateFolderInPersonalRootFolder.java:60)
at java.base/java.util.ArrayList.forEach(ArrayList.java:1511)
... Removed 30 stack frames]]>
    </failure>
  </testcase> <!-- @AfterMethod deleteAllFolders -->
  <testcase classname="test.script.CreateFolderInPersonalRootFolder" name="@BeforeMethod verifyFolderIsEmpty" time="0.0">
    <failure type="java.lang.NullPointerException" message="Cannot invoke &amp;quot;pages.HomePage.gotoPersonalFolder()&amp;quot; because &amp;quot;this.homePage&amp;quot; is null">
      <![CDATA[java.lang.NullPointerException: Cannot invoke "pages.HomePage.gotoPersonalFolder()" because "this.homePage" is null
at test.script.CreateFolderInPersonalRootFolder.verifyFolderIsEmpty(CreateFolderInPersonalRootFolder.java:43)
at java.base/java.util.ArrayList.forEach(ArrayList.java:1511)
... Removed 29 stack frames]]>
    </failure>
  </testcase> <!-- @BeforeMethod verifyFolderIsEmpty -->
  <testcase classname="test.script.CreateFolderInPersonalRootFolder" name="@AfterMethod deleteAllFolders" time="0.0">
    <failure type="java.lang.NullPointerException" message="Cannot invoke &amp;quot;pages.PersonalFolder.uiControl(String)&amp;quot; because &amp;quot;this.personalFolder&amp;quot; is null">
      <![CDATA[java.lang.NullPointerException: Cannot invoke "pages.PersonalFolder.uiControl(String)" because "this.personalFolder" is null
at test.script.CreateFolderInPersonalRootFolder.deleteAllFolders(CreateFolderInPersonalRootFolder.java:60)
at java.base/java.util.ArrayList.forEach(ArrayList.java:1511)
... Removed 30 stack frames]]>
    </failure>
  </testcase> <!-- @AfterMethod deleteAllFolders -->
  <testcase classname="test.script.CreateFolderInPersonalRootFolder" name="@BeforeMethod verifyFolderIsEmpty" time="0.0">
    <failure type="java.lang.NullPointerException" message="Cannot invoke &amp;quot;pages.HomePage.gotoPersonalFolder()&amp;quot; because &amp;quot;this.homePage&amp;quot; is null">
      <![CDATA[java.lang.NullPointerException: Cannot invoke "pages.HomePage.gotoPersonalFolder()" because "this.homePage" is null
at test.script.CreateFolderInPersonalRootFolder.verifyFolderIsEmpty(CreateFolderInPersonalRootFolder.java:43)
at java.base/java.util.ArrayList.forEach(ArrayList.java:1511)
... Removed 29 stack frames]]>
    </failure>
  </testcase> <!-- @BeforeMethod verifyFolderIsEmpty -->
  <testcase classname="test.script.CreateFolderInPersonalRootFolder" name="@AfterMethod deleteAllFolders" time="0.0">
    <failure type="java.lang.NullPointerException" message="Cannot invoke &amp;quot;pages.PersonalFolder.uiControl(String)&amp;quot; because &amp;quot;this.personalFolder&amp;quot; is null">
      <![CDATA[java.lang.NullPointerException: Cannot invoke "pages.PersonalFolder.uiControl(String)" because "this.personalFolder" is null
at test.script.CreateFolderInPersonalRootFolder.deleteAllFolders(CreateFolderInPersonalRootFolder.java:60)
at java.base/java.util.ArrayList.forEach(ArrayList.java:1511)
... Removed 30 stack frames]]>
    </failure>
  </testcase> <!-- @AfterMethod deleteAllFolders -->
  <testcase classname="test.script.CreateFolderInPersonalRootFolder" name="@BeforeMethod verifyFolderIsEmpty" time="0.0">
    <failure type="java.lang.NullPointerException" message="Cannot invoke &amp;quot;pages.HomePage.gotoPersonalFolder()&amp;quot; because &amp;quot;this.homePage&amp;quot; is null">
      <![CDATA[java.lang.NullPointerException: Cannot invoke "pages.HomePage.gotoPersonalFolder()" because "this.homePage" is null
at test.script.CreateFolderInPersonalRootFolder.verifyFolderIsEmpty(CreateFolderInPersonalRootFolder.java:43)
at java.base/java.util.ArrayList.forEach(ArrayList.java:1511)
... Removed 29 stack frames]]>
    </failure>
  </testcase> <!-- @BeforeMethod verifyFolderIsEmpty -->
  <testcase classname="test.script.CreateFolderInPersonalRootFolder" name="@AfterMethod deleteAllFolders" time="0.0">
    <failure type="java.lang.NullPointerException" message="Cannot invoke &amp;quot;pages.PersonalFolder.uiControl(String)&amp;quot; because &amp;quot;this.personalFolder&amp;quot; is null">
      <![CDATA[java.lang.NullPointerException: Cannot invoke "pages.PersonalFolder.uiControl(String)" because "this.personalFolder" is null
at test.script.CreateFolderInPersonalRootFolder.deleteAllFolders(CreateFolderInPersonalRootFolder.java:60)
at java.base/java.util.ArrayList.forEach(ArrayList.java:1511)
... Removed 30 stack frames]]>
    </failure>
  </testcase> <!-- @AfterMethod deleteAllFolders -->
  <testcase classname="test.script.CreateFolderInPersonalRootFolder" name="@BeforeMethod verifyFolderIsEmpty" time="0.001">
    <failure type="java.lang.NullPointerException" message="Cannot invoke &amp;quot;pages.HomePage.gotoPersonalFolder()&amp;quot; because &amp;quot;this.homePage&amp;quot; is null">
[...]
... Removed 30 stack frames]]>
    </failure>
  </testcase> <!-- @AfterMethod deleteAllFolders -->
  <testcase classname="test.script.CreateFolderInPersonalRootFolder" name="@BeforeMethod verifyFolderIsEmpty" time="0.0">
    <failure type="java.lang.NullPointerException" message="Cannot invoke &amp;quot;pages.HomePage.gotoPersonalFolder()&amp;quot; because &amp;quot;this.homePage&amp;quot; is null">
      <![CDATA[java.lang.NullPointerException: Cannot invoke "pages.HomePage.gotoPersonalFolder()" because "this.homePage" is null
at test.script.CreateFolderInPersonalRootFolder.verifyFolderIsEmpty(CreateFolderInPersonalRootFolder.java:43)
at java.base/java.util.ArrayList.forEach(ArrayList.java:1511)
... Removed 29 stack frames]]>
    </failure>
  </testcase> <!-- @BeforeMethod verifyFolderIsEmpty -->
  <testcase classname="test.script.CreateFolderInPersonalRootFolder" name="@AfterMethod deleteAllFolders" time="0.001">
    <failure type="java.lang.NullPointerException" message="Cannot invoke &amp;quot;pages.PersonalFolder.uiControl(String)&amp;quot; because &amp;quot;this.personalFolder&amp;quot; is null">
      <![CDATA[java.lang.NullPointerException: Cannot invoke "pages.PersonalFolder.uiControl(String)" because "this.personalFolder" is null
at test.script.CreateFolderInPersonalRootFolder.deleteAllFolders(CreateFolderInPersonalRootFolder.java:60)
at java.base/java.util.ArrayList.forEach(ArrayList.java:1511)
... Removed 30 stack frames]]>
    </failure>
  </testcase> <!-- @AfterMethod deleteAllFolders -->
  <testcase classname="test.script.CreateFolderInPersonalRootFolder" name="@BeforeMethod verifyFolderIsEmpty" time="0.001">
    <failure type="java.lang.NullPointerException" message="Cannot invoke &amp;quot;pages.HomePage.gotoPersonalFolder()&amp;quot; because &amp;quot;this.homePage&amp;quot; is null">
      <![CDATA[java.lang.NullPointerException: Cannot invoke "pages.HomePage.gotoPersonalFolder()" because "this.homePage" is null
at test.script.CreateFolderInPersonalRootFolder.verifyFolderIsEmpty(CreateFolderInPersonalRootFolder.java:43)
at java.base/java.util.ArrayList.forEach(ArrayList.java:1511)
... Removed 29 stack frames]]>
    </failure>
  </testcase> <!-- @BeforeMethod verifyFolderIsEmpty -->
  <testcase classname="test.script.CreateFolderInPersonalRootFolder" name="@AfterMethod deleteAllFolders" time="0.001">
    <failure type="java.lang.NullPointerException" message="Cannot invoke &amp;quot;pages.PersonalFolder.uiControl(String)&amp;quot; because &amp;quot;this.personalFolder&amp;quot; is null">
      <![CDATA[java.lang.NullPointerException: Cannot invoke "pages.PersonalFolder.uiControl(String)" because "this.personalFolder" is null
at test.script.CreateFolderInPersonalRootFolder.deleteAllFolders(CreateFolderInPersonalRootFolder.java:60)
at java.base/java.util.ArrayList.forEach(ArrayList.java:1511)
... Removed 30 stack frames]]>
    </failure>
  </testcase> <!-- @AfterMethod deleteAllFolders -->
  <testcase classname="cocoro.tests.BaseTest" name="@AfterClass closeBrowser" time="0.001">
    <failure type="java.lang.NullPointerException" message="Cannot invoke &amp;quot;org.openqa.selenium.remote.RemoteWebDriver.quit()&amp;quot; because &amp;quot;this.driver&amp;quot; is null">
      <![CDATA[java.lang.NullPointerException: Cannot invoke "org.openqa.selenium.remote.RemoteWebDriver.quit()" because "this.driver" is null
at cocoro.tests.BaseTest.closeBrowser(BaseTest.java:78)
at java.base/java.util.ArrayList.forEach(ArrayList.java:1511)
... Removed 23 stack frames]]>
    </failure>
  </testcase> <!-- @AfterClass closeBrowser -->
  <testcase classname="test.script.CreateFolderInPersonalRootFolder" name="verify84LengthEngCharFolderIsCreatedMultiByte" time="0.0">
    <skipped/>
  </testcase> <!-- verify84LengthEngCharFolderIsCreatedMultiByte -->
  <testcase classname="test.script.CreateFolderInPersonalRootFolder" name="verify84LengthEngCharFolderIsCreatedSingleByte" time="0.0">
    <skipped/>
  </testcase> <!-- verify84LengthEngCharFolderIsCreatedSingleByte -->
  <testcase classname="test.script.CreateFolderInPersonalRootFolder" name="verify84LengthHiraganaCharFolderIsCreatedMultiByte" time="0.0">
    <skipped/>
  </testcase> <!-- verify84LengthHiraganaCharFolderIsCreatedMultiByte -->
  <testcase classname="test.script.CreateFolderInPersonalRootFolder" name="verify84LengthHiraganaCharFolderIsCreatedSingleByte" time="0.0">
    <skipped/>
  </testcase> <!-- verify84LengthHiraganaCharFolderIsCreatedSingleByte -->
  <testcase classname="test.script.CreateFolderInPersonalRootFolder" name="verify84LengthKanjiCharFolderIsCreatedMultiByte" time="0.0">
    <skipped/>
  </testcase> <!-- verify84LengthKanjiCharFolderIsCreatedMultiByte -->
  <testcase classname="test.script.CreateFolderInPersonalRootFolder" name="verify84LengthKanjiCharFolderIsCreatedSingleByte" time="0.0">
    <skipped/>
  </testcase> <!-- verify84LengthKanjiCharFolderIsCreatedSingleByte -->
  <testcase classname="test.script.CreateFolderInPersonalRootFolder" name="verify84LengthKatakanaCharFolderIsCreatedMultiByte" time="0.0">
    <skipped/>
  </testcase> <!-- verify84LengthKatakanaCharFolderIsCreatedMultiByte -->
  <testcase classname="test.script.CreateFolderInPersonalRootFolder" name="verify84LengthKatakanaCharFolderIsCreatedSingleByte" time="0.0">
    <skipped/>
  </testcase> <!-- verify84LengthKatakanaCharFolderIsCreatedSingleByte -->
  <testcase classname="test.script.CreateFolderInPersonalRootFolder" name="verifyErrorMsgIsDisplayedForAUX" time="0.0">
    <skipped/>
  </testcase> <!-- verifyErrorMsgIsDisplayedForAUX -->
  <testcase classname="test.script.CreateFolderInPersonalRootFolder" name="verifyErrorMsgIsDisplayedForBackSlash" time="0.0">
    <skipped/>
  </testcase> <!-- verifyErrorMsgIsDisplayedForBackSlash -->
  <testcase classname="test.script.CreateFolderInPersonalRootFolder" name="verifyErrorMsgIsDisplayedForCLOCK$" time="0.0">
    <skipped/>
  </testcase> <!-- verifyErrorMsgIsDisplayedForCLOCK$ -->
  <testcase classname="test.script.CreateFolderInPersonalRootFolder" name="verifyErrorMsgIsDisplayedForCOM0" time="0.0">
    <skipped/>
  </testcase> <!-- verifyErrorMsgIsDisplayedForCOM0 -->
  <testcase classname="test.script.CreateFolderInPersonalRootFolder" name="verifyErrorMsgIsDisplayedForCOM1" time="0.0">
    <skipped/>
  </testcase> <!-- verifyErrorMsgIsDisplayedForCOM1 -->
  <testcase classname="test.script.CreateFolderInPersonalRootFolder" name="verifyErrorMsgIsDisplayedForCOM2" time="0.0">
    <skipped/>
  </testcase> <!-- verifyErrorMsgIsDisplayedForCOM2 -->
  <testcase classname="test.script.CreateFolderInPersonalRootFolder" name="verifyErrorMsgIsDisplayedForCOM3" time="0.0">
    <skipped/>
  </testcase> <!-- verifyErrorMsgIsDisplayedForCOM3 -->
  <testcase classname="test.script.CreateFolderInPersonalRootFolder" name="verifyErrorMsgIsDisplayedForCOM4" time="0.0">
    <skipped/>
  </testcase> <!-- verifyErrorMsgIsDisplayedForCOM4 -->
  <testcase classname="test.script.CreateFolderInPersonalRootFolder" name="verifyErrorMsgIsDisplayedForCOM5" time="0.0">
    <skipped/>
  </testcase> <!-- verifyErrorMsgIsDisplayedForCOM5 -->
  <testcase classname="test.script.CreateFolderInPersonalRootFolder" name="verifyErrorMsgIsDisplayedForCOM6" time="0.0">
    <skipped/>
  </testcase> <!-- verifyErrorMsgIsDisplayedForCOM6 -->
  <testcase classname="test.script.CreateFolderInPersonalRootFolder" name="verifyErrorMsgIsDisplayedForCOM7" time="0.0">
    <skipped/>
  </testcase> <!-- verifyErrorMsgIsDisplayedForCOM7 -->
  <testcase classname="test.script.CreateFolderInPersonalRootFolder" name="verifyErrorMsgIsDisplayedForCOM8" time="0.0">
    <skipped/>
  </testcase> <!-- verifyErrorMsgIsDisplayedForCOM8 -->
  <testcase classname="test.script.CreateFolderInPersonalRootFolder" name="verifyErrorMsgIsDisplayedForCOM9" time="0.0">
    <skipped/>
  </testcase> <!-- verifyErrorMsgIsDisplayedForCOM9 -->
  <testcase classname="test.script.CreateFolderInPersonalRootFolder" name="verifyErrorMsgIsDisplayedForCON" time="0.0">
    <skipped/>
  </testcase> <!-- verifyErrorMsgIsDisplayedForCON -->
  <testcase classname="test.script.CreateFolderInPersonalRootFolder" name="verifyErrorMsgIsDisplayedForColon" time="0.0">
    <skipped/>
  </testcase> <!-- verifyErrorMsgIsDisplayedForColon -->
  <testcase classname="test.script.CreateFolderInPersonalRootFolder" name="verifyErrorMsgIsDisplayedForDoubleQuotes" time="0.0">
    <skipped/>
  </testcase> <!-- verifyErrorMsgIsDisplayedForDoubleQuotes -->
  <testcase classname="test.script.CreateFolderInPersonalRootFolder" name="verifyErrorMsgIsDisplayedForFontSlash" time="0.0">
    <skipped/>
  </testcase> <!-- verifyErrorMsgIsDisplayedForFontSlash -->
  <testcase classname="test.script.CreateFolderInPersonalRootFolder" name="verifyErrorMsgIsDisplayedForGreaterThan" time="0.0">
    <skipped/>
  </testcase> <!-- verifyErrorMsgIsDisplayedForGreaterThan -->
  <testcase classname="test.script.CreateFolderInPersonalRootFolder" name="verifyErrorMsgIsDisplayedForLPT0" time="0.0">
    <skipped/>
  </testcase> <!-- verifyErrorMsgIsDisplayedForLPT0 -->
  <testcase classname="test.script.CreateFolderInPersonalRootFolder" name="verifyErrorMsgIsDisplayedForLPT1" time="0.0">
    <skipped/>
  </testcase> <!-- verifyErrorMsgIsDisplayedForLPT1 -->
  <testcase classname="test.script.CreateFolderInPersonalRootFolder" name="verifyErrorMsgIsDisplayedForLPT2" time="0.0">
    <skipped/>
  </testcase> <!-- verifyErrorMsgIsDisplayedForLPT2 -->
  <testcase classname="test.script.CreateFolderInPersonalRootFolder" name="verifyErrorMsgIsDisplayedForLPT3" time="0.0">
    <skipped/>
  </testcase> <!-- verifyErrorMsgIsDisplayedForLPT3 -->
  <testcase classname="test.script.CreateFolderInPersonalRootFolder" name="verifyErrorMsgIsDisplayedForLPT4" time="0.0">
    <skipped/>
  </testcase> <!-- verifyErrorMsgIsDisplayedForLPT4 -->
  <testcase classname="test.script.CreateFolderInPersonalRootFolder" name="verifyErrorMsgIsDisplayedForLPT5" time="0.0">
    <skipped/>
  </testcase> <!-- verifyErrorMsgIsDisplayedForLPT5 -->
  <testcase classname="test.script.CreateFolderInPersonalRootFolder" name="verifyErrorMsgIsDisplayedForLPT6" time="0.0">
    <skipped/>
  </testcase> <!-- verifyErrorMsgIsDisplayedForLPT6 -->
  <testcase classname="test.script.CreateFolderInPersonalRootFolder" name="verifyErrorMsgIsDisplayedForLPT7" time="0.0">
    <skipped/>
  </testcase> <!-- verifyErrorMsgIsDisplayedForLPT7 -->
  <testcase classname="test.script.CreateFolderInPersonalRootFolder" name="verifyErrorMsgIsDisplayedForLPT8" time="0.0">
    <skipped/>
  </testcase> <!-- verifyErrorMsgIsDisplayedForLPT8 -->
  <testcase classname="test.script.CreateFolderInPersonalRootFolder" name="verifyErrorMsgIsDisplayedForLPT9" time="0.0">
    <skipped/>
  </testcase> <!-- verifyErrorMsgIsDisplayedForLPT9 -->
  <testcase classname="test.script.CreateFolderInPersonalRootFolder" name="verifyErrorMsgIsDisplayedForLessThan" time="0.0">
    <skipped/>
  </testcase> <!-- verifyErrorMsgIsDisplayedForLessThan -->
  <testcase classname="test.script.CreateFolderInPersonalRootFolder" name="verifyErrorMsgIsDisplayedForMultiplication" time="0.0">
    <skipped/>
  </testcase> <!-- verifyErrorMsgIsDisplayedForMultiplication -->
  <testcase classname="test.script.CreateFolderInPersonalRootFolder" name="verifyErrorMsgIsDisplayedForNUL" time="0.0">
    <skipped/>
  </testcase> <!-- verifyErrorMsgIsDisplayedForNUL -->
  <testcase classname="test.script.CreateFolderInPersonalRootFolder" name="verifyErrorMsgIsDisplayedForNameEndindWithDot" time="0.0">
    <skipped/>
  </testcase> <!-- verifyErrorMsgIsDisplayedForNameEndindWithDot -->
  <testcase classname="test.script.CreateFolderInPersonalRootFolder" name="verifyErrorMsgIsDisplayedForNameEndingWithHalfWidthSpace" time="0.0">
    <skipped/>
  </testcase> <!-- verifyErrorMsgIsDisplayedForNameEndingWithHalfWidthSpace -->
  <testcase classname="test.script.CreateFolderInPersonalRootFolder" name="verifyErrorMsgIsDisplayedForNameStartingWithHalfWidthSpace" time="0.0">
    <skipped/>
  </testcase> <!-- verifyErrorMsgIsDisplayedForNameStartingWithHalfWidthSpace -->
  <testcase classname="test.script.CreateFolderInPersonalRootFolder" name="verifyErrorMsgIsDisplayedForPRN" time="0.0">
    <skipped/>
  </testcase> <!-- verifyErrorMsgIsDisplayedForPRN -->
  <testcase classname="test.script.CreateFolderInPersonalRootFolder" name="verifyErrorMsgIsDisplayedForPipe" time="0.0">
    <skipped/>
  </testcase> <!-- verifyErrorMsgIsDisplayedForPipe -->
  <testcase classname="test.script.CreateFolderInPersonalRootFolder" name="verifyErrorMsgIsDisplayedForQuestionMark" time="0.0">
    <skipped/>
  </testcase> <!-- verifyErrorMsgIsDisplayedForQuestionMark -->
  <testcase classname="test.script.CreateFolderInPersonalRootFolder" name="verifyErrorMsgIsDisplayedForREMOTE_ACCESS_BACKUP" time="0.0">
    <skipped/>
  </testcase> <!-- verifyErrorMsgIsDisplayedForREMOTE_ACCESS_BACKUP -->
  <testcase classname="test.script.CreateFolderInPersonalRootFolder" name="verifyErrorMsgIsDisplayedForSNAPSHOT" time="0.0">
    <skipped/>
  </testcase> <!-- verifyErrorMsgIsDisplayedForSNAPSHOT -->
  <testcase classname="test.script.CreateFolderInPersonalRootFolder" name="verifyErrorMsgIsDisplayedForSNAPSHOTS" time="0.0">
    <skipped/>
  </testcase> <!-- verifyErrorMsgIsDisplayedForSNAPSHOTS -->
  <testcase classname="test.script.CreateFolderInPersonalRootFolder" name="verifyErrorMsgIsDisplayedForSnapshot" time="0.0">
    <skipped/>
  </testcase> <!-- verifyErrorMsgIsDisplayedForSnapshot -->
  <testcase classname="test.script.CreateFolderInPersonalRootFolder" name="verifyErrorMsgIsDisplayedForTRASHBOX" time="0.0">
    <skipped/>
  </testcase> <!-- verifyErrorMsgIsDisplayedForTRASHBOX -->
  <testcase classname="test.script.CreateFolderInPersonalRootFolder" name="verifyErrorMsgIsDisplayedForaux" time="0.0">
    <skipped/>
  </testcase> <!-- verifyErrorMsgIsDisplayedForaux -->
  <testcase classname="test.script.CreateFolderInPersonalRootFolder" name="verifyErrorMsgIsDisplayedForclock$" time="0.0">
    <skipped/>
  </testcase> <!-- verifyErrorMsgIsDisplayedForclock$ -->
  <testcase classname="test.script.CreateFolderInPersonalRootFolder" name="verifyErrorMsgIsDisplayedForcom0" time="0.0">
    <skipped/>
  </testcase> <!-- verifyErrorMsgIsDisplayedForcom0 -->
  <testcase classname="test.script.CreateFolderInPersonalRootFolder" name="verifyErrorMsgIsDisplayedForcom1" time="0.0">
    <skipped/>
  </testcase> <!-- verifyErrorMsgIsDisplayedForcom1 -->
  <testcase classname="test.script.CreateFolderInPersonalRootFolder" name="verifyErrorMsgIsDisplayedForcom2" time="0.0">
    <skipped/>
  </testcase> <!-- verifyErrorMsgIsDisplayedForcom2 -->
  <testcase classname="test.script.CreateFolderInPersonalRootFolder" name="verifyErrorMsgIsDisplayedForcom3" time="0.0">
    <skipped/>
  </testcase> <!-- verifyErrorMsgIsDisplayedForcom3 -->
  <testcase classname="test.script.CreateFolderInPersonalRootFolder" name="verifyErrorMsgIsDisplayedForcom4" time="0.0">
    <skipped/>
  </testcase> <!-- verifyErrorMsgIsDisplayedForcom4 -->
  <testcase classname="test.script.CreateFolderInPersonalRootFolder" name="verifyErrorMsgIsDisplayedForcom5" time="0.0">
    <skipped/>
  </testcase> <!-- verifyErrorMsgIsDisplayedForcom5 -->
  <testcase classname="test.script.CreateFolderInPersonalRootFolder" name="verifyErrorMsgIsDisplayedForcom6" time="0.0">
    <skipped/>
  </testcase> <!-- verifyErrorMsgIsDisplayedForcom6 -->
  <testcase classname="test.script.CreateFolderInPersonalRootFolder" name="verifyErrorMsgIsDisplayedForcom7" time="0.0">
    <skipped/>
  </testcase> <!-- verifyErrorMsgIsDisplayedForcom7 -->
  <testcase classname="test.script.CreateFolderInPersonalRootFolder" name="verifyErrorMsgIsDisplayedForcom8" time="0.0">
    <skipped/>
  </testcase> <!-- verifyErrorMsgIsDisplayedForcom8 -->
  <testcase classname="test.script.CreateFolderInPersonalRootFolder" name="verifyErrorMsgIsDisplayedForcom9" time="0.0">
    <skipped/>
  </testcase> <!-- verifyErrorMsgIsDisplayedForcom9 -->
  <testcase classname="test.script.CreateFolderInPersonalRootFolder" name="verifyErrorMsgIsDisplayedForcon" time="0.0">
    <skipped/>
  </testcase> <!-- verifyErrorMsgIsDisplayedForcon -->
  <testcase classname="test.script.CreateFolderInPersonalRootFolder" name="verifyErrorMsgIsDisplayedForlpt0" time="0.0">
    <skipped/>
  </testcase> <!-- verifyErrorMsgIsDisplayedForlpt0 -->
  <testcase classname="test.script.CreateFolderInPersonalRootFolder" name="verifyErrorMsgIsDisplayedForlpt1" time="0.0">
    <skipped/>
  </testcase> <!-- verifyErrorMsgIsDisplayedForlpt1 -->
  <testcase classname="test.script.CreateFolderInPersonalRootFolder" name="verifyErrorMsgIsDisplayedForlpt2" time="0.0">
    <skipped/>
  </testcase> <!-- verifyErrorMsgIsDisplayedForlpt2 -->
  <testcase classname="test.script.CreateFolderInPersonalRootFolder" name="verifyErrorMsgIsDisplayedForlpt3" time="0.0">
    <skipped/>
  </testcase> <!-- verifyErrorMsgIsDisplayedForlpt3 -->
  <testcase classname="test.script.CreateFolderInPersonalRootFolder" name="verifyErrorMsgIsDisplayedForlpt4" time="0.0">
    <skipped/>
  </testcase> <!-- verifyErrorMsgIsDisplayedForlpt4 -->
  <testcase classname="test.script.CreateFolderInPersonalRootFolder" name="verifyErrorMsgIsDisplayedForlpt5" time="0.0">
    <skipped/>
  </testcase> <!-- verifyErrorMsgIsDisplayedForlpt5 -->
  <testcase classname="test.script.CreateFolderInPersonalRootFolder" name="verifyErrorMsgIsDisplayedForlpt6" time="0.0">
    <skipped/>
  </testcase> <!-- verifyErrorMsgIsDisplayedForlpt6 -->
  <testcase classname="test.script.CreateFolderInPersonalRootFolder" name="verifyErrorMsgIsDisplayedForlpt7" time="0.0">
    <skipped/>
  </testcase> <!-- verifyErrorMsgIsDisplayedForlpt7 -->
  <testcase classname="test.script.CreateFolderInPersonalRootFolder" name="verifyErrorMsgIsDisplayedForlpt8" time="0.0">
    <skipped/>
  </testcase> <!-- verifyErrorMsgIsDisplayedForlpt8 -->
  <testcase classname="test.script.CreateFolderInPersonalRootFolder" name="verifyErrorMsgIsDisplayedForlpt9" time="0.0">
    <skipped/>
  </testcase> <!-- verifyErrorMsgIsDisplayedForlpt9 -->
  <testcase classname="test.script.CreateFolderInPersonalRootFolder" name="verifyErrorMsgIsDisplayedFornul" time="0.0">
    <skipped/>
  </testcase> <!-- verifyErrorMsgIsDisplayedFornul -->
  <testcase classname="test.script.CreateFolderInPersonalRootFolder" name="verifyErrorMsgIsDisplayedForprn" time="0.0">
    <skipped/>
  </testcase> <!-- verifyErrorMsgIsDisplayedForprn -->
  <testcase classname="test.script.CreateFolderInPersonalRootFolder" name="verifyErrorMsgIsDisplayedForremote_access_backup" time="0.0">
    <skipped/>
  </testcase> <!-- verifyErrorMsgIsDisplayedForremote_access_backup -->
  <testcase classname="test.script.CreateFolderInPersonalRootFolder" name="verifyErrorMsgIsDisplayedForsnapshot" time="0.0">
    <skipped/>
  </testcase> <!-- verifyErrorMsgIsDisplayedForsnapshot -->
  <testcase classname="test.script.CreateFolderInPersonalRootFolder" name="verifyErrorMsgIsDisplayedForsnapshots" time="0.0">
    <skipped/>
  </testcase> <!-- verifyErrorMsgIsDisplayedForsnapshots -->
  <testcase classname="test.script.CreateFolderInPersonalRootFolder" name="verifyErrorMsgIsDisplayedFortrashBox" time="0.0">
    <skipped/>
  </testcase> <!-- verifyErrorMsgIsDisplayedFortrashBox -->
  <testcase classname="test.script.CreateFolderInPersonalRootFolder" name="verifyErrorMsgIsDisplayedFortrashbox" time="0.0">
    <skipped/>
  </testcase> <!-- verifyErrorMsgIsDisplayedFortrashbox -->
  <testcase classname="test.script.CreateFolderInPersonalRootFolder" name="verifyFolderIsCreated" time="0.0">
    <skipped/>
  </testcase> <!-- verifyFolderIsCreated -->
  <testcase classname="test.script.CreateFolderInPersonalRootFolder" name="verifySpecialCharFolderIsCreated" time="0.0">
    <skipped/>
  </testcase> <!-- verifySpecialCharFolderIsCreated -->
</testsuite> <!-- Test -->
