<?xml version="1.0" encoding="UTF-8"?>
<!-- Generated by org.testng.reporters.JUnitXMLReporter -->
<testsuite ignored="1" hostname="Test-Jpwin11" failures="0" tests="1" name="Test1" time="74.577" errors="0" timestamp="2024-09-27T19:37:36 JST">
  <testcase classname="test.script.MoveFileFoldersSharedFolderTest" name="Verify" time="45.112"/>
  <testcase classname="test.script.MoveFileFoldersSharedFolderTest" name="VerifyUpperParentAllowedToSelect" time="0.0">
    <ignored/>
  </testcase> <!-- VerifyUpperParentAllowedToSelect -->
</testsuite> <!-- Test1 -->
