<?xml version="1.0" encoding="UTF-8"?>
<!-- Generated by org.testng.reporters.JUnitXMLReporter -->
<testsuite ignored="0" hostname="irappa" failures="0" tests="2" name="Edge" time="4.8" errors="0" timestamp="2023-01-17T18:08:09 IST">
  <testcase classname="test.script.CreateFolderInPersonalRootFolder" name="@BeforeClass login" time="4.515">
    <failure type="org.openqa.selenium.SessionNotCreatedException" message="session not created: This version of Microsoft Edge WebDriver only supports Microsoft Edge version 107
Current browser version is 109.0.1518.55 with binary path C:\Program Files (x86)\Microsoft\Edge\Application\msedge.exe
Build info: version: &amp;apos;unknown&amp;apos;, revision: &amp;apos;unknown&amp;apos;, time: &amp;apos;unknown&amp;apos;
System info: host: &amp;apos;IRAPPA&amp;apos;, ip: &amp;apos;172.29.240.240&amp;apos;, os.name: &amp;apos;Windows 10&amp;apos;, os.arch: &amp;apos;amd64&amp;apos;, os.version: &amp;apos;10.0&amp;apos;, java.version: &amp;apos;19&amp;apos;
Driver info: driver.version: EdgeDriver
remote stacktrace: Backtrace:
	Microsoft::Applications::Events::EventProperties::SetProperty [0x00007FF788658532+9986]
	Microsoft::Applications::Events::EventProperty::EventProperty [0x00007FF7885F5D62+1445202]
	Ordinal0 [0x00007FF7881DFC8C+654476]
	Ordinal0 [0x00007FF788211811+858129]
	Ordinal0 [0x00007FF78820C50E+836878]
	Ordinal0 [0x00007FF788207992+817554]
	Ordinal0 [0x00007FF78824B7C0+1095616]
	Ordinal0 [0x00007FF78824AB48+1092424]
	Ordinal0 [0x00007FF7882439B3+1063347]
	Ordinal0 [0x00007FF78821506A+872554]
	Ordinal0 [0x00007FF78821402E+868398]
	Ordinal0 [0x00007FF78821570F+874255]
	Microsoft::Applications::Events::EventProperty::EventProperty [0x00007FF7884B6108+135416]
	Microsoft::Applications::Events::EventProperty::EventProperty [0x00007FF7884A02CF+45759]
	Microsoft::Applications::Events::EventProperty::EventProperty [0x00007FF7884A374C+59196]
	Ordinal0 [0x00007FF7882EB1F4+1749492]
	Microsoft::Applications::Events::EventProperty::EventProperty [0x00007FF7885FB65A+1467978]
	Microsoft::Applications::Events::EventProperty::EventProperty [0x00007FF7885FFEF4+1486564]
	Microsoft::Applications::Events::EventProperty::EventProperty [0x00007FF78860004D+1486909]
	Microsoft::Applications::Events::EventProperty::EventProperty [0x00007FF788607E0B+1519099]
	BaseThreadInitThunk [0x00007FFBBEEF7BD4+20]
	RtlUserThreadStart [0x00007FFBC034CE51+33]
">
      <![CDATA[org.openqa.selenium.SessionNotCreatedException: session not created: This version of Microsoft Edge WebDriver only supports Microsoft Edge version 107
Current browser version is 109.0.1518.55 with binary path C:\Program Files (x86)\Microsoft\Edge\Application\msedge.exe
Build info: version: 'unknown', revision: 'unknown', time: 'unknown'
System info: host: 'IRAPPA', ip: '172.29.240.240', os.name: 'Windows 10', os.arch: 'amd64', os.version: '10.0', java.version: '19'
Driver info: driver.version: EdgeDriver
remote stacktrace: Backtrace:
Microsoft::Applications::Events::EventProperties::SetProperty [0x00007FF788658532+9986]
Microsoft::Applications::Events::EventProperty::EventProperty [0x00007FF7885F5D62+1445202]
Ordinal0 [0x00007FF7881DFC8C+654476]
Ordinal0 [0x00007FF788211811+858129]
Ordinal0 [0x00007FF78820C50E+836878]
Ordinal0 [0x00007FF788207992+817554]
Ordinal0 [0x00007FF78824B7C0+1095616]
Ordinal0 [0x00007FF78824AB48+1092424]
Ordinal0 [0x00007FF7882439B3+1063347]
Ordinal0 [0x00007FF78821506A+872554]
Ordinal0 [0x00007FF78821402E+868398]
Ordinal0 [0x00007FF78821570F+874255]
Microsoft::Applications::Events::EventProperty::EventProperty [0x00007FF7884B6108+135416]
Microsoft::Applications::Events::EventProperty::EventProperty [0x00007FF7884A02CF+45759]
Microsoft::Applications::Events::EventProperty::EventProperty [0x00007FF7884A374C+59196]
Ordinal0 [0x00007FF7882EB1F4+1749492]
Microsoft::Applications::Events::EventProperty::EventProperty [0x00007FF7885FB65A+1467978]
Microsoft::Applications::Events::EventProperty::EventProperty [0x00007FF7885FFEF4+1486564]
Microsoft::Applications::Events::EventProperty::EventProperty [0x00007FF78860004D+1486909]
Microsoft::Applications::Events::EventProperty::EventProperty [0x00007FF788607E0B+1519099]
BaseThreadInitThunk [0x00007FFBBEEF7BD4+20]
RtlUserThreadStart [0x00007FFBC034CE51+33]

at org.openqa.selenium.remote.W3CHandshakeResponse.lambda$new$0(W3CHandshakeResponse.java:57)
at org.openqa.selenium.remote.W3CHandshakeResponse.lambda$getResponseFunction$2(W3CHandshakeResponse.java:104)
at org.openqa.selenium.remote.ProtocolHandshake.lambda$createSession$24(ProtocolHandshake.java:359)
at java.base/java.util.stream.ReferencePipeline$3$1.accept(ReferencePipeline.java:197)
at java.base/java.util.Spliterators$ArraySpliterator.tryAdvance(Spliterators.java:1016)
at java.base/java.util.stream.ReferencePipeline.forEachWithCancel(ReferencePipeline.java:129)
at java.base/java.util.stream.AbstractPipeline.copyIntoWithCancel(AbstractPipeline.java:527)
at java.base/java.util.stream.AbstractPipeline.copyInto(AbstractPipeline.java:513)
at java.base/java.util.stream.AbstractPipeline.wrapAndCopyInto(AbstractPipeline.java:499)
at java.base/java.util.stream.FindOps$FindOp.evaluateSequential(FindOps.java:150)
at java.base/java.util.stream.AbstractPipeline.evaluate(AbstractPipeline.java:234)
at java.base/java.util.stream.ReferencePipeline.findFirst(ReferencePipeline.java:647)
at org.openqa.selenium.remote.ProtocolHandshake.createSession(ProtocolHandshake.java:362)
at org.openqa.selenium.remote.ProtocolHandshake.createSession(ProtocolHandshake.java:136)
at org.openqa.selenium.remote.HttpCommandExecutor.execute(HttpCommandExecutor.java:142)
at org.openqa.selenium.remote.service.DriverCommandExecutor.execute(DriverCommandExecutor.java:82)
at org.openqa.selenium.remote.RemoteWebDriver.execute(RemoteWebDriver.java:646)
at org.openqa.selenium.remote.RemoteWebDriver.startSession(RemoteWebDriver.java:255)
at org.openqa.selenium.remote.RemoteWebDriver.startSession(RemoteWebDriver.java:237)
at org.openqa.selenium.remote.RemoteWebDriver.<init>(RemoteWebDriver.java:138)
at org.openqa.selenium.edge.EdgeDriver.<init>(EdgeDriver.java:150)
at org.openqa.selenium.edge.EdgeDriver.<init>(EdgeDriver.java:139)
at org.openqa.selenium.edge.EdgeDriver.<init>(EdgeDriver.java:96)
at cocoro.lib.uiauto.DriverFactory.testngDriver(DriverFactory.java:111)
at cocoro.lib.uiauto.DriverFactory.createDriver(DriverFactory.java:79)
at test.script.CreateFolderInPersonalRootFolder.login(CreateFolderInPersonalRootFolder.java:32)
at java.base/java.util.concurrent.ThreadPoolExecutor.runWorker(ThreadPoolExecutor.java:1144)
at java.base/java.util.concurrent.ThreadPoolExecutor$Worker.run(ThreadPoolExecutor.java:642)
at java.base/java.lang.Thread.run(Thread.java:1589)
... Removed 11 stack frames]]>
    </failure>
  </testcase> <!-- @BeforeClass login -->
  <testcase classname="test.script.CreateFolderInPersonalRootFolder" name="@BeforeMethod verifyFolderIsEmpty" time="0.001">
    <failure type="java.lang.NullPointerException" message="Cannot invoke &amp;quot;pages.HomePage.gotoPersonalFolder()&amp;quot; because &amp;quot;this.homePage&amp;quot; is null">
      <![CDATA[java.lang.NullPointerException: Cannot invoke "pages.HomePage.gotoPersonalFolder()" because "this.homePage" is null
at test.script.CreateFolderInPersonalRootFolder.verifyFolderIsEmpty(CreateFolderInPersonalRootFolder.java:43)
at java.base/java.util.concurrent.ThreadPoolExecutor.runWorker(ThreadPoolExecutor.java:1144)
at java.base/java.util.concurrent.ThreadPoolExecutor$Worker.run(ThreadPoolExecutor.java:642)
at java.base/java.lang.Thread.run(Thread.java:1589)
... Removed 14 stack frames]]>
    </failure>
  </testcase> <!-- @BeforeMethod verifyFolderIsEmpty -->
  <testcase classname="test.script.CreateFolderInPersonalRootFolder" name="@BeforeMethod verifyFolderIsEmpty" time="0.001">
    <failure type="java.lang.NullPointerException" message="Cannot invoke &amp;quot;pages.HomePage.gotoPersonalFolder()&amp;quot; because &amp;quot;this.homePage&amp;quot; is null">
      <![CDATA[java.lang.NullPointerException: Cannot invoke "pages.HomePage.gotoPersonalFolder()" because "this.homePage" is null
at test.script.CreateFolderInPersonalRootFolder.verifyFolderIsEmpty(CreateFolderInPersonalRootFolder.java:43)
at java.base/java.util.concurrent.ThreadPoolExecutor.runWorker(ThreadPoolExecutor.java:1144)
at java.base/java.util.concurrent.ThreadPoolExecutor$Worker.run(ThreadPoolExecutor.java:642)
at java.base/java.lang.Thread.run(Thread.java:1589)
... Removed 14 stack frames]]>
    </failure>
  </testcase> <!-- @BeforeMethod verifyFolderIsEmpty -->
  <testcase classname="test.script.CreateFolderInPersonalRootFolder" name="@AfterMethod deleteAllFolders" time="0.0">
    <failure type="java.lang.NullPointerException" message="Cannot invoke &amp;quot;pages.PersonalFolder.uiControl(String)&amp;quot; because &amp;quot;this.personalFolder&amp;quot; is null">
      <![CDATA[java.lang.NullPointerException: Cannot invoke "pages.PersonalFolder.uiControl(String)" because "this.personalFolder" is null
at test.script.CreateFolderInPersonalRootFolder.deleteAllFolders(CreateFolderInPersonalRootFolder.java:62)
at java.base/java.util.concurrent.ThreadPoolExecutor.runWorker(ThreadPoolExecutor.java:1144)
at java.base/java.util.concurrent.ThreadPoolExecutor$Worker.run(ThreadPoolExecutor.java:642)
at java.base/java.lang.Thread.run(Thread.java:1589)
... Removed 15 stack frames]]>
    </failure>
  </testcase> <!-- @AfterMethod deleteAllFolders -->
  <testcase classname="test.script.CreateFolderInPersonalRootFolder" name="@AfterMethod deleteAllFolders" time="0.001">
    <failure type="java.lang.NullPointerException" message="Cannot invoke &amp;quot;pages.PersonalFolder.uiControl(String)&amp;quot; because &amp;quot;this.personalFolder&amp;quot; is null">
      <![CDATA[java.lang.NullPointerException: Cannot invoke "pages.PersonalFolder.uiControl(String)" because "this.personalFolder" is null
at test.script.CreateFolderInPersonalRootFolder.deleteAllFolders(CreateFolderInPersonalRootFolder.java:62)
at java.base/java.util.concurrent.ThreadPoolExecutor.runWorker(ThreadPoolExecutor.java:1144)
at java.base/java.util.concurrent.ThreadPoolExecutor$Worker.run(ThreadPoolExecutor.java:642)
at java.base/java.lang.Thread.run(Thread.java:1589)
... Removed 15 stack frames]]>
    </failure>
  </testcase> <!-- @AfterMethod deleteAllFolders -->
  <testcase classname="cocoro.tests.BaseTest" name="@AfterClass closeBrowser" time="0.001">
    <failure type="java.lang.NullPointerException" message="Cannot invoke &amp;quot;org.openqa.selenium.remote.RemoteWebDriver.quit()&amp;quot; because &amp;quot;this.driver&amp;quot; is null">
      <![CDATA[java.lang.NullPointerException: Cannot invoke "org.openqa.selenium.remote.RemoteWebDriver.quit()" because "this.driver" is null
at cocoro.tests.BaseTest.closeBrowser(BaseTest.java:78)
at java.base/java.util.concurrent.ThreadPoolExecutor.runWorker(ThreadPoolExecutor.java:1144)
at java.base/java.util.concurrent.ThreadPoolExecutor$Worker.run(ThreadPoolExecutor.java:642)
at java.base/java.lang.Thread.run(Thread.java:1589)
... Removed 8 stack frames]]>
    </failure>
  </testcase> <!-- @AfterClass closeBrowser -->
  <testcase classname="test.script.CreateFolderInPersonalRootFolder" name="verifyFolderIsCreated" time="0.0">
    <skipped/>
  </testcase> <!-- verifyFolderIsCreated -->
  <testcase classname="test.script.CreateFolderInPersonalRootFolder" name="verifySpecialCharFolderIsCreated" time="0.0">
    <skipped/>
  </testcase> <!-- verifySpecialCharFolderIsCreated -->
</testsuite> <!-- Edge -->
