<?xml version="1.0" encoding="UTF-8"?>
<!-- Generated by org.testng.reporters.JUnitXMLReporter -->
<testsuite ignored="148" hostname="Test-Jpwin11" failures="0" tests="9" name="Test1(failed)(failed)(failed)" time="175.808" errors="0" timestamp="2024-09-17T20:33:19 JST">
  <testcase classname="test.script.RenameOtherUserPersonalFolderTest" name="verifyFileIsRenameWithHiraganaMultiByte" time="5.832"/>
  <testcase classname="test.script.RenameOtherUserPersonalFolderTest" name="verifyFileIsRenameWithEnglishSinlgeByte" time="5.894"/>
  <testcase classname="test.script.RenameOtherUserPersonalFolderTest" name="verifyFileIsRenameWithKanjiMultiByte" time="5.631"/>
  <testcase classname="test.script.RenameOtherUserPersonalFolderTest" name="verifyFileIsRenameWithNumberSinlgeByte" time="6.152"/>
  <testcase classname="test.script.RenameOtherUserPersonalFolderTest" name="verifyFileIsRenameWithNumberMultiByte" time="5.837"/>
  <testcase classname="test.script.RenameOtherUserPersonalFolderTest" name="verifyFileIsRenameWithKataganaMultiByte" time="5.772"/>
  <testcase classname="test.script.RenameOtherUserPersonalFolderTest" name="verifyFileIsRenameWithSpecialcharsMultiByte" time="5.815"/>
  <testcase classname="test.script.RenameOtherUserPersonalFolderTest" name="verifyFileIsRenameWithEnglishMultiByte" time="5.727"/>
  <testcase classname="test.script.RenameOtherUserPersonalFolderTest" name="verifyFileIsRenameWithKataganaSinlgeByte" time="5.766"/>
  <testcase classname="test.script.RenameOtherUserPersonalFolderTest" name="verifyFolderIsRenameWithLPT2" time="0.0">
    <ignored/>
  </testcase> <!-- verifyFolderIsRenameWithLPT2 -->
  <testcase classname="test.script.RenameOtherUserPersonalFolderTest" name="verifyFolderIsRenameWithlpt6" time="0.0">
    <ignored/>
  </testcase> <!-- verifyFolderIsRenameWithlpt6 -->
  <testcase classname="test.script.RenameOtherUserPersonalFolderTest" name="verifyFolderIsRenameWithCOM7" time="0.0">
    <ignored/>
  </testcase> <!-- verifyFolderIsRenameWithCOM7 -->
  <testcase classname="test.script.RenameOtherUserPersonalFolderTest" name="verifyFileIsRenameWithPRN" time="0.0">
    <ignored/>
  </testcase> <!-- verifyFileIsRenameWithPRN -->
  <testcase classname="test.script.RenameOtherUserPersonalFolderTest" name="verifyFolderIsRenameWithSnapshot" time="0.0">
    <ignored/>
  </testcase> <!-- verifyFolderIsRenameWithSnapshot -->
  <testcase classname="test.script.RenameOtherUserPersonalFolderTest" name="verifyFileIsRenameWithlpt2" time="0.0">
    <ignored/>
  </testcase> <!-- verifyFileIsRenameWithlpt2 -->
  <testcase classname="test.script.RenameOtherUserPersonalFolderTest" name="verifyFileIsRenameWithKanjiMultiByte85chars" time="0.0">
    <ignored/>
  </testcase> <!-- verifyFileIsRenameWithKanjiMultiByte85chars -->
  <testcase classname="test.script.RenameOtherUserPersonalFolderTest" name="verifyFileIsRenameWithcom7" time="0.0">
    <ignored/>
  </testcase> <!-- verifyFileIsRenameWithcom7 -->
  <testcase classname="test.script.RenameOtherUserPersonalFolderTest" name="verifyFolderIsRenameWithEnglishSinlgeByte85chars" time="0.0">
    <ignored/>
  </testcase> <!-- verifyFolderIsRenameWithEnglishSinlgeByte85chars -->
  <testcase classname="test.script.RenameOtherUserPersonalFolderTest" name="verifyFileIsRenameWithLPT7" time="0.0">
    <ignored/>
  </testcase> <!-- verifyFileIsRenameWithLPT7 -->
  <testcase classname="test.script.RenameOtherUserPersonalFolderTest" name="verifyFileIsRenameWithKataganaMultiByte85chars" time="0.0">
    <ignored/>
  </testcase> <!-- verifyFileIsRenameWithKataganaMultiByte85chars -->
  <testcase classname="test.script.RenameOtherUserPersonalFolderTest" name="verifyFileIsRenameWithCOM7" time="0.0">
    <ignored/>
  </testcase> <!-- verifyFileIsRenameWithCOM7 -->
  <testcase classname="test.script.RenameOtherUserPersonalFolderTest" name="verifyFolderIsRenameWithcom7" time="0.0">
    <ignored/>
  </testcase> <!-- verifyFolderIsRenameWithcom7 -->
  <testcase classname="test.script.RenameOtherUserPersonalFolderTest" name="verifyFolderIsRenameWithSNAPSHOT" time="0.0">
    <ignored/>
  </testcase> <!-- verifyFolderIsRenameWithSNAPSHOT -->
  <testcase classname="test.script.RenameOtherUserPersonalFolderTest" name="verifyFileIsRenameWithlpt7" time="0.0">
    <ignored/>
  </testcase> <!-- verifyFileIsRenameWithlpt7 -->
  <testcase classname="test.script.RenameOtherUserPersonalFolderTest" name="verifyFolderIsRenameWithKanjiMultiByte" time="0.0">
    <ignored/>
  </testcase> <!-- verifyFolderIsRenameWithKanjiMultiByte -->
  <testcase classname="test.script.RenameOtherUserPersonalFolderTest" name="verifyFileIsRenameWithLPT2" time="0.0">
    <ignored/>
  </testcase> <!-- verifyFileIsRenameWithLPT2 -->
  <testcase classname="test.script.RenameOtherUserPersonalFolderTest" name="verifyFileIsRenameWithKataganaSinlgeByte85chars" time="0.0">
    <ignored/>
  </testcase> <!-- verifyFileIsRenameWithKataganaSinlgeByte85chars -->
  <testcase classname="test.script.RenameOtherUserPersonalFolderTest" name="verifyFileIsRenameWithNumberSinlgeByte85chars" time="0.0">
    <ignored/>
  </testcase> <!-- verifyFileIsRenameWithNumberSinlgeByte85chars -->
  <testcase classname="test.script.RenameOtherUserPersonalFolderTest" name="verifyFolderIsRenameWithaux" time="0.0">
    <ignored/>
  </testcase> <!-- verifyFolderIsRenameWithaux -->
  <testcase classname="test.script.RenameOtherUserPersonalFolderTest" name="verifyFileIsRenameWithNumberMultiByte85chars" time="0.0">
    <ignored/>
  </testcase> <!-- verifyFileIsRenameWithNumberMultiByte85chars -->
  <testcase classname="test.script.RenameOtherUserPersonalFolderTest" name="verifyFolderIsRenameWithprn" time="0.0">
    <ignored/>
  </testcase> <!-- verifyFolderIsRenameWithprn -->
  <testcase classname="test.script.RenameOtherUserPersonalFolderTest" name="verifyFileIsRenameWithEnglishMultiByte85chars" time="0.0">
    <ignored/>
  </testcase> <!-- verifyFileIsRenameWithEnglishMultiByte85chars -->
  <testcase classname="test.script.RenameOtherUserPersonalFolderTest" name="verifyFileIsRenameWithSNAPSHOT" time="0.0">
    <ignored/>
  </testcase> <!-- verifyFileIsRenameWithSNAPSHOT -->
  <testcase classname="test.script.RenameOtherUserPersonalFolderTest" name="verifyFileIsRenameWithCOM4" time="0.0">
    <ignored/>
  </testcase> <!-- verifyFileIsRenameWithCOM4 -->
  <testcase classname="test.script.RenameOtherUserPersonalFolderTest" name="verifyFolderIsRenameWithlpt3" time="0.0">
    <ignored/>
  </testcase> <!-- verifyFolderIsRenameWithlpt3 -->
  <testcase classname="test.script.RenameOtherUserPersonalFolderTest" name="verifyFolderIsRenameWithCOM6" time="0.0">
    <ignored/>
  </testcase> <!-- verifyFolderIsRenameWithCOM6 -->
  <testcase classname="test.script.RenameOtherUserPersonalFolderTest" name="verifyFolderIsRenameWithSNAPSHOTS" time="0.0">
    <ignored/>
  </testcase> <!-- verifyFolderIsRenameWithSNAPSHOTS -->
  <testcase classname="test.script.RenameOtherUserPersonalFolderTest" name="verifyFileIsRenameWithcom6" time="0.0">
    <ignored/>
  </testcase> <!-- verifyFileIsRenameWithcom6 -->
  <testcase classname="test.script.RenameOtherUserPersonalFolderTest" name="verifyFolderIsRenameWithLPT1" time="0.0">
    <ignored/>
  </testcase> <!-- verifyFolderIsRenameWithLPT1 -->
  <testcase classname="test.script.RenameOtherUserPersonalFolderTest" name="verifyFileIsRenameWithAUX" time="0.0">
    <ignored/>
  </testcase> <!-- verifyFileIsRenameWithAUX -->
  <testcase classname="test.script.RenameOtherUserPersonalFolderTest" name="verifyFileIsRenameWithLPT8" time="0.0">
    <ignored/>
  </testcase> <!-- verifyFileIsRenameWithLPT8 -->
  <testcase classname="test.script.RenameOtherUserPersonalFolderTest" name="verifyFileIsRenameWithlpt1" time="0.0">
    <ignored/>
  </testcase> <!-- verifyFileIsRenameWithlpt1 -->
  <testcase classname="test.script.RenameOtherUserPersonalFolderTest" name="verifyFileIsRenameWithEnglishSinlgeByte85chars" time="0.0">
    <ignored/>
  </testcase> <!-- verifyFileIsRenameWithEnglishSinlgeByte85chars -->
  <testcase classname="test.script.RenameOtherUserPersonalFolderTest" name="verifyFolderIsRenameWithcom4" time="0.0">
    <ignored/>
  </testcase> <!-- verifyFolderIsRenameWithcom4 -->
  <testcase classname="test.script.RenameOtherUserPersonalFolderTest" name="verifyFolderIsRenameWithCOM1" time="0.0">
    <ignored/>
  </testcase> <!-- verifyFolderIsRenameWithCOM1 -->
  <testcase classname="test.script.RenameOtherUserPersonalFolderTest" name="verifyFolderIsRenameWithLPT9" time="0.0">
    <ignored/>
  </testcase> <!-- verifyFolderIsRenameWithLPT9 -->
  <testcase classname="test.script.RenameOtherUserPersonalFolderTest" name="verifyFileIsRenameWithNUL" time="0.0">
    <ignored/>
  </testcase> <!-- verifyFileIsRenameWithNUL -->
  <testcase classname="test.script.RenameOtherUserPersonalFolderTest" name="verifyFileIsRenameEndWithSpace" time="0.0">
    <ignored/>
  </testcase> <!-- verifyFileIsRenameEndWithSpace -->
  <testcase classname="test.script.RenameOtherUserPersonalFolderTest" name="verifyFileIsRenameWithSpecialcharsMultiByte85chars" time="0.0">
    <ignored/>
  </testcase> <!-- verifyFileIsRenameWithSpecialcharsMultiByte85chars -->
  <testcase classname="test.script.RenameOtherUserPersonalFolderTest" name="verifyFolderIsRenameWithForwardSlash" time="0.0">
    <ignored/>
  </testcase> <!-- verifyFolderIsRenameWithForwardSlash -->
  <testcase classname="test.script.RenameOtherUserPersonalFolderTest" name="verifyFolderIsRenameWithlpt8" time="0.0">
    <ignored/>
  </testcase> <!-- verifyFolderIsRenameWithlpt8 -->
  <testcase classname="test.script.RenameOtherUserPersonalFolderTest" name="verifyFolderIsRenameWithCOM9" time="0.0">
    <ignored/>
  </testcase> <!-- verifyFolderIsRenameWithCOM9 -->
  <testcase classname="test.script.RenameOtherUserPersonalFolderTest" name="verifyFileIsRenameWithCOM5" time="0.0">
    <ignored/>
  </testcase> <!-- verifyFileIsRenameWithCOM5 -->
  <testcase classname="test.script.RenameOtherUserPersonalFolderTest" name="verifyFolderIsRenameWithNumberSinlgeByte85chars" time="0.0">
    <ignored/>
  </testcase> <!-- verifyFolderIsRenameWithNumberSinlgeByte85chars -->
  <testcase classname="test.script.RenameOtherUserPersonalFolderTest" name="verifyFileIsRenameStartWithSpace" time="0.0">
    <ignored/>
  </testcase> <!-- verifyFileIsRenameStartWithSpace -->
  <testcase classname="test.script.RenameOtherUserPersonalFolderTest" name="verifyFolderIsRenameWithLPT0" time="0.0">
    <ignored/>
  </testcase> <!-- verifyFolderIsRenameWithLPT0 -->
  <testcase classname="test.script.RenameOtherUserPersonalFolderTest" name="verifyFileIsRenameWithlpt0" time="0.0">
    <ignored/>
  </testcase> <!-- verifyFileIsRenameWithlpt0 -->
  <testcase classname="test.script.RenameOtherUserPersonalFolderTest" name="verifyFileIsRenameWithsnapshot" time="0.0">
    <ignored/>
  </testcase> <!-- verifyFileIsRenameWithsnapshot -->
  <testcase classname="test.script.RenameOtherUserPersonalFolderTest" name="verifyFileIsRenameWithLPT5" time="0.0">
    <ignored/>
  </testcase> <!-- verifyFileIsRenameWithLPT5 -->
  <testcase classname="test.script.RenameOtherUserPersonalFolderTest" name="verifyFolderIsRenameWithCON" time="0.0">
    <ignored/>
  </testcase> <!-- verifyFolderIsRenameWithCON -->
  <testcase classname="test.script.RenameOtherUserPersonalFolderTest" name="verifyFileIsRenameWithlpt5" time="0.0">
    <ignored/>
  </testcase> <!-- verifyFileIsRenameWithlpt5 -->
  <testcase classname="test.script.RenameOtherUserPersonalFolderTest" name="verifyFileIsRenameWithLPT0" time="0.0">
    <ignored/>
  </testcase> <!-- verifyFileIsRenameWithLPT0 -->
  <testcase classname="test.script.RenameOtherUserPersonalFolderTest" name="verifyFolderIsRenameWithNumberMultiByte" time="0.0">
    <ignored/>
  </testcase> <!-- verifyFolderIsRenameWithNumberMultiByte -->
  <testcase classname="test.script.RenameOtherUserPersonalFolderTest" name="verifyFileIsRenameWithSnapshot" time="0.0">
    <ignored/>
  </testcase> <!-- verifyFileIsRenameWithSnapshot -->
  <testcase classname="test.script.RenameOtherUserPersonalFolderTest" name="verifyFolderIsRenameWithlpt0" time="0.0">
    <ignored/>
  </testcase> <!-- verifyFolderIsRenameWithlpt0 -->
  <testcase classname="test.script.RenameOtherUserPersonalFolderTest" name="verifyFolderIsRenameWithCOM0" time="0.0">
    <ignored/>
  </testcase> <!-- verifyFolderIsRenameWithCOM0 -->
  <testcase classname="test.script.RenameOtherUserPersonalFolderTest" name="verifyFolderIsRenameWithLPT8" time="0.0">
    <ignored/>
  </testcase> <!-- verifyFolderIsRenameWithLPT8 -->
  <testcase classname="test.script.RenameOtherUserPersonalFolderTest" name="verifyFolderIsRenameStartWithSpace" time="0.0">
    <ignored/>
  </testcase> <!-- verifyFolderIsRenameStartWithSpace -->
  <testcase classname="test.script.RenameOtherUserPersonalFolderTest" name="verifyFolderIsRenameWithcom5" time="0.0">
    <ignored/>
  </testcase> <!-- verifyFolderIsRenameWithcom5 -->
  <testcase classname="test.script.RenameOtherUserPersonalFolderTest" name="verifyFileIsRenameWithcom5" time="0.0">
    <ignored/>
  </testcase> <!-- verifyFileIsRenameWithcom5 -->
  <testcase classname="test.script.RenameOtherUserPersonalFolderTest" name="verifyFileIsRenameWithForwardSlash" time="0.0">
    <ignored/>
  </testcase> <!-- verifyFileIsRenameWithForwardSlash -->
  <testcase classname="test.script.RenameOtherUserPersonalFolderTest" name="verifyFolderIsRenameWithEnglishMultiByte" time="0.0">
    <ignored/>
  </testcase> <!-- verifyFolderIsRenameWithEnglishMultiByte -->
  <testcase classname="test.script.RenameOtherUserPersonalFolderTest" name="verifyFileIsRenameWithCOM2" time="0.0">
    <ignored/>
  </testcase> <!-- verifyFileIsRenameWithCOM2 -->
  <testcase classname="test.script.RenameOtherUserPersonalFolderTest" name="verifyFileIsRenameWithLPT6" time="0.0">
    <ignored/>
  </testcase> <!-- verifyFileIsRenameWithLPT6 -->
  <testcase classname="test.script.RenameOtherUserPersonalFolderTest" name="verifyFolderIsRenameWithlpt5" time="0.0">
    <ignored/>
  </testcase> <!-- verifyFolderIsRenameWithlpt5 -->
  <testcase classname="test.script.RenameOtherUserPersonalFolderTest" name="verifyFolderIsRenameWithCOM8" time="0.0">
    <ignored/>
  </testcase> <!-- verifyFolderIsRenameWithCOM8 -->
  <testcase classname="test.script.RenameOtherUserPersonalFolderTest" name="verifyFileIsRenameWithcon" time="0.0">
    <ignored/>
  </testcase> <!-- verifyFileIsRenameWithcon -->
  <testcase classname="test.script.RenameOtherUserPersonalFolderTest" name="verifyFileIsRenameWithclock$" time="0.0">
    <ignored/>
  </testcase> <!-- verifyFileIsRenameWithclock$ -->
  <testcase classname="test.script.RenameOtherUserPersonalFolderTest" name="verifyFileIsRenameEndWithDot" time="0.0">
    <ignored/>
  </testcase> <!-- verifyFileIsRenameEndWithDot -->
  <testcase classname="test.script.RenameOtherUserPersonalFolderTest" name="verifyFileIsRenameWithsnapshots" time="0.0">
    <ignored/>
  </testcase> <!-- verifyFileIsRenameWithsnapshots -->
  <testcase classname="test.script.RenameOtherUserPersonalFolderTest" name="verifyFileIsRenameWithlpt8" time="0.0">
    <ignored/>
  </testcase> <!-- verifyFileIsRenameWithlpt8 -->
  <testcase classname="test.script.RenameOtherUserPersonalFolderTest" name="verifyFolderIsRenameWithKataganaMultiByte" time="0.0">
    <ignored/>
  </testcase> <!-- verifyFolderIsRenameWithKataganaMultiByte -->
  <testcase classname="test.script.RenameOtherUserPersonalFolderTest" name="verifyFileIsRenameWithCON" time="0.0">
    <ignored/>
  </testcase> <!-- verifyFileIsRenameWithCON -->
  <testcase classname="test.script.RenameOtherUserPersonalFolderTest" name="verifyFolderIsRenameWithLPT7" time="0.0">
    <ignored/>
  </testcase> <!-- verifyFolderIsRenameWithLPT7 -->
  <testcase classname="test.script.RenameOtherUserPersonalFolderTest" name="verifyFolderIsRenameWithCLOCK$" time="0.0">
    <ignored/>
  </testcase> <!-- verifyFolderIsRenameWithCLOCK$ -->
  <testcase classname="test.script.RenameOtherUserPersonalFolderTest" name="verifyFolderIsRenameWithsnapshot" time="0.0">
    <ignored/>
  </testcase> <!-- verifyFolderIsRenameWithsnapshot -->
  <testcase classname="test.script.RenameOtherUserPersonalFolderTest" name="verifyFileIsRenameWithcom4" time="0.0">
    <ignored/>
  </testcase> <!-- verifyFileIsRenameWithcom4 -->
  <testcase classname="test.script.RenameOtherUserPersonalFolderTest" name="verifyFolderIsRenameWithCOM3" time="0.0">
    <ignored/>
  </testcase> <!-- verifyFolderIsRenameWithCOM3 -->
  <testcase classname="test.script.RenameOtherUserPersonalFolderTest" name="verifyFileIsRenameWithCOM3" time="0.0">
    <ignored/>
  </testcase> <!-- verifyFileIsRenameWithCOM3 -->
  <testcase classname="test.script.RenameOtherUserPersonalFolderTest" name="verifyFolderIsRenameWithPRN" time="0.0">
    <ignored/>
  </testcase> <!-- verifyFolderIsRenameWithPRN -->
  <testcase classname="test.script.RenameOtherUserPersonalFolderTest" name="verifyFolderIsRenameWithSpecialcharsMultiByte85chars" time="0.0">
    <ignored/>
  </testcase> <!-- verifyFolderIsRenameWithSpecialcharsMultiByte85chars -->
  <testcase classname="test.script.RenameOtherUserPersonalFolderTest" name="verifyFolderIsRenameWithcom2" time="0.0">
    <ignored/>
  </testcase> <!-- verifyFolderIsRenameWithcom2 -->
  <testcase classname="test.script.RenameOtherUserPersonalFolderTest" name="verifyFolderIsRenameWithEnglishSinlgeByte" time="0.0">
    <ignored/>
  </testcase> <!-- verifyFolderIsRenameWithEnglishSinlgeByte -->
  <testcase classname="test.script.RenameOtherUserPersonalFolderTest" name="verifyFolderIsRenameWithsnapshots" time="0.0">
    <ignored/>
  </testcase> <!-- verifyFolderIsRenameWithsnapshots -->
  <testcase classname="test.script.RenameOtherUserPersonalFolderTest" name="verifyFolderIsRenameWithNumberSinlgeByte" time="0.0">
    <ignored/>
  </testcase> <!-- verifyFolderIsRenameWithNumberSinlgeByte -->
  <testcase classname="test.script.RenameOtherUserPersonalFolderTest" name="verifyFileIsRenameWithcom3" time="0.0">
    <ignored/>
  </testcase> <!-- verifyFileIsRenameWithcom3 -->
  <testcase classname="test.script.RenameOtherUserPersonalFolderTest" name="verifyFileIsRenameWithSNAPSHOTS" time="0.0">
    <ignored/>
  </testcase> <!-- verifyFileIsRenameWithSNAPSHOTS -->
  <testcase classname="test.script.RenameOtherUserPersonalFolderTest" name="verifyFolderIsRenameWithLPT6" time="0.0">
    <ignored/>
  </testcase> <!-- verifyFolderIsRenameWithLPT6 -->
  <testcase classname="test.script.RenameOtherUserPersonalFolderTest" name="verifyFolderIsRenameWithlpt2" time="0.0">
    <ignored/>
  </testcase> <!-- verifyFolderIsRenameWithlpt2 -->
  <testcase classname="test.script.RenameOtherUserPersonalFolderTest" name="verifyFolderIsRenameWithCOM2" time="0.0">
    <ignored/>
  </testcase> <!-- verifyFolderIsRenameWithCOM2 -->
  <testcase classname="test.script.RenameOtherUserPersonalFolderTest" name="verifyFolderIsRenameWithcon" time="0.0">
    <ignored/>
  </testcase> <!-- verifyFolderIsRenameWithcon -->
  <testcase classname="test.script.RenameOtherUserPersonalFolderTest" name="verifyFileIsRenameWithCOM0" time="0.0">
    <ignored/>
  </testcase> <!-- verifyFileIsRenameWithCOM0 -->
  <testcase classname="test.script.RenameOtherUserPersonalFolderTest" name="verifyFolderIsRenameEndWithDot" time="0.0">
    <ignored/>
  </testcase> <!-- verifyFolderIsRenameEndWithDot -->
  <testcase classname="test.script.RenameOtherUserPersonalFolderTest" name="verifyFolderIsRenameWithlpt7" time="0.0">
    <ignored/>
  </testcase> <!-- verifyFolderIsRenameWithlpt7 -->
  <testcase classname="test.script.RenameOtherUserPersonalFolderTest" name="verifyFolderIsRenameWithKataganaSinlgeByte85chars" time="0.0">
    <ignored/>
  </testcase> <!-- verifyFolderIsRenameWithKataganaSinlgeByte85chars -->
  <testcase classname="test.script.RenameOtherUserPersonalFolderTest" name="verifyFolderIsRenameWithKanjiMultiByte85chars" time="0.0">
    <ignored/>
  </testcase> <!-- verifyFolderIsRenameWithKanjiMultiByte85chars -->
  <testcase classname="test.script.RenameOtherUserPersonalFolderTest" name="verifyFolderIsRenameWithNumberMultiByte85chars" time="0.0">
    <ignored/>
  </testcase> <!-- verifyFolderIsRenameWithNumberMultiByte85chars -->
  <testcase classname="test.script.RenameOtherUserPersonalFolderTest" name="verifyFileIsRenameWithnul" time="0.0">
    <ignored/>
  </testcase> <!-- verifyFileIsRenameWithnul -->
  <testcase classname="test.script.RenameOtherUserPersonalFolderTest" name="verifyFolderIsRenameWithcom3" time="0.0">
    <ignored/>
  </testcase> <!-- verifyFolderIsRenameWithcom3 -->
  <testcase classname="test.script.RenameOtherUserPersonalFolderTest" name="verifyFolderIsRenameWithHiraganaMultiByte85chars" time="0.0">
    <ignored/>
  </testcase> <!-- verifyFolderIsRenameWithHiraganaMultiByte85chars -->
  <testcase classname="test.script.RenameOtherUserPersonalFolderTest" name="verifyFileIsRenameWithLPT3" time="0.0">
    <ignored/>
  </testcase> <!-- verifyFileIsRenameWithLPT3 -->
  <testcase classname="test.script.RenameOtherUserPersonalFolderTest" name="verifyFolderIsRenameWithcom8" time="0.0">
    <ignored/>
  </testcase> <!-- verifyFolderIsRenameWithcom8 -->
  <testcase classname="test.script.RenameOtherUserPersonalFolderTest" name="verifyFileIsRenameWithaux" time="0.0">
    <ignored/>
  </testcase> <!-- verifyFileIsRenameWithaux -->
  <testcase classname="test.script.RenameOtherUserPersonalFolderTest" name="verifyFileIsRenameWithHiraganaMultiByte85chars" time="0.0">
    <ignored/>
  </testcase> <!-- verifyFileIsRenameWithHiraganaMultiByte85chars -->
  <testcase classname="test.script.RenameOtherUserPersonalFolderTest" name="verifyFolderIsRenameEndWithSpace" time="0.0">
    <ignored/>
  </testcase> <!-- verifyFolderIsRenameEndWithSpace -->
  <testcase classname="test.script.RenameOtherUserPersonalFolderTest" name="verifyFileIsRenamebutton" time="0.0">
    <ignored/>
  </testcase> <!-- verifyFileIsRenamebutton -->
  <testcase classname="test.script.RenameOtherUserPersonalFolderTest" name="verifyFileIsRenameWithCOM8" time="0.0">
    <ignored/>
  </testcase> <!-- verifyFileIsRenameWithCOM8 -->
  <testcase classname="test.script.RenameOtherUserPersonalFolderTest" name="verifyFileIsRenameWithlpt6" time="0.0">
    <ignored/>
  </testcase> <!-- verifyFileIsRenameWithlpt6 -->
  <testcase classname="test.script.RenameOtherUserPersonalFolderTest" name="verifyFileIsRenameWithcom2" time="0.0">
    <ignored/>
  </testcase> <!-- verifyFileIsRenameWithcom2 -->
  <testcase classname="test.script.RenameOtherUserPersonalFolderTest" name="verifyFolderIsRenameWithLPT5" time="0.0">
    <ignored/>
  </testcase> <!-- verifyFolderIsRenameWithLPT5 -->
  <testcase classname="test.script.RenameOtherUserPersonalFolderTest" name="verifyFileIsRenameWithcom9" time="0.0">
    <ignored/>
  </testcase> <!-- verifyFileIsRenameWithcom9 -->
  <testcase classname="test.script.RenameOtherUserPersonalFolderTest" name="verifyFileIsRenameWithCOM1" time="0.0">
    <ignored/>
  </testcase> <!-- verifyFileIsRenameWithCOM1 -->
  <testcase classname="test.script.RenameOtherUserPersonalFolderTest" name="verifyFolderIsRenameWithAUX" time="0.0">
    <ignored/>
  </testcase> <!-- verifyFolderIsRenameWithAUX -->
  <testcase classname="test.script.RenameOtherUserPersonalFolderTest" name="verifyFileIsRenameWithLPT9" time="0.0">
    <ignored/>
  </testcase> <!-- verifyFileIsRenameWithLPT9 -->
  <testcase classname="test.script.RenameOtherUserPersonalFolderTest" name="verifyFolderIsRenameWithKataganaSinlgeByte" time="0.0">
    <ignored/>
  </testcase> <!-- verifyFolderIsRenameWithKataganaSinlgeByte -->
  <testcase classname="test.script.RenameOtherUserPersonalFolderTest" name="verifyFolderIsRenameWithNUL" time="0.0">
    <ignored/>
  </testcase> <!-- verifyFolderIsRenameWithNUL -->
  <testcase classname="test.script.RenameOtherUserPersonalFolderTest" name="verifyFileIsRenameWithlpt4" time="0.0">
    <ignored/>
  </testcase> <!-- verifyFileIsRenameWithlpt4 -->
  <testcase classname="test.script.RenameOtherUserPersonalFolderTest" name="verifyFolderIsRenameWithcom0" time="0.0">
    <ignored/>
  </testcase> <!-- verifyFolderIsRenameWithcom0 -->
  <testcase classname="test.script.RenameOtherUserPersonalFolderTest" name="verifyFolderIsRenameWithlpt4" time="0.0">
    <ignored/>
  </testcase> <!-- verifyFolderIsRenameWithlpt4 -->
  <testcase classname="test.script.RenameOtherUserPersonalFolderTest" name="verifyFolderIsRenameWithCOM5" time="0.0">
    <ignored/>
  </testcase> <!-- verifyFolderIsRenameWithCOM5 -->
  <testcase classname="test.script.RenameOtherUserPersonalFolderTest" name="verifyFolderIsRenameWithBackSlash" time="0.0">
    <ignored/>
  </testcase> <!-- verifyFolderIsRenameWithBackSlash -->
  <testcase classname="test.script.RenameOtherUserPersonalFolderTest" name="verifyFileIsRenameWithCLOCK$" time="0.0">
    <ignored/>
  </testcase> <!-- verifyFileIsRenameWithCLOCK$ -->
  <testcase classname="test.script.RenameOtherUserPersonalFolderTest" name="verifyFileIsRenameWithLPT4" time="0.0">
    <ignored/>
  </testcase> <!-- verifyFileIsRenameWithLPT4 -->
  <testcase classname="test.script.RenameOtherUserPersonalFolderTest" name="verifyFolderIsRenameWithLPT4" time="0.0">
    <ignored/>
  </testcase> <!-- verifyFolderIsRenameWithLPT4 -->
  <testcase classname="test.script.RenameOtherUserPersonalFolderTest" name="verifyFolderIsRenameWithcom9" time="0.0">
    <ignored/>
  </testcase> <!-- verifyFolderIsRenameWithcom9 -->
  <testcase classname="test.script.RenameOtherUserPersonalFolderTest" name="verifyFileIsRenameWithlpt9" time="0.0">
    <ignored/>
  </testcase> <!-- verifyFileIsRenameWithlpt9 -->
  <testcase classname="test.script.RenameOtherUserPersonalFolderTest" name="verifyFileIsRenameWithBackSlash" time="0.0">
    <ignored/>
  </testcase> <!-- verifyFileIsRenameWithBackSlash -->
  <testcase classname="test.script.RenameOtherUserPersonalFolderTest" name="verifyFolderIsRenameWithnul" time="0.0">
    <ignored/>
  </testcase> <!-- verifyFolderIsRenameWithnul -->
  <testcase classname="test.script.RenameOtherUserPersonalFolderTest" name="verifyFileIsRenameWithprn" time="0.0">
    <ignored/>
  </testcase> <!-- verifyFileIsRenameWithprn -->
  <testcase classname="test.script.RenameOtherUserPersonalFolderTest" name="verifyFileIsRenameWithcom1" time="0.0">
    <ignored/>
  </testcase> <!-- verifyFileIsRenameWithcom1 -->
  <testcase classname="test.script.RenameOtherUserPersonalFolderTest" name="verifyFileIsRenameWithCOM9" time="0.0">
    <ignored/>
  </testcase> <!-- verifyFileIsRenameWithCOM9 -->
  <testcase classname="test.script.RenameOtherUserPersonalFolderTest" name="verifyFolderIsRenameWithCOM4" time="0.0">
    <ignored/>
  </testcase> <!-- verifyFolderIsRenameWithCOM4 -->
  <testcase classname="test.script.RenameOtherUserPersonalFolderTest" name="verifyFileIsRenameWithcom8" time="0.0">
    <ignored/>
  </testcase> <!-- verifyFileIsRenameWithcom8 -->
  <testcase classname="test.script.RenameOtherUserPersonalFolderTest" name="verifyFolderIsRenameWithEnglishMultiByte85chars" time="0.0">
    <ignored/>
  </testcase> <!-- verifyFolderIsRenameWithEnglishMultiByte85chars -->
  <testcase classname="test.script.RenameOtherUserPersonalFolderTest" name="verifyFolderIsRenameWithlpt9" time="0.0">
    <ignored/>
  </testcase> <!-- verifyFolderIsRenameWithlpt9 -->
  <testcase classname="test.script.RenameOtherUserPersonalFolderTest" name="verifyFolderIsRenameWithcom1" time="0.0">
    <ignored/>
  </testcase> <!-- verifyFolderIsRenameWithcom1 -->
  <testcase classname="test.script.RenameOtherUserPersonalFolderTest" name="verifyFolderIsRenameWithclock$" time="0.0">
    <ignored/>
  </testcase> <!-- verifyFolderIsRenameWithclock$ -->
  <testcase classname="test.script.RenameOtherUserPersonalFolderTest" name="verifyFolderIsRenameWithKataganaMultiByte85chars" time="0.0">
    <ignored/>
  </testcase> <!-- verifyFolderIsRenameWithKataganaMultiByte85chars -->
  <testcase classname="test.script.RenameOtherUserPersonalFolderTest" name="verifyFolderIsRenameWithSpecialcharsMultiByte" time="0.0">
    <ignored/>
  </testcase> <!-- verifyFolderIsRenameWithSpecialcharsMultiByte -->
  <testcase classname="test.script.RenameOtherUserPersonalFolderTest" name="verifyFolderIsRenameWithHiraganaMultiByte" time="0.0">
    <ignored/>
  </testcase> <!-- verifyFolderIsRenameWithHiraganaMultiByte -->
  <testcase classname="test.script.RenameOtherUserPersonalFolderTest" name="verifyFileIsRenameWithlpt3" time="0.0">
    <ignored/>
  </testcase> <!-- verifyFileIsRenameWithlpt3 -->
  <testcase classname="test.script.RenameOtherUserPersonalFolderTest" name="verifyFileIsRenameWithLPT1" time="0.0">
    <ignored/>
  </testcase> <!-- verifyFileIsRenameWithLPT1 -->
  <testcase classname="test.script.RenameOtherUserPersonalFolderTest" name="verifyFolderIsRenameWithcom6" time="0.0">
    <ignored/>
  </testcase> <!-- verifyFolderIsRenameWithcom6 -->
  <testcase classname="test.script.RenameOtherUserPersonalFolderTest" name="verifyFileIsRenameWithcom0" time="0.0">
    <ignored/>
  </testcase> <!-- verifyFileIsRenameWithcom0 -->
  <testcase classname="test.script.RenameOtherUserPersonalFolderTest" name="verifyFolderIsRenameWithLPT3" time="0.0">
    <ignored/>
  </testcase> <!-- verifyFolderIsRenameWithLPT3 -->
  <testcase classname="test.script.RenameOtherUserPersonalFolderTest" name="verifyFileIsRenameWithCOM6" time="0.0">
    <ignored/>
  </testcase> <!-- verifyFileIsRenameWithCOM6 -->
  <testcase classname="test.script.RenameOtherUserPersonalFolderTest" name="verifyFolderIsRenameWithlpt1" time="0.0">
    <ignored/>
  </testcase> <!-- verifyFolderIsRenameWithlpt1 -->
</testsuite> <!-- Test1(failed)(failed)(failed) -->
